#
# There is insufficient memory for the Java Runtime Environment to continue.
# Native memory allocation (mmap) failed to map 130023424 bytes for G1 virtual space
# Possible reasons:
#   The system is out of physical RAM or swap space
#   The process is running with CompressedOops enabled, and the Java Heap may be blocking the growth of the native heap
# Possible solutions:
#   Reduce memory load on the system
#   Increase physical memory or swap space
#   Check if swap backing store is full
#   Decrease Java heap size (-Xmx/-Xms)
#   Decrease number of Java threads
#   Decrease Java thread stack sizes (-Xss)
#   Set larger code cache with -XX:ReservedCodeCacheSize=
#   JVM is running with Unscaled Compressed Oops mode in which the Java heap is
#     placed in the first 4GB address space. The Java Heap base address is the
#     maximum limit for the native heap growth. Please use -XX:HeapBaseMinAddress
#     to set the Java Heap base and to place the Java Heap above 4GB virtual address.
# This output file may be truncated or incomplete.
#
#  Out of Memory Error (os_windows.cpp:3527), pid=17024, tid=16448
#
# JRE version:  (19.0.1+10) (build )
# Java VM: OpenJDK 64-Bit Server VM (19.0.1+10-21, mixed mode, sharing, tiered, compressed oops, compressed class ptrs, g1 gc, windows-amd64)
# No core dump will be written. Minidumps are not enabled by default on client versions of Windows
#

---------------  S U M M A R Y ------------

Command Line: -javaagent:C:\Program Files\JetBrains\IntelliJ IDEA Community Edition 2022.2.4\lib\idea_rt.jar=60069:C:\Program Files\JetBrains\IntelliJ IDEA Community Edition 2022.2.4\bin -Dfile.encoding=UTF-8 -Dsun.stdout.encoding=UTF-8 -Dsun.stderr.encoding=UTF-8 Main

Host: 11th Gen Intel(R) Core(TM) i5-1135G7 @ 2.40GHz, 8 cores, 7G,  Windows 11 , 64 bit Build 22621 (10.0.22621.1485)
Time: Mon Apr 17 13:33:12 2023 Pakistan Standard Time elapsed time: 0.015077 seconds (0d 0h 0m 0s)

---------------  T H R E A D  ---------------

Current thread (0x000001f34ee5f8f0):  JavaThread "Unknown thread" [_thread_in_vm, id=16448, stack(0x0000000ba9b00000,0x0000000ba9c00000)]

Stack: [0x0000000ba9b00000,0x0000000ba9c00000]
Native frames: (J=compiled Java code, j=interpreted, Vv=VM code, C=native code)
V  [jvm.dll+0x6ee8fa]
V  [jvm.dll+0x857a1e]
V  [jvm.dll+0x85940e]
V  [jvm.dll+0x859ac3]
V  [jvm.dll+0x28291f]
V  [jvm.dll+0x6eb6e9]
V  [jvm.dll+0x6e028a]
V  [jvm.dll+0x357136]
V  [jvm.dll+0x35eb96]
V  [jvm.dll+0x3b555e]
V  [jvm.dll+0x3b578f]
V  [jvm.dll+0x32c6ea]
V  [jvm.dll+0x32d59e]
V  [jvm.dll+0x821b20]
V  [jvm.dll+0x3c27c1]
V  [jvm.dll+0x8022f1]
V  [jvm.dll+0x44b30f]
V  [jvm.dll+0x44cc91]
C  [jli.dll+0x5287]
C  [ucrtbase.dll+0x29363]
C  [KERNEL32.DLL+0x1269d]
C  [ntdll.dll+0x5a9f8]


---------------  P R O C E S S  ---------------

Threads class SMR info:
_java_thread_list=0x00007ffbc8f1d048, length=0, elements={
}

Java Threads: ( => current thread )

Other Threads:
  0x000001f34eebc940 WorkerThread "GC Thread#0" [stack: 0x0000000ba9c00000,0x0000000ba9d00000] [id=1468]
  0x000001f34eeccab0 ConcurrentGCThread "G1 Main Marker" [stack: 0x0000000ba9d00000,0x0000000ba9e00000] [id=19304]
  0x000001f34cd4dca0 WorkerThread "G1 Conc#0" [stack: 0x0000000ba9e00000,0x0000000ba9f00000] [id=9816]

[error occurred during error reporting (printing all threads), id 0xc0000005, EXCEPTION_ACCESS_VIOLATION (0xc0000005) at pc=0x00007ffbc86dd127]

VM state: not at safepoint (not fully initialized)

VM Mutex/Monitor currently owned by a thread:  ([mutex/lock_event])
[0x000001f34ee5a730] Heap_lock - owner thread: 0x000001f34ee5f8f0

Heap address: 0x0000000084400000, size: 1980 MB, Compressed Oops mode: 32-bit

CDS archive(s) mapped at: [0x0000000000000000-0x0000000000000000-0x0000000000000000), size 0, SharedBaseAddress: 0x0000000800000000, ArchiveRelocationMode: 0.
Narrow klass base: 0x0000000000000000, Narrow klass shift: 0, Narrow klass range: 0x0

GC Precious Log:
 CardTable entry size: 512
 Card Set container configuration: InlinePtr #cards 5 size 8 Array Of Cards #cards 12 size 40 Howl #buckets 4 coarsen threshold 1843 Howl Bitmap #cards 512 size 80 coarsen threshold 460 Card regions per heap region 1 cards per card region 2048

Heap:
 garbage-first heap   total 0K, used 0K [0x0000000084400000, 0x0000000100000000)
  region size 1024K, 0 young (0K), 0 survivors (0K)

[error occurred during error reporting (printing heap information), id 0xc0000005, EXCEPTION_ACCESS_VIOLATION (0xc0000005) at pc=0x00007ffbc8ae6959]

GC Heap History (0 events):
No events

Dll operation events (1 events):
Event: 0.010 Loaded shared library C:\Users\Umar Shahid\.jdks\openjdk-19.0.1\bin\java.dll

Deoptimization events (0 events):
No events

Classes loaded (0 events):
No events

Classes unloaded (0 events):
No events

Classes redefined (0 events):
No events

Internal exceptions (0 events):
No events

VM Operations (0 events):
No events

Events (0 events):
No events


Dynamic libraries:
0x00007ff7360d0000 - 0x00007ff7360de000 	C:\Users\Umar Shahid\.jdks\openjdk-19.0.1\bin\java.exe
0x00007ffc38cf0000 - 0x00007ffc38f04000 	C:\WINDOWS\SYSTEM32\ntdll.dll
0x00007ffc37970000 - 0x00007ffc37a32000 	C:\WINDOWS\System32\KERNEL32.DLL
0x00007ffc362d0000 - 0x00007ffc3666c000 	C:\WINDOWS\System32\KERNELBASE.dll
0x00007ffc36780000 - 0x00007ffc36891000 	C:\WINDOWS\System32\ucrtbase.dll
0x00007ffc1cf60000 - 0x00007ffc1cf77000 	C:\Users\Umar Shahid\.jdks\openjdk-19.0.1\bin\jli.dll
0x00007ffc1cf80000 - 0x00007ffc1cf9b000 	C:\Users\Umar Shahid\.jdks\openjdk-19.0.1\bin\VCRUNTIME140.dll
0x00007ffc36b00000 - 0x00007ffc36cab000 	C:\WINDOWS\System32\USER32.dll
0x00007ffc107f0000 - 0x00007ffc10a7e000 	C:\WINDOWS\WinSxS\amd64_microsoft.windows.common-controls_6595b64144ccf1df_6.0.22621.608_none_a9444ca7c10bb01d\COMCTL32.dll
0x00007ffc362a0000 - 0x00007ffc362c6000 	C:\WINDOWS\System32\win32u.dll
0x00007ffc36e70000 - 0x00007ffc36f17000 	C:\WINDOWS\System32\msvcrt.dll
0x00007ffc38b60000 - 0x00007ffc38b89000 	C:\WINDOWS\System32\GDI32.dll
0x00007ffc36960000 - 0x00007ffc36a73000 	C:\WINDOWS\System32\gdi32full.dll
0x00007ffc366e0000 - 0x00007ffc3677a000 	C:\WINDOWS\System32\msvcp_win.dll
0x00007ffc389e0000 - 0x00007ffc38a11000 	C:\WINDOWS\System32\IMM32.DLL
0x00007ffc281d0000 - 0x00007ffc281dc000 	C:\Users\Umar Shahid\.jdks\openjdk-19.0.1\bin\vcruntime140_1.dll
0x00007ffbe1060000 - 0x00007ffbe10ee000 	C:\Users\Umar Shahid\.jdks\openjdk-19.0.1\bin\msvcp140.dll
0x00007ffbc83a0000 - 0x00007ffbc9060000 	C:\Users\Umar Shahid\.jdks\openjdk-19.0.1\bin\server\jvm.dll
0x00007ffc36cc0000 - 0x00007ffc36d6e000 	C:\WINDOWS\System32\ADVAPI32.dll
0x00007ffc37f40000 - 0x00007ffc37fe4000 	C:\WINDOWS\System32\sechost.dll
0x00007ffc38a40000 - 0x00007ffc38b57000 	C:\WINDOWS\System32\RPCRT4.dll
0x00007ffc31030000 - 0x00007ffc31039000 	C:\WINDOWS\SYSTEM32\WSOCK32.dll
0x00007ffc2def0000 - 0x00007ffc2df24000 	C:\WINDOWS\SYSTEM32\WINMM.dll
0x00007ffc372d0000 - 0x00007ffc37341000 	C:\WINDOWS\System32\WS2_32.dll
0x00007ffc2b430000 - 0x00007ffc2b43a000 	C:\WINDOWS\SYSTEM32\VERSION.dll
0x00007ffc35230000 - 0x00007ffc35248000 	C:\WINDOWS\SYSTEM32\kernel.appcore.dll
0x00007ffc22500000 - 0x00007ffc2250a000 	C:\Users\Umar Shahid\.jdks\openjdk-19.0.1\bin\jimage.dll
0x00007ffc33a00000 - 0x00007ffc33c2e000 	C:\WINDOWS\SYSTEM32\DBGHELP.DLL
0x00007ffc36f40000 - 0x00007ffc372c9000 	C:\WINDOWS\System32\combase.dll
0x00007ffc37830000 - 0x00007ffc37907000 	C:\WINDOWS\System32\OLEAUT32.dll
0x00007ffc1cd30000 - 0x00007ffc1cd62000 	C:\WINDOWS\SYSTEM32\dbgcore.DLL
0x00007ffc36a80000 - 0x00007ffc36afb000 	C:\WINDOWS\System32\bcryptPrimitives.dll
0x00007ffc20790000 - 0x00007ffc2079e000 	C:\Users\Umar Shahid\.jdks\openjdk-19.0.1\bin\instrument.dll
0x00007ffc119d0000 - 0x00007ffc119f6000 	C:\Users\Umar Shahid\.jdks\openjdk-19.0.1\bin\java.dll

dbghelp: loaded successfully - version: 4.0.5 - missing functions: none
symbol engine: initialized successfully - sym options: 0x614 - pdb path: .;C:\Users\Umar Shahid\.jdks\openjdk-19.0.1\bin;C:\WINDOWS\SYSTEM32;C:\WINDOWS\WinSxS\amd64_microsoft.windows.common-controls_6595b64144ccf1df_6.0.22621.608_none_a9444ca7c10bb01d;C:\Users\Umar Shahid\.jdks\openjdk-19.0.1\bin\server

VM Arguments:
jvm_args: -javaagent:C:\Program Files\JetBrains\IntelliJ IDEA Community Edition 2022.2.4\lib\idea_rt.jar=60069:C:\Program Files\JetBrains\IntelliJ IDEA Community Edition 2022.2.4\bin -Dfile.encoding=UTF-8 -Dsun.stdout.encoding=UTF-8 -Dsun.stderr.encoding=UTF-8 
java_command: Main
java_class_path (initial): E:\Data Structures and Algorithm\MidLabDSA\out\production\MidLabDSA
Launcher Type: SUN_STANDARD

[Global flags]
     intx CICompilerCount                          = 4                                         {product} {ergonomic}
     uint ConcGCThreads                            = 2                                         {product} {ergonomic}
     uint G1ConcRefinementThreads                  = 8                                         {product} {ergonomic}
   size_t G1HeapRegionSize                         = 1048576                                   {product} {ergonomic}
    uintx GCDrainStackTargetSize                   = 64                                        {product} {ergonomic}
   size_t InitialHeapSize                          = 130023424                                 {product} {ergonomic}
   size_t MarkStackSize                            = 4194304                                   {product} {ergonomic}
   size_t MaxHeapSize                              = 2076180480                                {product} {ergonomic}
   size_t MinHeapDeltaBytes                        = 1048576                                   {product} {ergonomic}
   size_t MinHeapSize                              = 8388608                                   {product} {ergonomic}
    uintx NonNMethodCodeHeapSize                   = 5839372                                {pd product} {ergonomic}
    uintx NonProfiledCodeHeapSize                  = 122909434                              {pd product} {ergonomic}
    uintx ProfiledCodeHeapSize                     = 122909434                              {pd product} {ergonomic}
    uintx ReservedCodeCacheSize                    = 251658240                              {pd product} {ergonomic}
     bool SegmentedCodeCache                       = true                                      {product} {ergonomic}
   size_t SoftMaxHeapSize                          = 2076180480                             {manageable} {ergonomic}
     bool UseCompressedClassPointers               = true                           {product lp64_product} {ergonomic}
     bool UseCompressedOops                        = true                           {product lp64_product} {ergonomic}
     bool UseG1GC                                  = true                                      {product} {ergonomic}
     bool UseLargePagesIndividualAllocation        = false                                  {pd product} {ergonomic}

Logging:
Log output configuration:
 #0: stdout all=warning uptime,level,tags foldmultilines=false
 #1: stderr all=off uptime,level,tags foldmultilines=false

Environment Variables:
JAVA_HOME=C:\Program Files\Java\jdk-19
PATH=C:\Program Files\Common Files\Oracle\Java\javapath;C:\WINDOWS\system32;C:\WINDOWS;C:\WINDOWS\System32\Wbem;C:\WINDOWS\System32\WindowsPowerShell\v1.0\;C:\WINDOWS\System32\OpenSSH\;C:\Program Files (x86)\NVIDIA Corporation\PhysX\Common;C:\Program Files\NVIDIA Corporation\NVIDIA NvDLISR;C:\Program Files\Java\jdk-19\bin;C:\Program Files\dotnet\;C:\Program Files\nodejs\;C:\Program Files\Azure Data Studio\bin;C:\Program Files (x86)\Microsoft SQL Server\160\Tools\Binn\;C:\Program Files\Microsoft SQL Server\160\Tools\Binn\;C:\Program Files\Microsoft SQL Server\Client SDK\ODBC\170\Tools\Binn\;C:\Program Files\Microsoft SQL Server\160\DTS\Binn\;C:\Program Files (x86)\Microsoft SQL Server\160\DTS\Binn\;C:\MinGW\bin;;%SystemRoot%\system32;%SystemRoot%;%SystemRoot%\System32\Wbem;%SYSTEMROOT%\System32\WindowsPowerShell\v1.0\;%SYSTEMROOT%\System32\OpenSSH\;C:\Users\Umar Shahid\AppData\Local\Microsoft\WindowsApps;C:\Users\Umar Shahid\AppData\Local\Programs\Microsoft VS Code\bin;C:\msys64\mingw64\bin;C:\Program Files\JetBrains\IntelliJ IDEA Community Edition 2022.2.4\bin;;C:\Users\Umar Shahid\AppData\Local\GitHubDesktop\bin;C:\Users\Umar Shahid\AppData\Roaming\npm;C:\Program Files\Azure Data Studio\bin;
USERNAME=Umar Shahid
OS=Windows_NT
PROCESSOR_IDENTIFIER=Intel64 Family 6 Model 140 Stepping 1, GenuineIntel
TMP=C:\Users\UMARSH~1\AppData\Local\Temp
TEMP=C:\Users\UMARSH~1\AppData\Local\Temp



---------------  S Y S T E M  ---------------

OS:
 Windows 11 , 64 bit Build 22621 (10.0.22621.1485)
OS uptime: 2 days 7:39 hours
Hyper-V role detected

CPU: total 8 (initial active 8) (4 cores per cpu, 2 threads per core) family 6 model 140 stepping 1 microcode 0xa4, cx8, cmov, fxsr, ht, mmx, 3dnowpref, sse, sse2, sse3, ssse3, sse4.1, sse4.2, popcnt, lzcnt, tsc, tscinvbit, avx, avx2, aes, erms, clmul, bmi1, bmi2, adx, avx512f, avx512dq, avx512cd, avx512bw, avx512vl, sha, fma, vzeroupper, avx512_vpopcntdq, avx512_vpclmulqdq, avx512_vaes, avx512_vnni, clflush, clflushopt, clwb, avx512_vbmi2, avx512_vbmi, hv, rdtscp, rdpid, fsrm, gfni, avx512_bitalg

Memory: 4k page, system-wide physical 7918M (227M free)
TotalPageFile size 10740M (AvailPageFile size 48M)
current process WorkingSet (physical memory assigned to process): 11M, peak: 11M
current process commit charge ("private bytes"): 60M, peak: 184M

vm_info: OpenJDK 64-Bit Server VM (19.0.1+10-21) for windows-amd64 JRE (19.0.1+10-21), built on 2022-09-14T12:45:06Z by "mach5one" with MS VC++ 17.1 (VS2022)

END.
