#
# There is insufficient memory for the Java Runtime Environment to continue.
# Native memory allocation (malloc) failed to allocate 257680 bytes for Chunk::new
# Possible reasons:
#   The system is out of physical RAM or swap space
#   The process is running with CompressedOops enabled, and the Java Heap may be blocking the growth of the native heap
# Possible solutions:
#   Reduce memory load on the system
#   Increase physical memory or swap space
#   Check if swap backing store is full
#   Decrease Java heap size (-Xmx/-Xms)
#   Decrease number of Java threads
#   Decrease Java thread stack sizes (-Xss)
#   Set larger code cache with -XX:ReservedCodeCacheSize=
#   JVM is running with Unscaled Compressed Oops mode in which the Java heap is
#     placed in the first 4GB address space. The Java Heap base address is the
#     maximum limit for the native heap growth. Please use -XX:HeapBaseMinAddress
#     to set the Java Heap base and to place the Java Heap above 4GB virtual address.
# This output file may be truncated or incomplete.
#
#  Out of Memory Error (arena.cpp:189), pid=6412, tid=18856
#
# JRE version: OpenJDK Runtime Environment Temurin-17.0.6+10 (17.0.6+10) (build 17.0.6+10)
# Java VM: OpenJDK 64-Bit Server VM Temurin-17.0.6+10 (17.0.6+10, mixed mode, tiered, compressed oops, compressed class ptrs, parallel gc, windows-amd64)
# No core dump will be written. Minidumps are not enabled by default on client versions of Windows
#

---------------  S U M M A R Y ------------

Command Line: --add-modules=ALL-SYSTEM --add-opens=java.base/java.util=ALL-UNNAMED --add-opens=java.base/java.lang=ALL-UNNAMED --add-opens=java.base/sun.nio.fs=ALL-UNNAMED -Declipse.application=org.eclipse.jdt.ls.core.id1 -Dosgi.bundles.defaultStartLevel=4 -Declipse.product=org.eclipse.jdt.ls.core.product -Djava.import.generatesMetadataFilesAtProjectRoot=false -Dfile.encoding=utf8 -XX:+UseParallelGC -XX:GCTimeRatio=4 -XX:AdaptiveSizePolicyWeight=90 -Dsun.zip.disableMemoryMapping=true -Xmx1G -Xms100m -Xlog:disable -javaagent:c:\Users\Umar Shahid\.vscode\extensions\redhat.java-1.17.0-win32-x64\lombok\lombok-1.18.24.jar c:\Users\Umar Shahid\.vscode\extensions\redhat.java-1.17.0-win32-x64\server\plugins\org.eclipse.equinox.launcher_1.6.400.v20210924-0641.jar -configuration c:\Users\Umar Shahid\AppData\Roaming\Code\User\globalStorage\redhat.java\1.17.0\config_ss_win -data c:\Users\Umar Shahid\AppData\Roaming\Code\User\workspaceStorage\254a5d1af8fb8ae17df4ac4ef9a3ae7a\redhat.java\ss_ws

Host: 11th Gen Intel(R) Core(TM) i5-1135G7 @ 2.40GHz, 8 cores, 7G,  Windows 11 , 64 bit Build 22621 (10.0.22621.1485)
Time: Fri Apr 28 19:12:04 2023 Pakistan Standard Time elapsed time: 1.904709 seconds (0d 0h 0m 1s)

---------------  T H R E A D  ---------------

Current thread (0x000002495c2980e0):  JavaThread "C2 CompilerThread0" daemon [_thread_in_native, id=18856, stack(0x000000f750f00000,0x000000f751000000)]


Current CompileTask:
C2:   1904 2050       4       java.util.Properties::loadConvert (540 bytes)

Stack: [0x000000f750f00000,0x000000f751000000]
Native frames: (J=compiled Java code, j=interpreted, Vv=VM code, C=native code)
V  [jvm.dll+0x67741a]
V  [jvm.dll+0x834434]
V  [jvm.dll+0x835bde]
V  [jvm.dll+0x836243]
V  [jvm.dll+0x2457b5]
V  [jvm.dll+0xabafc]
V  [jvm.dll+0xac0cc]
V  [jvm.dll+0x3634e7]
V  [jvm.dll+0x32dda1]
V  [jvm.dll+0x32d24a]
V  [jvm.dll+0x2185f1]
V  [jvm.dll+0x217a11]
V  [jvm.dll+0x1a3d0d]
V  [jvm.dll+0x22742a]
V  [jvm.dll+0x225565]
V  [jvm.dll+0x7ea2cb]
V  [jvm.dll+0x7e483a]
V  [jvm.dll+0x6762c5]
C  [ucrtbase.dll+0x29363]
C  [KERNEL32.DLL+0x1269d]
C  [ntdll.dll+0x5a9f8]


---------------  P R O C E S S  ---------------

Threads class SMR info:
_java_thread_list=0x000002495d83dc30, length=18, elements={
0x000002494697def0, 0x0000024946a33540, 0x0000024946a34920, 0x000002495a7fe3f0,
0x000002495c28cf20, 0x000002495c28df80, 0x000002495c290ff0, 0x000002495c2980e0,
0x000002495c299640, 0x000002495c29c730, 0x000002495c36a040, 0x000002495c54e1e0,
0x000002495d92fcd0, 0x000002495d478c70, 0x000002495d9b3600, 0x000002495d7bc2e0,
0x000002495e45b8e0, 0x000002495d8da2d0
}

Java Threads: ( => current thread )
  0x000002494697def0 JavaThread "main" [_thread_blocked, id=21444, stack(0x000000f750600000,0x000000f750700000)]
  0x0000024946a33540 JavaThread "Reference Handler" daemon [_thread_blocked, id=29752, stack(0x000000f750900000,0x000000f750a00000)]
  0x0000024946a34920 JavaThread "Finalizer" daemon [_thread_blocked, id=29916, stack(0x000000f750a00000,0x000000f750b00000)]
  0x000002495a7fe3f0 JavaThread "Signal Dispatcher" daemon [_thread_blocked, id=7200, stack(0x000000f750b00000,0x000000f750c00000)]
  0x000002495c28cf20 JavaThread "Attach Listener" daemon [_thread_blocked, id=9916, stack(0x000000f750c00000,0x000000f750d00000)]
  0x000002495c28df80 JavaThread "Service Thread" daemon [_thread_blocked, id=37900, stack(0x000000f750d00000,0x000000f750e00000)]
  0x000002495c290ff0 JavaThread "Monitor Deflation Thread" daemon [_thread_blocked, id=36140, stack(0x000000f750e00000,0x000000f750f00000)]
=>0x000002495c2980e0 JavaThread "C2 CompilerThread0" daemon [_thread_in_native, id=18856, stack(0x000000f750f00000,0x000000f751000000)]
  0x000002495c299640 JavaThread "C1 CompilerThread0" daemon [_thread_blocked, id=38692, stack(0x000000f751000000,0x000000f751100000)]
  0x000002495c29c730 JavaThread "Sweeper thread" daemon [_thread_blocked, id=22940, stack(0x000000f751100000,0x000000f751200000)]
  0x000002495c36a040 JavaThread "Common-Cleaner" daemon [_thread_blocked, id=35524, stack(0x000000f751200000,0x000000f751300000)]
  0x000002495c54e1e0 JavaThread "Notification Thread" daemon [_thread_blocked, id=41412, stack(0x000000f751300000,0x000000f751400000)]
  0x000002495d92fcd0 JavaThread "Active Thread: Equinox Container: 051a2b8d-ef95-4378-95e1-73fdf1f0abda" [_thread_blocked, id=14508, stack(0x000000f751b00000,0x000000f751c00000)]
  0x000002495d478c70 JavaThread "Framework Event Dispatcher: Equinox Container: 051a2b8d-ef95-4378-95e1-73fdf1f0abda" daemon [_thread_blocked, id=34848, stack(0x000000f751c00000,0x000000f751d00000)]
  0x000002495d9b3600 JavaThread "Start Level: Equinox Container: 051a2b8d-ef95-4378-95e1-73fdf1f0abda" daemon [_thread_blocked, id=15220, stack(0x000000f751d00000,0x000000f751e00000)]
  0x000002495d7bc2e0 JavaThread "SCR Component Actor" daemon [_thread_blocked, id=3160, stack(0x000000f751e00000,0x000000f751f00000)]
  0x000002495e45b8e0 JavaThread "SCR Component Registry" daemon [_thread_blocked, id=39256, stack(0x000000f752000000,0x000000f752100000)]
  0x000002495d8da2d0 JavaThread "Worker-JM" [_thread_blocked, id=37396, stack(0x000000f752100000,0x000000f752200000)]

Other Threads:
  0x000002495a7f9d20 VMThread "VM Thread" [stack: 0x000000f750800000,0x000000f750900000] [id=18964]
  0x000002495c4c2440 WatcherThread [stack: 0x000000f751400000,0x000000f751500000] [id=39908]
  0x0000024946993390 GCTaskThread "GC Thread#0" [stack: 0x000000f750700000,0x000000f750800000] [id=31908]
  0x000002495d3e91c0 GCTaskThread "GC Thread#1" [stack: 0x000000f751500000,0x000000f751600000] [id=20700]
  0x000002495d720de0 GCTaskThread "GC Thread#2" [stack: 0x000000f751600000,0x000000f751700000] [id=19912]
  0x000002495d3e9470 GCTaskThread "GC Thread#3" [stack: 0x000000f751700000,0x000000f751800000] [id=34472]
  0x000002495d3e9720 GCTaskThread "GC Thread#4" [stack: 0x000000f751800000,0x000000f751900000] [id=37924]
  0x000002495d3e99d0 GCTaskThread "GC Thread#5" [stack: 0x000000f751900000,0x000000f751a00000] [id=14432]
  0x000002495d2c1480 GCTaskThread "GC Thread#6" [stack: 0x000000f751a00000,0x000000f751b00000] [id=20800]
  0x000002495d58cdf0 GCTaskThread "GC Thread#7" [stack: 0x000000f751f00000,0x000000f752000000] [id=29920]

Threads with active compile tasks:
C2 CompilerThread0     1920 2050       4       java.util.Properties::loadConvert (540 bytes)
C1 CompilerThread0     1920 2073       3       org.eclipse.osgi.storage.bundlefile.CloseableBundleFile::getEntryPaths (104 bytes)

VM state: at safepoint (normal execution)

VM Mutex/Monitor currently owned by a thread:  ([mutex/lock_event])
[0x000002494697b3c0] Threads_lock - owner thread: 0x000002495a7f9d20
[0x000002494697a490] Heap_lock - owner thread: 0x000002495d9b3600

Heap address: 0x00000000c0000000, size: 1024 MB, Compressed Oops mode: 32-bit

CDS archive(s) not mapped
Compressed class space mapped at: 0x0000000100000000-0x0000000140000000, reserved size: 1073741824
Narrow klass base: 0x0000000000000000, Narrow klass shift: 3, Narrow klass range: 0x140000000

GC Precious Log:
 CPUs: 8 total, 8 available
 Memory: 7918M
 Large Page Support: Disabled
 NUMA Support: Disabled
 Compressed Oops: Enabled (32-bit)
 Alignments: Space 512K, Generation 512K, Heap 2M
 Heap Min Capacity: 100M
 Heap Initial Capacity: 100M
 Heap Max Capacity: 1G
 Pre-touch: Disabled
 Parallel Workers: 8

Heap:
 PSYoungGen      total 29696K, used 29693K [0x00000000eab00000, 0x00000000ecc00000, 0x0000000100000000)
  eden space 25600K, 100% used [0x00000000eab00000,0x00000000ec400000,0x00000000ec400000)
  from space 4096K, 99% used [0x00000000ec800000,0x00000000ecbff718,0x00000000ecc00000)
  to   space 4096K, 99% used [0x00000000ec400000,0x00000000ec7fb190,0x00000000ec800000)
 ParOldGen       total 68608K, used 2792K [0x00000000c0000000, 0x00000000c4300000, 0x00000000eab00000)
  object space 68608K, 4% used [0x00000000c0000000,0x00000000c02ba2c8,0x00000000c4300000)
 Metaspace       used 20323K, committed 20736K, reserved 1073152K
  class space    used 2064K, committed 2240K, reserved 1048576K

Card table byte_map: [0x0000024946340000,0x0000024946550000] _byte_map_base: 0x0000024945d40000

Marking Bits: (ParMarkBitMap*) 0x00007ffbdbd23e70
 Begin Bits: [0x0000024958600000, 0x0000024959600000)
 End Bits:   [0x0000024959600000, 0x000002495a600000)

Polling page: 0x0000024944980000

Metaspace:

Usage:
  Non-class:     17.83 MB used.
      Class:      2.02 MB used.
       Both:     19.85 MB used.

Virtual space:
  Non-class space:       24.00 MB reserved,      18.06 MB ( 75%) committed,  3 nodes.
      Class space:        1.00 GB reserved,       2.19 MB ( <1%) committed,  1 nodes.
             Both:        1.02 GB reserved,      20.25 MB (  2%) committed. 

Chunk freelists:
   Non-Class:  1.20 MB
       Class:  1.83 MB
        Both:  3.04 MB

MaxMetaspaceSize: unlimited
CompressedClassSpaceSize: 1.00 GB
Initial GC threshold: 21.00 MB
Current GC threshold: 21.00 MB
CDS: off
MetaspaceReclaimPolicy: balanced
 - commit_granule_bytes: 65536.
 - commit_granule_words: 8192.
 - virtual_space_node_default_size: 1048576.
 - enlarge_chunks_in_place: 1.
 - new_chunks_are_fully_committed: 0.
 - uncommit_free_chunks: 1.
 - use_allocation_guard: 0.
 - handle_deallocations: 1.


Internal statistics:

num_allocs_failed_limit: 0.
num_arena_births: 162.
num_arena_deaths: 0.
num_vsnodes_births: 4.
num_vsnodes_deaths: 0.
num_space_committed: 324.
num_space_uncommitted: 0.
num_chunks_returned_to_freelist: 0.
num_chunks_taken_from_freelist: 597.
num_chunk_merges: 0.
num_chunk_splits: 392.
num_chunks_enlarged: 280.
num_purges: 0.
num_inconsistent_stats: 0.

CodeHeap 'non-profiled nmethods': size=120000Kb used=715Kb max_used=715Kb free=119284Kb
 bounds [0x00000249510d0000, 0x0000024951340000, 0x0000024958600000]
CodeHeap 'profiled nmethods': size=120000Kb used=4070Kb max_used=4070Kb free=115930Kb
 bounds [0x0000024949600000, 0x0000024949a00000, 0x0000024950b30000]
CodeHeap 'non-nmethods': size=5760Kb used=1201Kb max_used=1218Kb free=4559Kb
 bounds [0x0000024950b30000, 0x0000024950da0000, 0x00000249510d0000]
 total_blobs=2556 nmethods=2068 adapters=402
 compilation: enabled
              stopped_count=0, restarted_count=0
 full_count=0

Compilation events (20 events):
Event: 1.774 Thread 0x000002495c2980e0 nmethod 2039 0x0000024951182310 code [0x00000249511824a0, 0x00000249511825a8]
Event: 1.777 Thread 0x000002495c299640 2042       3       org.eclipse.core.internal.registry.ReferenceMap::get (54 bytes)
Event: 1.778 Thread 0x000002495c299640 nmethod 2042 0x00000249499db490 code [0x00000249499db680, 0x00000249499dbb28]
Event: 1.778 Thread 0x000002495c299640 2043  s    3       org.eclipse.core.internal.registry.RegistryObjectManager::getObject (7 bytes)
Event: 1.778 Thread 0x000002495c299640 nmethod 2043 0x00000249499dbd90 code [0x00000249499dbf40, 0x00000249499dc128]
Event: 1.778 Thread 0x000002495c299640 2044       3       org.eclipse.core.internal.registry.RegistryObjectManager::basicGetObject (52 bytes)
Event: 1.778 Thread 0x000002495c299640 nmethod 2044 0x00000249499dc210 code [0x00000249499dc400, 0x00000249499dc7b8]
Event: 1.778 Thread 0x000002495c299640 2045       1       org.eclipse.core.internal.registry.ConfigurationElement::getName (5 bytes)
Event: 1.778 Thread 0x000002495c299640 nmethod 2045 0x0000024951182690 code [0x0000024951182820, 0x00000249511828f8]
Event: 1.778 Thread 0x000002495c299640 2046       3       org.eclipse.osgi.container.Module::getContainer (8 bytes)
Event: 1.778 Thread 0x000002495c299640 nmethod 2046 0x00000249499dc990 code [0x00000249499dcb20, 0x00000249499dcc58]
Event: 1.788 Thread 0x000002495c299640 2047   !   3       org.eclipse.osgi.container.Module::start (655 bytes)
Event: 1.794 Thread 0x000002495c299640 nmethod 2047 0x00000249499dcd10 code [0x00000249499dd7e0, 0x00000249499e3088]
Event: 1.798 Thread 0x000002495c299640 2048       3       org.eclipse.core.internal.localstore.SafeChunkyInputStream::compare (45 bytes)
Event: 1.798 Thread 0x000002495c2980e0 2050       4       java.util.Properties::loadConvert (540 bytes)
Event: 1.798 Thread 0x000002495c299640 nmethod 2048 0x00000249499e5a10 code [0x00000249499e5bc0, 0x00000249499e5e58]
Event: 1.798 Thread 0x000002495c299640 2049       3       org.eclipse.core.internal.localstore.SafeChunkyInputStream::read (71 bytes)
Event: 1.799 Thread 0x000002495c299640 nmethod 2049 0x00000249499e5f90 code [0x00000249499e6180, 0x00000249499e6638]
Event: 1.809 Thread 0x000002495c299640 2051       3       java.io.DataInputStream::readLong (128 bytes)
Event: 1.809 Thread 0x000002495c299640 nmethod 2051 0x00000249499e6810 code [0x00000249499e69c0, 0x00000249499e6cc8]

GC Heap History (4 events):
Event: 0.823 GC heap before
{Heap before GC invocations=1 (full 0):
 PSYoungGen      total 29696K, used 25600K [0x00000000eab00000, 0x00000000ecc00000, 0x0000000100000000)
  eden space 25600K, 100% used [0x00000000eab00000,0x00000000ec400000,0x00000000ec400000)
  from space 4096K, 0% used [0x00000000ec800000,0x00000000ec800000,0x00000000ecc00000)
  to   space 4096K, 0% used [0x00000000ec400000,0x00000000ec400000,0x00000000ec800000)
 ParOldGen       total 68608K, used 0K [0x00000000c0000000, 0x00000000c4300000, 0x00000000eab00000)
  object space 68608K, 0% used [0x00000000c0000000,0x00000000c0000000,0x00000000c4300000)
 Metaspace       used 11104K, committed 11328K, reserved 1064960K
  class space    used 1103K, committed 1216K, reserved 1048576K
}
Event: 0.831 GC heap after
{Heap after GC invocations=1 (full 0):
 PSYoungGen      total 29696K, used 3176K [0x00000000eab00000, 0x00000000ecc00000, 0x0000000100000000)
  eden space 25600K, 0% used [0x00000000eab00000,0x00000000eab00000,0x00000000ec400000)
  from space 4096K, 77% used [0x00000000ec400000,0x00000000ec71a208,0x00000000ec800000)
  to   space 4096K, 0% used [0x00000000ec800000,0x00000000ec800000,0x00000000ecc00000)
 ParOldGen       total 68608K, used 16K [0x00000000c0000000, 0x00000000c4300000, 0x00000000eab00000)
  object space 68608K, 0% used [0x00000000c0000000,0x00000000c0004000,0x00000000c4300000)
 Metaspace       used 11104K, committed 11328K, reserved 1064960K
  class space    used 1103K, committed 1216K, reserved 1048576K
}
Event: 1.400 GC heap before
{Heap before GC invocations=2 (full 0):
 PSYoungGen      total 29696K, used 28776K [0x00000000eab00000, 0x00000000ecc00000, 0x0000000100000000)
  eden space 25600K, 100% used [0x00000000eab00000,0x00000000ec400000,0x00000000ec400000)
  from space 4096K, 77% used [0x00000000ec400000,0x00000000ec71a208,0x00000000ec800000)
  to   space 4096K, 0% used [0x00000000ec800000,0x00000000ec800000,0x00000000ecc00000)
 ParOldGen       total 68608K, used 16K [0x00000000c0000000, 0x00000000c4300000, 0x00000000eab00000)
  object space 68608K, 0% used [0x00000000c0000000,0x00000000c0004000,0x00000000c4300000)
 Metaspace       used 15190K, committed 15424K, reserved 1064960K
  class space    used 1548K, committed 1664K, reserved 1048576K
}
Event: 1.404 GC heap after
{Heap after GC invocations=2 (full 0):
 PSYoungGen      total 29696K, used 4093K [0x00000000eab00000, 0x00000000ecc00000, 0x0000000100000000)
  eden space 25600K, 0% used [0x00000000eab00000,0x00000000eab00000,0x00000000ec400000)
  from space 4096K, 99% used [0x00000000ec800000,0x00000000ecbff718,0x00000000ecc00000)
  to   space 4096K, 0% used [0x00000000ec400000,0x00000000ec400000,0x00000000ec800000)
 ParOldGen       total 68608K, used 688K [0x00000000c0000000, 0x00000000c4300000, 0x00000000eab00000)
  object space 68608K, 1% used [0x00000000c0000000,0x00000000c00ac340,0x00000000c4300000)
 Metaspace       used 15190K, committed 15424K, reserved 1064960K
  class space    used 1548K, committed 1664K, reserved 1048576K
}

Dll operation events (9 events):
Event: 0.017 Loaded shared library c:\Users\Umar Shahid\.vscode\extensions\redhat.java-1.17.0-win32-x64\jre\17.0.6-win32-x86_64\bin\java.dll
Event: 0.183 Loaded shared library c:\Users\Umar Shahid\.vscode\extensions\redhat.java-1.17.0-win32-x64\jre\17.0.6-win32-x86_64\bin\zip.dll
Event: 0.185 Loaded shared library C:\Users\Umar Shahid\.vscode\extensions\redhat.java-1.17.0-win32-x64\jre\17.0.6-win32-x86_64\bin\instrument.dll
Event: 0.201 Loaded shared library C:\Users\Umar Shahid\.vscode\extensions\redhat.java-1.17.0-win32-x64\jre\17.0.6-win32-x86_64\bin\net.dll
Event: 0.204 Loaded shared library C:\Users\Umar Shahid\.vscode\extensions\redhat.java-1.17.0-win32-x64\jre\17.0.6-win32-x86_64\bin\nio.dll
Event: 0.212 Loaded shared library C:\Users\Umar Shahid\.vscode\extensions\redhat.java-1.17.0-win32-x64\jre\17.0.6-win32-x86_64\bin\zip.dll
Event: 0.225 Loaded shared library C:\Users\Umar Shahid\.vscode\extensions\redhat.java-1.17.0-win32-x64\jre\17.0.6-win32-x86_64\bin\jimage.dll
Event: 0.265 Loaded shared library c:\Users\Umar Shahid\.vscode\extensions\redhat.java-1.17.0-win32-x64\jre\17.0.6-win32-x86_64\bin\verify.dll
Event: 1.235 Loaded shared library C:\Users\Umar Shahid\AppData\Roaming\Code\User\globalStorage\redhat.java\1.17.0\config_ss_win\org.eclipse.equinox.launcher\org.eclipse.equinox.launcher.win32.win32.x86_64_1.2.700.v20221108-1024\eclipse_11801.dll

Deoptimization events (20 events):
Event: 1.604 Thread 0x000002495d9b3600 Uncommon trap: trap_request=0xffffff45 fr.pc=0x000002495111d874 relative=0x0000000000000074
Event: 1.604 Thread 0x000002495d9b3600 Uncommon trap: reason=unstable_if action=reinterpret pc=0x000002495111d874 method=jdk.internal.misc.Unsafe.convEndian(ZJ)J @ 4 c2
Event: 1.604 Thread 0x000002495d9b3600 DEOPT PACKING pc=0x000002495111d874 sp=0x000000f751df7130
Event: 1.604 Thread 0x000002495d9b3600 DEOPT UNPACKING pc=0x0000024950b89ea3 sp=0x000000f751df7058 mode 2
Event: 1.632 Thread 0x000002495d9b3600 Uncommon trap: trap_request=0xffffff45 fr.pc=0x00000249510e48b0 relative=0x0000000000000390
Event: 1.632 Thread 0x000002495d9b3600 Uncommon trap: reason=unstable_if action=reinterpret pc=0x00000249510e48b0 method=java.lang.StringLatin1.canEncode(I)Z @ 4 c2
Event: 1.632 Thread 0x000002495d9b3600 DEOPT PACKING pc=0x00000249510e48b0 sp=0x000000f751df86f0
Event: 1.632 Thread 0x000002495d9b3600 DEOPT UNPACKING pc=0x0000024950b89ea3 sp=0x000000f751df8618 mode 2
Event: 1.632 Thread 0x000002495d9b3600 Uncommon trap: trap_request=0xffffff45 fr.pc=0x00000249510e5814 relative=0x0000000000000374
Event: 1.632 Thread 0x000002495d9b3600 Uncommon trap: reason=unstable_if action=reinterpret pc=0x00000249510e5814 method=java.lang.AbstractStringBuilder.isLatin1()Z @ 10 c2
Event: 1.632 Thread 0x000002495d9b3600 DEOPT PACKING pc=0x00000249510e5814 sp=0x000000f751df8710
Event: 1.632 Thread 0x000002495d9b3600 DEOPT UNPACKING pc=0x0000024950b89ea3 sp=0x000000f751df8690 mode 2
Event: 1.632 Thread 0x000002495d9b3600 Uncommon trap: trap_request=0xffffff45 fr.pc=0x00000249510fbedc relative=0x000000000000005c
Event: 1.632 Thread 0x000002495d9b3600 Uncommon trap: reason=unstable_if action=reinterpret pc=0x00000249510fbedc method=java.lang.AbstractStringBuilder.isLatin1()Z @ 10 c2
Event: 1.632 Thread 0x000002495d9b3600 DEOPT PACKING pc=0x00000249510fbedc sp=0x000000f751df86f0
Event: 1.633 Thread 0x000002495d9b3600 DEOPT UNPACKING pc=0x0000024950b89ea3 sp=0x000000f751df8680 mode 2
Event: 1.638 Thread 0x000002495d9b3600 Uncommon trap: trap_request=0xffffff45 fr.pc=0x00000249510f6248 relative=0x0000000000000048
Event: 1.638 Thread 0x000002495d9b3600 Uncommon trap: reason=unstable_if action=reinterpret pc=0x00000249510f6248 method=java.lang.CharacterData.of(I)Ljava/lang/CharacterData; @ 4 c2
Event: 1.638 Thread 0x000002495d9b3600 DEOPT PACKING pc=0x00000249510f6248 sp=0x000000f751df7ec0
Event: 1.638 Thread 0x000002495d9b3600 DEOPT UNPACKING pc=0x0000024950b89ea3 sp=0x000000f751df7e58 mode 2

Classes unloaded (0 events):
No events

Classes redefined (0 events):
No events

Internal exceptions (20 events):
Event: 0.780 Thread 0x000002494697def0 Exception <a 'java/lang/NoSuchMethodError'{0x00000000ec2e5ce8}: 'void java.lang.invoke.DirectMethodHandle$Holder.invokeStaticInit(java.lang.Object, java.lang.Object)'> (0x00000000ec2e5ce8) 
thrown [s\src\hotspot\share\interpreter\linkResolver.cpp, line 759]
Event: 0.781 Thread 0x000002494697def0 Exception <a 'java/lang/NoSuchMethodError'{0x00000000ec2ed180}: 'int java.lang.invoke.DirectMethodHandle$Holder.invokeStaticInit(java.lang.Object, java.lang.Object)'> (0x00000000ec2ed180) 
thrown [s\src\hotspot\share\interpreter\linkResolver.cpp, line 759]
Event: 0.833 Thread 0x000002494697def0 Exception <a 'java/lang/NoSuchMethodError'{0x00000000eab14520}: 'void java.lang.invoke.DirectMethodHandle$Holder.invokeSpecial(java.lang.Object, java.lang.Object, java.lang.Object)'> (0x00000000eab14520) 
thrown [s\src\hotspot\share\interpreter\linkResolver.cpp, line 759]
Event: 1.077 Thread 0x000002494697def0 Exception <a 'java/lang/NoSuchMethodError'{0x00000000eb725968}: 'java.lang.Object java.lang.invoke.DirectMethodHandle$Holder.newInvokeSpecial(java.lang.Object, int, java.lang.Object)'> (0x00000000eb725968) 
thrown [s\src\hotspot\share\interpreter\linkResolver.cpp, line 759]
Event: 1.231 Thread 0x000002494697def0 Exception <a 'java/lang/UnsatisfiedLinkError'{0x00000000ebc5b6f0}: 'void org.eclipse.equinox.launcher.JNIBridge._update_splash()'> (0x00000000ebc5b6f0) 
thrown [s\src\hotspot\share\prims\nativeLookup.cpp, line 543]
Event: 1.304 Thread 0x000002495d9b3600 Exception <a 'java/lang/NoSuchMethodError'{0x00000000ebf77698}: 'java.lang.Object java.lang.invoke.DirectMethodHandle$Holder.invokeStaticInit(java.lang.Object)'> (0x00000000ebf77698) 
thrown [s\src\hotspot\share\interpreter\linkResolver.cpp, line 759]
Event: 1.517 Thread 0x000002495d9b3600 Exception <a 'java/io/FileNotFoundException'{0x00000000eb266eb0}> (0x00000000eb266eb0) 
thrown [s\src\hotspot\share\prims\jni.cpp, line 516]
Event: 1.526 Thread 0x000002495d9b3600 Exception <a 'java/lang/NullPointerException'{0x00000000eb2b8810}> (0x00000000eb2b8810) 
thrown [s\src\hotspot\share\interpreter\linkResolver.cpp, line 1350]
Event: 1.526 Thread 0x000002495d9b3600 Exception <a 'java/lang/NullPointerException'{0x00000000eb2b9038}> (0x00000000eb2b9038) 
thrown [s\src\hotspot\share\interpreter\linkResolver.cpp, line 1350]
Event: 1.552 Thread 0x000002495d9b3600 Exception <a 'java/lang/NoSuchMethodError'{0x00000000eb3d2180}: 'java.lang.Object java.lang.invoke.Invokers$Holder.invokeExact_MT(java.lang.Object, java.lang.Object, java.lang.Object, java.lang.Object, java.lang.Object, java.lang.Object)'> (0x00000000eb3d2180) 
thrown [s\src\hotspot\share\interpreter\linkResolver.cpp, line 759]
Event: 1.657 Thread 0x000002495d9b3600 Exception <a 'java/lang/NoSuchMethodError'{0x00000000eba1cb68}: 'void java.lang.invoke.DirectMethodHandle$Holder.invokeInterface(java.lang.Object, java.lang.Object, java.lang.Object)'> (0x00000000eba1cb68) 
thrown [s\src\hotspot\share\interpreter\linkResolver.cpp, line 759]
Event: 1.707 Thread 0x000002495d9b3600 Exception <a 'java/lang/NoSuchMethodError'{0x00000000ebe15690}: 'java.lang.Object java.lang.invoke.DirectMethodHandle$Holder.invokeStatic(java.lang.Object, java.lang.Object, int)'> (0x00000000ebe15690) 
thrown [s\src\hotspot\share\interpreter\linkResolver.cpp, line 759]
Event: 1.708 Thread 0x000002495d9b3600 Exception <a 'java/lang/NoSuchMethodError'{0x00000000ebe1a240}: 'void java.lang.invoke.DirectMethodHandle$Holder.invokeStatic(java.lang.Object, java.lang.Object, int, java.lang.Object)'> (0x00000000ebe1a240) 
thrown [s\src\hotspot\share\interpreter\linkResolver.cpp, line 759]
Event: 1.709 Thread 0x000002495d9b3600 Exception <a 'java/lang/NoSuchMethodError'{0x00000000ebe21970}: 'void java.lang.invoke.DelegatingMethodHandle$Holder.delegate(java.lang.Object, java.lang.Object, int, java.lang.Object)'> (0x00000000ebe21970) 
thrown [s\src\hotspot\share\interpreter\linkResolver.cpp, line 759]
Event: 1.710 Thread 0x000002495d9b3600 Exception <a 'java/lang/NoSuchMethodError'{0x00000000ebe25d58}: 'int java.lang.invoke.DirectMethodHandle$Holder.invokeSpecial(java.lang.Object, java.lang.Object, java.lang.Object)'> (0x00000000ebe25d58) 
thrown [s\src\hotspot\share\interpreter\linkResolver.cpp, line 759]
Event: 1.711 Thread 0x000002495d9b3600 Exception <a 'java/lang/NoSuchMethodError'{0x00000000ebe36348}: 'int java.lang.invoke.DirectMethodHandle$Holder.invokeStatic(java.lang.Object, java.lang.Object, int)'> (0x00000000ebe36348) 
thrown [s\src\hotspot\share\interpreter\linkResolver.cpp, line 759]
Event: 1.712 Thread 0x000002495d9b3600 Exception <a 'java/lang/NoSuchMethodError'{0x00000000ebe3a770}: 'int java.lang.invoke.DirectMethodHandle$Holder.invokeSpecial(java.lang.Object, java.lang.Object, java.lang.Object, int)'> (0x00000000ebe3a770) 
thrown [s\src\hotspot\share\interpreter\linkResolver.cpp, line 759]
Event: 1.713 Thread 0x000002495d9b3600 Exception <a 'java/lang/NoSuchMethodError'{0x00000000ebe55b28}: 'java.lang.Object java.lang.invoke.DirectMethodHandle$Holder.invokeStatic(java.lang.Object, java.lang.Object, java.lang.Object, java.lang.Object, int)'> (0x00000000ebe55b28) 
thrown [s\src\hotspot\share\interpreter\linkResolver.cpp, line 759]
Event: 1.714 Thread 0x000002495d9b3600 Exception <a 'java/lang/NoSuchMethodError'{0x00000000ebe61b20}: 'java.lang.Object java.lang.invoke.DelegatingMethodHandle$Holder.reinvoke_L(java.lang.Object, java.lang.Object, java.lang.Object, java.lang.Object, int, int)'> (0x00000000ebe61b20) 
thrown [s\src\hotspot\share\interpreter\linkResolver.cpp, line 759]
Event: 1.716 Thread 0x000002495d9b3600 Exception <a 'java/lang/NoSuchMethodError'{0x00000000ebe79818}: 'java.lang.Object java.lang.invoke.Invokers$Holder.invokeExact_MT(java.lang.Object, java.lang.Object, java.lang.Object, java.lang.Object)'> (0x00000000ebe79818) 
thrown [s\src\hotspot\share\interpreter\linkResolver.cpp, line 759]

VM Operations (20 events):
Event: 1.034 Executing VM operation: HandshakeAllThreads
Event: 1.043 Executing VM operation: HandshakeAllThreads done
Event: 1.044 Executing VM operation: HandshakeAllThreads
Event: 1.044 Executing VM operation: HandshakeAllThreads done
Event: 1.051 Executing VM operation: HandshakeAllThreads
Event: 1.051 Executing VM operation: HandshakeAllThreads done
Event: 1.069 Executing VM operation: HandshakeAllThreads
Event: 1.069 Executing VM operation: HandshakeAllThreads done
Event: 1.323 Executing VM operation: HandshakeAllThreads
Event: 1.323 Executing VM operation: HandshakeAllThreads done
Event: 1.400 Executing VM operation: ParallelGCFailedAllocation
Event: 1.405 Executing VM operation: ParallelGCFailedAllocation done
Event: 1.597 Executing VM operation: HandshakeAllThreads
Event: 1.597 Executing VM operation: HandshakeAllThreads done
Event: 1.639 Executing VM operation: HandshakeAllThreads
Event: 1.639 Executing VM operation: HandshakeAllThreads done
Event: 1.642 Executing VM operation: HandshakeAllThreads
Event: 1.642 Executing VM operation: HandshakeAllThreads done
Event: 1.707 Executing VM operation: HandshakeAllThreads
Event: 1.707 Executing VM operation: HandshakeAllThreads done

Events (20 events):
Event: 1.712 loading class java/lang/invoke/ClassSpecializer$Factory$1Var
Event: 1.712 loading class java/lang/invoke/ClassSpecializer$Factory$1Var done
Event: 1.744 loading class java/lang/IllegalCallerException
Event: 1.744 loading class java/lang/IllegalCallerException done
Event: 1.745 loading class java/lang/StackWalker$Option
Event: 1.746 loading class java/lang/StackWalker$Option done
Event: 1.763 loading class java/util/stream/SortedOps
Event: 1.764 loading class java/util/stream/SortedOps done
Event: 1.764 loading class java/util/stream/SortedOps$OfRef
Event: 1.764 loading class java/util/stream/ReferencePipeline$StatefulOp
Event: 1.764 loading class java/util/stream/ReferencePipeline$StatefulOp done
Event: 1.764 loading class java/util/stream/SortedOps$OfRef done
Event: 1.764 loading class java/util/stream/SortedOps$RefSortingSink
Event: 1.764 loading class java/util/stream/SortedOps$AbstractRefSortingSink
Event: 1.764 loading class java/util/stream/SortedOps$AbstractRefSortingSink done
Event: 1.764 loading class java/util/stream/SortedOps$RefSortingSink done
Event: 1.785 loading class java/util/concurrent/ForkJoinWorkerThread
Event: 1.786 loading class java/util/concurrent/ForkJoinWorkerThread done
Event: 1.790 loading class java/util/concurrent/ExecutionException
Event: 1.790 loading class java/util/concurrent/ExecutionException done


Dynamic libraries:
0x00007ff6eace0000 - 0x00007ff6eacee000 	c:\Users\Umar Shahid\.vscode\extensions\redhat.java-1.17.0-win32-x64\jre\17.0.6-win32-x86_64\bin\java.exe
0x00007ffc38cf0000 - 0x00007ffc38f04000 	C:\WINDOWS\SYSTEM32\ntdll.dll
0x00007ffc37970000 - 0x00007ffc37a32000 	C:\WINDOWS\System32\KERNEL32.DLL
0x00007ffc362d0000 - 0x00007ffc3666c000 	C:\WINDOWS\System32\KERNELBASE.dll
0x00007ffc36780000 - 0x00007ffc36891000 	C:\WINDOWS\System32\ucrtbase.dll
0x00007ffc2eef0000 - 0x00007ffc2ef07000 	c:\Users\Umar Shahid\.vscode\extensions\redhat.java-1.17.0-win32-x64\jre\17.0.6-win32-x86_64\bin\jli.dll
0x00007ffc29f80000 - 0x00007ffc29f99000 	c:\Users\Umar Shahid\.vscode\extensions\redhat.java-1.17.0-win32-x64\jre\17.0.6-win32-x86_64\bin\VCRUNTIME140.dll
0x00007ffc36b00000 - 0x00007ffc36cab000 	C:\WINDOWS\System32\USER32.dll
0x00007ffc362a0000 - 0x00007ffc362c6000 	C:\WINDOWS\System32\win32u.dll
0x00007ffc107f0000 - 0x00007ffc10a7e000 	C:\WINDOWS\WinSxS\amd64_microsoft.windows.common-controls_6595b64144ccf1df_6.0.22621.608_none_a9444ca7c10bb01d\COMCTL32.dll
0x00007ffc38b60000 - 0x00007ffc38b89000 	C:\WINDOWS\System32\GDI32.dll
0x00007ffc36e70000 - 0x00007ffc36f17000 	C:\WINDOWS\System32\msvcrt.dll
0x00007ffc36960000 - 0x00007ffc36a73000 	C:\WINDOWS\System32\gdi32full.dll
0x00007ffc366e0000 - 0x00007ffc3677a000 	C:\WINDOWS\System32\msvcp_win.dll
0x00007ffc389e0000 - 0x00007ffc38a11000 	C:\WINDOWS\System32\IMM32.DLL
0x00007ffc31410000 - 0x00007ffc3141c000 	c:\Users\Umar Shahid\.vscode\extensions\redhat.java-1.17.0-win32-x64\jre\17.0.6-win32-x86_64\bin\vcruntime140_1.dll
0x00007ffc281b0000 - 0x00007ffc28241000 	c:\Users\Umar Shahid\.vscode\extensions\redhat.java-1.17.0-win32-x64\jre\17.0.6-win32-x86_64\bin\msvcp140.dll
0x00007ffbdb1a0000 - 0x00007ffbdbde7000 	c:\Users\Umar Shahid\.vscode\extensions\redhat.java-1.17.0-win32-x64\jre\17.0.6-win32-x86_64\bin\server\jvm.dll
0x00007ffc36cc0000 - 0x00007ffc36d6e000 	C:\WINDOWS\System32\ADVAPI32.dll
0x00007ffc37f40000 - 0x00007ffc37fe4000 	C:\WINDOWS\System32\sechost.dll
0x00007ffc38a40000 - 0x00007ffc38b57000 	C:\WINDOWS\System32\RPCRT4.dll
0x00007ffc2def0000 - 0x00007ffc2df24000 	C:\WINDOWS\SYSTEM32\WINMM.dll
0x00007ffc31100000 - 0x00007ffc31109000 	C:\WINDOWS\SYSTEM32\WSOCK32.dll
0x00007ffc2b430000 - 0x00007ffc2b43a000 	C:\WINDOWS\SYSTEM32\VERSION.dll
0x00007ffc372d0000 - 0x00007ffc37341000 	C:\WINDOWS\System32\WS2_32.dll
0x00007ffc35230000 - 0x00007ffc35248000 	C:\WINDOWS\SYSTEM32\kernel.appcore.dll
0x00007ffc31050000 - 0x00007ffc3105a000 	c:\Users\Umar Shahid\.vscode\extensions\redhat.java-1.17.0-win32-x64\jre\17.0.6-win32-x86_64\bin\jimage.dll
0x00007ffc33a00000 - 0x00007ffc33c2e000 	C:\WINDOWS\SYSTEM32\DBGHELP.DLL
0x00007ffc36f40000 - 0x00007ffc372c9000 	C:\WINDOWS\System32\combase.dll
0x00007ffc37830000 - 0x00007ffc37907000 	C:\WINDOWS\System32\OLEAUT32.dll
0x00007ffc1cd30000 - 0x00007ffc1cd62000 	C:\WINDOWS\SYSTEM32\dbgcore.DLL
0x00007ffc36a80000 - 0x00007ffc36afb000 	C:\WINDOWS\System32\bcryptPrimitives.dll
0x00007ffc30d30000 - 0x00007ffc30d3e000 	c:\Users\Umar Shahid\.vscode\extensions\redhat.java-1.17.0-win32-x64\jre\17.0.6-win32-x86_64\bin\instrument.dll
0x00007ffc29e10000 - 0x00007ffc29e35000 	c:\Users\Umar Shahid\.vscode\extensions\redhat.java-1.17.0-win32-x64\jre\17.0.6-win32-x86_64\bin\java.dll
0x00007ffc296c0000 - 0x00007ffc296d8000 	c:\Users\Umar Shahid\.vscode\extensions\redhat.java-1.17.0-win32-x64\jre\17.0.6-win32-x86_64\bin\zip.dll
0x00007ffc380f0000 - 0x00007ffc388e0000 	C:\WINDOWS\System32\SHELL32.dll
0x00007ffc34060000 - 0x00007ffc3492d000 	C:\WINDOWS\SYSTEM32\windows.storage.dll
0x00007ffc33f10000 - 0x00007ffc3404e000 	C:\WINDOWS\SYSTEM32\wintypes.dll
0x00007ffc388e0000 - 0x00007ffc389d1000 	C:\WINDOWS\System32\SHCORE.dll
0x00007ffc37350000 - 0x00007ffc373ae000 	C:\WINDOWS\System32\shlwapi.dll
0x00007ffc36060000 - 0x00007ffc36081000 	C:\WINDOWS\SYSTEM32\profapi.dll
0x00007ffc296a0000 - 0x00007ffc296b9000 	C:\Users\Umar Shahid\.vscode\extensions\redhat.java-1.17.0-win32-x64\jre\17.0.6-win32-x86_64\bin\net.dll
0x00007ffc304e0000 - 0x00007ffc30617000 	C:\WINDOWS\SYSTEM32\WINHTTP.dll
0x00007ffc35690000 - 0x00007ffc356f9000 	C:\WINDOWS\system32\mswsock.dll
0x00007ffc28b70000 - 0x00007ffc28b85000 	C:\Users\Umar Shahid\.vscode\extensions\redhat.java-1.17.0-win32-x64\jre\17.0.6-win32-x86_64\bin\nio.dll
0x00007ffc2f350000 - 0x00007ffc2f360000 	c:\Users\Umar Shahid\.vscode\extensions\redhat.java-1.17.0-win32-x64\jre\17.0.6-win32-x86_64\bin\verify.dll
0x00007ffc2a060000 - 0x00007ffc2a09e000 	C:\Users\Umar Shahid\AppData\Roaming\Code\User\globalStorage\redhat.java\1.17.0\config_ss_win\org.eclipse.equinox.launcher\org.eclipse.equinox.launcher.win32.win32.x86_64_1.2.700.v20221108-1024\eclipse_11801.dll
0x00007ffc37cd0000 - 0x00007ffc37e6c000 	C:\WINDOWS\System32\ole32.dll

dbghelp: loaded successfully - version: 4.0.5 - missing functions: none
symbol engine: initialized successfully - sym options: 0x614 - pdb path: .;c:\Users\Umar Shahid\.vscode\extensions\redhat.java-1.17.0-win32-x64\jre\17.0.6-win32-x86_64\bin;C:\WINDOWS\SYSTEM32;C:\WINDOWS\WinSxS\amd64_microsoft.windows.common-controls_6595b64144ccf1df_6.0.22621.608_none_a9444ca7c10bb01d;c:\Users\Umar Shahid\.vscode\extensions\redhat.java-1.17.0-win32-x64\jre\17.0.6-win32-x86_64\bin\server;C:\Users\Umar Shahid\AppData\Roaming\Code\User\globalStorage\redhat.java\1.17.0\config_ss_win\org.eclipse.equinox.launcher\org.eclipse.equinox.launcher.win32.win32.x86_64_1.2.700.v20221108-1024

VM Arguments:
jvm_args: --add-modules=ALL-SYSTEM --add-opens=java.base/java.util=ALL-UNNAMED --add-opens=java.base/java.lang=ALL-UNNAMED --add-opens=java.base/sun.nio.fs=ALL-UNNAMED -Declipse.application=org.eclipse.jdt.ls.core.id1 -Dosgi.bundles.defaultStartLevel=4 -Declipse.product=org.eclipse.jdt.ls.core.product -Djava.import.generatesMetadataFilesAtProjectRoot=false -Dfile.encoding=utf8 -XX:+UseParallelGC -XX:GCTimeRatio=4 -XX:AdaptiveSizePolicyWeight=90 -Dsun.zip.disableMemoryMapping=true -Xmx1G -Xms100m -Xlog:disable -javaagent:c:\Users\Umar Shahid\.vscode\extensions\redhat.java-1.17.0-win32-x64\lombok\lombok-1.18.24.jar 
java_command: c:\Users\Umar Shahid\.vscode\extensions\redhat.java-1.17.0-win32-x64\server\plugins\org.eclipse.equinox.launcher_1.6.400.v20210924-0641.jar -configuration c:\Users\Umar Shahid\AppData\Roaming\Code\User\globalStorage\redhat.java\1.17.0\config_ss_win -data c:\Users\Umar Shahid\AppData\Roaming\Code\User\workspaceStorage\254a5d1af8fb8ae17df4ac4ef9a3ae7a\redhat.java\ss_ws
java_class_path (initial): c:\Users\Umar Shahid\.vscode\extensions\redhat.java-1.17.0-win32-x64\server\plugins\org.eclipse.equinox.launcher_1.6.400.v20210924-0641.jar
Launcher Type: SUN_STANDARD

[Global flags]
    uintx AdaptiveSizePolicyWeight                 = 90                                        {product} {command line}
     intx CICompilerCount                          = 4                                         {product} {ergonomic}
    uintx GCTimeRatio                              = 4                                         {product} {command line}
   size_t InitialHeapSize                          = 104857600                                 {product} {command line}
   size_t MaxHeapSize                              = 1073741824                                {product} {command line}
   size_t MaxNewSize                               = 357564416                                 {product} {ergonomic}
   size_t MinHeapDeltaBytes                        = 524288                                    {product} {ergonomic}
   size_t MinHeapSize                              = 104857600                                 {product} {command line}
   size_t NewSize                                  = 34603008                                  {product} {ergonomic}
    uintx NonNMethodCodeHeapSize                   = 5839372                                {pd product} {ergonomic}
    uintx NonProfiledCodeHeapSize                  = 122909434                              {pd product} {ergonomic}
   size_t OldSize                                  = 70254592                                  {product} {ergonomic}
    uintx ProfiledCodeHeapSize                     = 122909434                              {pd product} {ergonomic}
    uintx ReservedCodeCacheSize                    = 251658240                              {pd product} {ergonomic}
     bool SegmentedCodeCache                       = true                                      {product} {ergonomic}
   size_t SoftMaxHeapSize                          = 1073741824                             {manageable} {ergonomic}
     bool UseCompressedClassPointers               = true                           {product lp64_product} {ergonomic}
     bool UseCompressedOops                        = true                           {product lp64_product} {ergonomic}
     bool UseLargePagesIndividualAllocation        = false                                  {pd product} {ergonomic}
     bool UseParallelGC                            = true                                      {product} {command line}

Logging:
Log output configuration:
 #0: stdout all=off uptime,level,tags
 #1: stderr all=off uptime,level,tags

Environment Variables:
JAVA_HOME=C:\Program Files\Java\jdk-19
PATH=C:\Program Files\Common Files\Oracle\Java\javapath;C:\WINDOWS\system32;C:\WINDOWS;C:\WINDOWS\System32\Wbem;C:\WINDOWS\System32\WindowsPowerShell\v1.0\;C:\WINDOWS\System32\OpenSSH\;C:\Program Files (x86)\NVIDIA Corporation\PhysX\Common;C:\Program Files\NVIDIA Corporation\NVIDIA NvDLISR;C:\Program Files\Java\jdk-19\bin;C:\Program Files\dotnet\;C:\Program Files\nodejs\;C:\Program Files\Azure Data Studio\bin;C:\Program Files (x86)\Microsoft SQL Server\160\Tools\Binn\;C:\Program Files\Microsoft SQL Server\160\Tools\Binn\;C:\Program Files\Microsoft SQL Server\Client SDK\ODBC\170\Tools\Binn\;C:\Program Files\Microsoft SQL Server\160\DTS\Binn\;C:\Program Files (x86)\Microsoft SQL Server\160\DTS\Binn\;C:\MinGW\bin;;%SystemRoot%\system32;%SystemRoot%;%SystemRoot%\System32\Wbem;%SYSTEMROOT%\System32\WindowsPowerShell\v1.0\;%SYSTEMROOT%\System32\OpenSSH\;C:\Users\Umar Shahid\AppData\Local\Microsoft\WindowsApps;C:\Users\Umar Shahid\AppData\Local\Programs\Microsoft VS Code\bin;C:\msys64\mingw64\bin;C:\Program Files\JetBrains\IntelliJ IDEA Community Edition 2022.2.4\bin;;C:\Users\Umar Shahid\AppData\Local\GitHubDesktop\bin;C:\Users\Umar Shahid\AppData\Roaming\npm;C:\Program Files\Azure Data Studio\bin;
USERNAME=Umar Shahid
OS=Windows_NT
PROCESSOR_IDENTIFIER=Intel64 Family 6 Model 140 Stepping 1, GenuineIntel
TMP=C:\Users\UMARSH~1\AppData\Local\Temp
TEMP=C:\Users\UMARSH~1\AppData\Local\Temp



---------------  S Y S T E M  ---------------

OS:
 Windows 11 , 64 bit Build 22621 (10.0.22621.1485)
OS uptime: 13 days 13:18 hours
Hyper-V role detected

CPU: total 8 (initial active 8) (4 cores per cpu, 2 threads per core) family 6 model 140 stepping 1 microcode 0xa4, cx8, cmov, fxsr, ht, mmx, 3dnowpref, sse, sse2, sse3, ssse3, sse4.1, sse4.2, popcnt, lzcnt, tsc, tscinvbit, avx, avx2, aes, erms, clmul, bmi1, bmi2, adx, avx512f, avx512dq, avx512cd, avx512bw, avx512vl, sha, fma, vzeroupper, avx512_vpopcntdq, avx512_vpclmulqdq, avx512_vaes, avx512_vnni, clflush, clflushopt, clwb, avx512_vbmi2, avx512_vbmi, hv

Memory: 4k page, system-wide physical 7918M (319M free)
TotalPageFile size 10745M (AvailPageFile size 133M)
current process WorkingSet (physical memory assigned to process): 102M, peak: 102M
current process commit charge ("private bytes"): 214M, peak: 214M

vm_info: OpenJDK 64-Bit Server VM (17.0.6+10) for windows-amd64 JRE (17.0.6+10), built on Jan 18 2023 10:08:59 by "temurin" with MS VC++ 16.7 (VS2019)

END.
