#
# A fatal error has been detected by the Java Runtime Environment:
#
#  EXCEPTION_ACCESS_VIOLATION (0xc0000005) at pc=0x00007ffa634c1be1, pid=22652, tid=15348
#
# JRE version:  (17.0.6+10) (build )
# Java VM: OpenJDK 64-Bit Server VM (17.0.6+10, mixed mode, sharing, tiered, unknown gc, windows-amd64)
# Problematic frame:
# C  [jimage.dll+0x1be1]
#
# No core dump will be written. Minidumps are not enabled by default on client versions of Windows
#
#

---------------  S U M M A R Y ------------

Command Line: 

Host: 11th Gen Intel(R) Core(TM) i5-1135G7 @ 2.40GHz, 8 cores, 7G,  Windows 11 , 64 bit Build 22621 (10.0.22621.1344)
Time: Tue Mar 21 06:50:09 2023 Pakistan Standard Time elapsed time: 0.013821 seconds (0d 0h 0m 0s)

---------------  T H R E A D  ---------------

Current thread is native thread

Stack: [0x000000d658e00000,0x000000d658f00000],  sp=0x000000d658efd5b0,  free space=1013k
Native frames: (J=compiled Java code, j=interpreted, Vv=VM code, C=native code)
C  [jimage.dll+0x1be1]


siginfo: EXCEPTION_ACCESS_VIOLATION (0xc0000005), reading address 0x000000000000d70c


Registers:
RAX=0x00000000000035bc, RBX=0x000000d658efd6a1, RCX=0x00007ffa634c6000, RDX=0x00000000000035bc
RSP=0x000000d658efd5b0, RBP=0x000000d658efd6a0, RSI=0x0000000000007190, RDI=0x000000d658efd6a0
R8 =0x00007ffa634c4288, R9 =0x000000000000001c, R10=0x00007ff9f97c6900, R11=0x00007ffa634c6000
R12=0x0000000000000002, R13=0x000002b7ed4ab500, R14=0x000000d658efe710, R15=0x00007ff9f97c69a8
RIP=0x00007ffa634c1be1, EFLAGS=0x0000000000010246

Top of Stack: (sp=0x000000d658efd5b0)
0x000000d658efd5b0:   0000000000020000 000000d658efd5e0
0x000000d658efd5c0:   000000d658efd5e0 000000d658efd5e0
0x000000d658efd5d0:   000002b7ed4c2cf0 00007ffa634c1d6f
0x000000d658efd5e0:   000000000000000b 000002b7ed4c2cf0
0x000000d658efd5f0:   0000000000000001 000000d658efda70
0x000000d658efd600:   0000000000000000 0000000000000000
0x000000d658efd610:   0000000000000000 0000000000000000
0x000000d658efd620:   000000d658efd730 00007ffa6b16b46f
0x000000d658efd630:   0000000000000000 0000000000000000
0x000000d658efd640:   0000ea04ecd1f1f1 00007ffa634c0000
0x000000d658efd650:   00007ff9f97a54a0 0000000000000017
0x000000d658efd660:   000002b7ed4c2cf0 000000d658efe710
0x000000d658efd670:   000000000000000b 00007ffa634c264d
0x000000d658efd680:   000002b701000020 000000d658efdd20
0x000000d658efd690:   0000000000000000 000000d658efdcc8
0x000000d658efd6a0:   61622e6176616a2f 692f6b646a2f6573 

Instructions: (pc=0x00007ffa634c1be1)
0x00007ffa634c1ae1:   48 85 c9 74 1d 80 3d 23 45 00 00 00 74 06 48 8b
0x00007ffa634c1af1:   53 18 eb 04 48 8b 53 40 e8 ae 0e 00 00 48 83 63
0x00007ffa634c1b01:   48 00 8b 4b 0c 83 f9 ff 74 09 e8 e4 0c 00 00 83
0x00007ffa634c1b11:   4b 0c ff 48 8b 4b 70 48 85 c9 74 0f ba 10 00 00
0x00007ffa634c1b21:   00 e8 fd 0e 00 00 48 83 63 70 00 48 83 c4 20 5b
0x00007ffa634c1b31:   c3 cc cc 40 53 48 83 ec 20 48 8b d9 48 8d 0d dc
0x00007ffa634c1b41:   46 00 00 e8 b3 0c 00 00 83 6b 08 01 75 24 48 8b
0x00007ffa634c1b51:   d3 48 8d 0d bf 44 00 00 e8 22 08 00 00 48 8b cb
0x00007ffa634c1b61:   e8 de fe ff ff ba 78 00 00 00 48 8b cb e8 b1 0e
0x00007ffa634c1b71:   00 00 48 8d 0d a6 46 00 00 48 83 c4 20 5b e9 80
0x00007ffa634c1b81:   0c 00 00 48 89 5c 24 08 48 89 74 24 10 57 48 83
0x00007ffa634c1b91:   ec 20 41 8b f1 4d 8b c8 48 8b fa 4c 8b d9 4d 85
0x00007ffa634c1ba1:   c0 74 78 85 f6 74 74 44 8a 12 48 8d 5a 01 48 8b
0x00007ffa634c1bb1:   d3 b8 93 01 00 01 eb 12 69 c0 93 01 00 01 41 0f
0x00007ffa634c1bc1:   b6 ca 44 8a 12 33 c1 48 ff c2 45 84 d2 75 e9 4d
0x00007ffa634c1bd1:   8b 03 0f ba f0 1f 33 d2 49 8b cb f7 f6 48 63 c2
0x00007ffa634c1be1:   41 8b 14 81 41 ff 50 08 85 c0 7e 24 8a 0f eb 10
0x00007ffa634c1bf1:   69 c0 93 01 00 01 0f b6 c9 33 c1 8a 0b 48 ff c3
0x00007ffa634c1c01:   84 c9 75 ec 0f ba f0 1f 33 d2 f7 f6 8b c2 eb 0e
0x00007ffa634c1c11:   79 09 83 c9 ff 2b c8 8b c1 eb 03 83 c8 ff 48 8b
0x00007ffa634c1c21:   5c 24 30 48 8b 74 24 38 48 83 c4 20 5f c3 cc 48
0x00007ffa634c1c31:   89 5c 24 08 48 89 74 24 10 57 48 83 ec 20 48 8b
0x00007ffa634c1c41:   f1 48 8d 0d d7 45 00 00 e8 ae 0b 00 00 33 ff 39
0x00007ffa634c1c51:   3d c2 43 00 00 76 24 48 8b 05 c1 43 00 00 48 8b
0x00007ffa634c1c61:   d6 48 8b 1c f8 48 8b 0b e8 72 1e 00 00 85 c0 74
0x00007ffa634c1c71:   2b ff c7 3b 3d 9e 43 00 00 72 dc 33 db 48 8d 0d
0x00007ffa634c1c81:   9b 45 00 00 e8 7a 0b 00 00 48 8b 74 24 38 48 8b
0x00007ffa634c1c91:   c3 48 8b 5c 24 30 48 83 c4 20 5f c3 ff 43 08 eb
0x00007ffa634c1ca1:   dc cc cc 48 89 5c 24 08 48 89 74 24 10 57 48 83
0x00007ffa634c1cb1:   ec 20 48 8b d9 48 8b f2 48 8b 49 10 49 8b f8 8b
0x00007ffa634c1cc1:   53 30 48 8b 01 ff 50 20 4c 8b 43 50 48 8b d6 48
0x00007ffa634c1cd1:   8b 4b 10 44 8b c8 e8 a8 fe ff ff 83 f8 ff 74 38 



---------------  P R O C E S S  ---------------

VM state: not at safepoint (not fully initialized)

VM Mutex/Monitor currently owned by a thread: None

GC Precious Log:
<Not initialized>


Dynamic libraries:
0x00007ff6d64b0000 - 0x00007ff6d64be000 	c:\Users\Umar Shahid\.vscode\extensions\redhat.java-1.16.0-win32-x64\jre\17.0.6-win32-x86_64\bin\java.exe
0x00007ffa6b150000 - 0x00007ffa6b364000 	C:\WINDOWS\SYSTEM32\ntdll.dll
0x00007ffa68fe0000 - 0x00007ffa690a3000 	C:\WINDOWS\System32\KERNEL32.DLL
0x00007ffa68720000 - 0x00007ffa68abc000 	C:\WINDOWS\System32\KERNELBASE.dll
0x00007ffa68cf0000 - 0x00007ffa68e01000 	C:\WINDOWS\System32\ucrtbase.dll
0x00007ffa60380000 - 0x00007ffa60397000 	c:\Users\Umar Shahid\.vscode\extensions\redhat.java-1.16.0-win32-x64\jre\17.0.6-win32-x86_64\bin\jli.dll
0x00007ffa6a060000 - 0x00007ffa6a20d000 	C:\WINDOWS\System32\USER32.dll
0x00007ffa68f30000 - 0x00007ffa68f56000 	C:\WINDOWS\System32\win32u.dll
0x00007ffa6ae20000 - 0x00007ffa6ae49000 	C:\WINDOWS\System32\GDI32.dll
0x00007ffa68e10000 - 0x00007ffa68f23000 	C:\WINDOWS\System32\gdi32full.dll
0x00007ffa68680000 - 0x00007ffa6871a000 	C:\WINDOWS\System32\msvcp_win.dll
0x00007ffa602b0000 - 0x00007ffa602c9000 	c:\Users\Umar Shahid\.vscode\extensions\redhat.java-1.16.0-win32-x64\jre\17.0.6-win32-x86_64\bin\VCRUNTIME140.dll
0x00007ffa44de0000 - 0x00007ffa4506e000 	C:\WINDOWS\WinSxS\amd64_microsoft.windows.common-controls_6595b64144ccf1df_6.0.22621.608_none_a9444ca7c10bb01d\COMCTL32.dll
0x00007ffa69fb0000 - 0x00007ffa6a057000 	C:\WINDOWS\System32\msvcrt.dll
0x00007ffa6b0b0000 - 0x00007ffa6b0e1000 	C:\WINDOWS\System32\IMM32.DLL
0x00007ffa63b30000 - 0x00007ffa63b3c000 	c:\Users\Umar Shahid\.vscode\extensions\redhat.java-1.16.0-win32-x64\jre\17.0.6-win32-x86_64\bin\vcruntime140_1.dll
0x00007ffa54c70000 - 0x00007ffa54d01000 	c:\Users\Umar Shahid\.vscode\extensions\redhat.java-1.16.0-win32-x64\jre\17.0.6-win32-x86_64\bin\msvcp140.dll
0x00007ff9f8e90000 - 0x00007ff9f9ad7000 	c:\Users\Umar Shahid\.vscode\extensions\redhat.java-1.16.0-win32-x64\jre\17.0.6-win32-x86_64\bin\server\jvm.dll
0x00007ffa6a560000 - 0x00007ffa6a60e000 	C:\WINDOWS\System32\ADVAPI32.dll
0x00007ffa692c0000 - 0x00007ffa69364000 	C:\WINDOWS\System32\sechost.dll
0x00007ffa6ae60000 - 0x00007ffa6af75000 	C:\WINDOWS\System32\RPCRT4.dll
0x00007ffa63a90000 - 0x00007ffa63a99000 	C:\WINDOWS\SYSTEM32\WSOCK32.dll
0x00007ffa68f60000 - 0x00007ffa68fd1000 	C:\WINDOWS\System32\WS2_32.dll
0x00007ffa5dcf0000 - 0x00007ffa5dd24000 	C:\WINDOWS\SYSTEM32\WINMM.dll
0x00007ffa5fbc0000 - 0x00007ffa5fbca000 	C:\WINDOWS\SYSTEM32\VERSION.dll
0x00007ffa67690000 - 0x00007ffa676a8000 	C:\WINDOWS\SYSTEM32\kernel.appcore.dll
0x00007ffa634c0000 - 0x00007ffa634ca000 	c:\Users\Umar Shahid\.vscode\extensions\redhat.java-1.16.0-win32-x64\jre\17.0.6-win32-x86_64\bin\jimage.dll

dbghelp: loading error: 1455
symbol engine: initialization error.

VM Arguments:
java_command: <unknown>
java_class_path (initial): <not set>
Launcher Type: SUN_STANDARD

[Global flags]
     bool UseLargePagesIndividualAllocation        = false                                  {pd product} {ergonomic}

Logging:
Log output configuration:
 #0: stdout all=warning uptime,level,tags
 #1: stderr all=off uptime,level,tags

Environment Variables:
JAVA_HOME=C:\Program Files\Java\jdk-19
PATH=C:\Program Files\Common Files\Oracle\Java\javapath;C:\WINDOWS\system32;C:\WINDOWS;C:\WINDOWS\System32\Wbem;C:\WINDOWS\System32\WindowsPowerShell\v1.0\;C:\WINDOWS\System32\OpenSSH\;C:\Program Files (x86)\NVIDIA Corporation\PhysX\Common;C:\Program Files\NVIDIA Corporation\NVIDIA NvDLISR;C:\Program Files\Java\jdk-19\bin;C:\Program Files\dotnet\;C:\Program Files\nodejs\;C:\Program Files\Azure Data Studio\bin;C:\Program Files (x86)\Microsoft SQL Server\160\Tools\Binn\;C:\Program Files\Microsoft SQL Server\160\Tools\Binn\;C:\Program Files\Microsoft SQL Server\Client SDK\ODBC\170\Tools\Binn\;C:\Program Files\Microsoft SQL Server\160\DTS\Binn\;C:\Program Files (x86)\Microsoft SQL Server\160\DTS\Binn\;C:\MinGW\bin;;%SystemRoot%\system32;%SystemRoot%;%SystemRoot%\System32\Wbem;%SYSTEMROOT%\System32\WindowsPowerShell\v1.0\;%SYSTEMROOT%\System32\OpenSSH\;C:\Users\Umar Shahid\AppData\Local\Microsoft\WindowsApps;C:\Users\Umar Shahid\AppData\Local\Programs\Microsoft VS Code\bin;C:\msys64\mingw64\bin;C:\Program Files\JetBrains\IntelliJ IDEA Community Edition 2022.2.4\bin;;C:\Users\Umar Shahid\AppData\Local\GitHubDesktop\bin;C:\Users\Umar Shahid\AppData\Roaming\npm;C:\Program Files\Azure Data Studio\bin;
USERNAME=Umar Shahid
OS=Windows_NT
PROCESSOR_IDENTIFIER=Intel64 Family 6 Model 140 Stepping 1, GenuineIntel
TMP=C:\Users\UMARSH~1\AppData\Local\Temp
TEMP=C:\Users\UMARSH~1\AppData\Local\Temp



---------------  S Y S T E M  ---------------

OS:
 Windows 11 , 64 bit Build 22621 (10.0.22621.1344)
OS uptime: 2 days 12:30 hours

CPU: total 8 (initial active 0) 

Memory: 4k page, system-wide physical 7918M (579M free)
TotalPageFile size 10745M (AvailPageFile size 5M)
current process WorkingSet (physical memory assigned to process): 6M, peak: 6M
current process commit charge ("private bytes"): 2M, peak: 2M

vm_info: OpenJDK 64-Bit Server VM (17.0.6+10) for windows-amd64 JRE (17.0.6+10), built on Jan 18 2023 10:08:59 by "temurin" with MS VC++ 16.7 (VS2019)

END.
