#
# There is insufficient memory for the Java Runtime Environment to continue.
# Native memory allocation (malloc) failed to allocate 1152176 bytes for Chunk::new
# Possible reasons:
#   The system is out of physical RAM or swap space
#   The process is running with CompressedOops enabled, and the Java Heap may be blocking the growth of the native heap
# Possible solutions:
#   Reduce memory load on the system
#   Increase physical memory or swap space
#   Check if swap backing store is full
#   Decrease Java heap size (-Xmx/-Xms)
#   Decrease number of Java threads
#   Decrease Java thread stack sizes (-Xss)
#   Set larger code cache with -XX:ReservedCodeCacheSize=
#   JVM is running with Unscaled Compressed Oops mode in which the Java heap is
#     placed in the first 4GB address space. The Java Heap base address is the
#     maximum limit for the native heap growth. Please use -XX:HeapBaseMinAddress
#     to set the Java Heap base and to place the Java Heap above 4GB virtual address.
# This output file may be truncated or incomplete.
#
#  Out of Memory Error (arena.cpp:189), pid=11152, tid=24756
#
# JRE version: OpenJDK Runtime Environment Temurin-17.0.6+10 (17.0.6+10) (build 17.0.6+10)
# Java VM: OpenJDK 64-Bit Server VM Temurin-17.0.6+10 (17.0.6+10, mixed mode, tiered, compressed oops, compressed class ptrs, parallel gc, windows-amd64)
# No core dump will be written. Minidumps are not enabled by default on client versions of Windows
#

---------------  S U M M A R Y ------------

Command Line: --add-modules=ALL-SYSTEM --add-opens=java.base/java.util=ALL-UNNAMED --add-opens=java.base/java.lang=ALL-UNNAMED --add-opens=java.base/sun.nio.fs=ALL-UNNAMED -Declipse.application=org.eclipse.jdt.ls.core.id1 -Dosgi.bundles.defaultStartLevel=4 -Declipse.product=org.eclipse.jdt.ls.core.product -Djava.import.generatesMetadataFilesAtProjectRoot=false -Dfile.encoding=utf8 -XX:+UseParallelGC -XX:GCTimeRatio=4 -XX:AdaptiveSizePolicyWeight=90 -Dsun.zip.disableMemoryMapping=true -Xmx1G -Xms100m -Xlog:disable -javaagent:c:\Users\Umar Shahid\.vscode\extensions\redhat.java-1.16.0-win32-x64\lombok\lombok-1.18.24.jar -XX:+HeapDumpOnOutOfMemoryError -XX:HeapDumpPath=c:\Users\Umar Shahid\AppData\Roaming\Code\User\workspaceStorage\e3a3ad1c0a154d16099ad865a3dff36e\redhat.java c:\Users\Umar Shahid\.vscode\extensions\redhat.java-1.16.0-win32-x64\server\plugins\org.eclipse.equinox.launcher_1.6.400.v20210924-0641.jar -configuration c:\Users\Umar Shahid\AppData\Roaming\Code\User\globalStorage\redhat.java\1.16.0\config_win -data c:\Users\Umar Shahid\AppData\Roaming\Code\User\workspaceStorage\e3a3ad1c0a154d16099ad865a3dff36e\redhat.java\jdt_ws

Host: 11th Gen Intel(R) Core(TM) i5-1135G7 @ 2.40GHz, 8 cores, 7G,  Windows 11 , 64 bit Build 22621 (10.0.22621.1344)
Time: Tue Mar 21 06:49:59 2023 Pakistan Standard Time elapsed time: 7.094253 seconds (0d 0h 0m 7s)

---------------  T H R E A D  ---------------

Current thread (0x0000023ee0f47910):  JavaThread "C2 CompilerThread0" daemon [_thread_in_native, id=24756, stack(0x000000d653a00000,0x000000d653b00000)]


Current CompileTask:
C2:   7094 3873   !   4       org.eclipse.osgi.internal.loader.BundleLoader::findClass0 (466 bytes)

Stack: [0x000000d653a00000,0x000000d653b00000]
Native frames: (J=compiled Java code, j=interpreted, Vv=VM code, C=native code)
V  [jvm.dll+0x67741a]
V  [jvm.dll+0x834434]
V  [jvm.dll+0x835bde]
V  [jvm.dll+0x836243]
V  [jvm.dll+0x2457b5]
V  [jvm.dll+0xabafc]
V  [jvm.dll+0xac0cc]
V  [jvm.dll+0x363492]
V  [jvm.dll+0x1bbb82]
V  [jvm.dll+0x218749]
V  [jvm.dll+0x217a11]
V  [jvm.dll+0x1a3d0d]
V  [jvm.dll+0x22742a]
V  [jvm.dll+0x225565]
V  [jvm.dll+0x7ea2cb]
V  [jvm.dll+0x7e483a]
V  [jvm.dll+0x6762c5]
C  [ucrtbase.dll+0x29363]
C  [KERNEL32.DLL+0x126bd]
C  [ntdll.dll+0x5a9f8]


---------------  P R O C E S S  ---------------

Threads class SMR info:
_java_thread_list=0x0000023ee6ced010, length=27, elements={
0x0000023ecb639330, 0x0000023ecb6c2370, 0x0000023edf4a7450, 0x0000023ee0f3bf40,
0x0000023ee0f3c800, 0x0000023ee0f3f870, 0x0000023ee0f408d0, 0x0000023ee0f47910,
0x0000023ee0f489b0, 0x0000023ee0f51a80, 0x0000023ee104a090, 0x0000023ee129a280,
0x0000023ee31ab030, 0x0000023ee2632f80, 0x0000023ee35e6220, 0x0000023ee23e6010,
0x0000023ee32f6e80, 0x0000023ee338f040, 0x0000023ee338d360, 0x0000023ee338c020,
0x0000023ee338c4f0, 0x0000023ee338e6a0, 0x0000023ee338ce90, 0x0000023ee338d830,
0x0000023ee338f510, 0x0000023ee6d65780, 0x0000023ee338e1d0
}

Java Threads: ( => current thread )
  0x0000023ecb639330 JavaThread "main" [_thread_blocked, id=13660, stack(0x000000d653100000,0x000000d653200000)]
  0x0000023ecb6c2370 JavaThread "Reference Handler" daemon [_thread_blocked, id=2080, stack(0x000000d653400000,0x000000d653500000)]
  0x0000023edf4a7450 JavaThread "Finalizer" daemon [_thread_blocked, id=27552, stack(0x000000d653500000,0x000000d653600000)]
  0x0000023ee0f3bf40 JavaThread "Signal Dispatcher" daemon [_thread_blocked, id=7252, stack(0x000000d653600000,0x000000d653700000)]
  0x0000023ee0f3c800 JavaThread "Attach Listener" daemon [_thread_blocked, id=23636, stack(0x000000d653700000,0x000000d653800000)]
  0x0000023ee0f3f870 JavaThread "Service Thread" daemon [_thread_blocked, id=10764, stack(0x000000d653800000,0x000000d653900000)]
  0x0000023ee0f408d0 JavaThread "Monitor Deflation Thread" daemon [_thread_blocked, id=18288, stack(0x000000d653900000,0x000000d653a00000)]
=>0x0000023ee0f47910 JavaThread "C2 CompilerThread0" daemon [_thread_in_native, id=24756, stack(0x000000d653a00000,0x000000d653b00000)]
  0x0000023ee0f489b0 JavaThread "C1 CompilerThread0" daemon [_thread_blocked, id=25864, stack(0x000000d653b00000,0x000000d653c00000)]
  0x0000023ee0f51a80 JavaThread "Sweeper thread" daemon [_thread_blocked, id=21776, stack(0x000000d653c00000,0x000000d653d00000)]
  0x0000023ee104a090 JavaThread "Common-Cleaner" daemon [_thread_blocked, id=10908, stack(0x000000d653d00000,0x000000d653e00000)]
  0x0000023ee129a280 JavaThread "Notification Thread" daemon [_thread_blocked, id=8976, stack(0x000000d653f00000,0x000000d654000000)]
  0x0000023ee31ab030 JavaThread "Active Thread: Equinox Container: 51b7e0d4-6b04-41da-934b-456cb719b865" [_thread_blocked, id=26876, stack(0x000000d654800000,0x000000d654900000)]
  0x0000023ee2632f80 JavaThread "Framework Event Dispatcher: Equinox Container: 51b7e0d4-6b04-41da-934b-456cb719b865" daemon [_thread_blocked, id=13692, stack(0x000000d654900000,0x000000d654a00000)]
  0x0000023ee35e6220 JavaThread "Start Level: Equinox Container: 51b7e0d4-6b04-41da-934b-456cb719b865" daemon [_thread_blocked, id=23672, stack(0x000000d654a00000,0x000000d654b00000)]
  0x0000023ee23e6010 JavaThread "SCR Component Actor" daemon [_thread_blocked, id=18980, stack(0x000000d654b00000,0x000000d654c00000)]
  0x0000023ee32f6e80 JavaThread "SCR Component Registry" daemon [_thread_blocked, id=25576, stack(0x000000d654c00000,0x000000d654d00000)]
  0x0000023ee338f040 JavaThread "Worker-JM" [_thread_blocked, id=25148, stack(0x000000d653e00000,0x000000d653f00000)]
  0x0000023ee338d360 JavaThread "Worker-0" [_thread_blocked, id=12004, stack(0x000000d654e00000,0x000000d654f00000)]
  0x0000023ee338c020 JavaThread "Worker-1" [_thread_blocked, id=20404, stack(0x000000d654d00000,0x000000d654e00000)]
  0x0000023ee338c4f0 JavaThread "Java indexing" daemon [_thread_blocked, id=14932, stack(0x000000d655000000,0x000000d655100000)]
  0x0000023ee338e6a0 JavaThread "Worker-2" [_thread_blocked, id=19592, stack(0x000000d655100000,0x000000d655200000)]
  0x0000023ee338ce90 JavaThread "JNA Cleaner" daemon [_thread_blocked, id=5720, stack(0x000000d654f00000,0x000000d655000000)]
  0x0000023ee338d830 JavaThread "Worker-3: Initialize Workspace" [_thread_in_Java, id=7376, stack(0x000000d655400000,0x000000d655500000)]
  0x0000023ee338f510 JavaThread "pool-2-thread-1" [_thread_blocked, id=4040, stack(0x000000d655500000,0x000000d655600000)]
  0x0000023ee6d65780 JavaThread "C2 CompilerThread1" daemon [_thread_in_native, id=5956, stack(0x000000d655600000,0x000000d655700000)]
  0x0000023ee338e1d0 JavaThread "pool-1-thread-1" [_thread_in_native, id=19252, stack(0x000000d655700000,0x000000d655800000)]

Other Threads:
  0x0000023ecb6e96a0 VMThread "VM Thread" [stack: 0x000000d653300000,0x000000d653400000] [id=22352]
  0x0000023ee1288580 WatcherThread [stack: 0x000000d654000000,0x000000d654100000] [id=15460]
  0x0000023ecb64ec10 GCTaskThread "GC Thread#0" [stack: 0x000000d653200000,0x000000d653300000] [id=20880]
  0x0000023ee243ef00 GCTaskThread "GC Thread#1" [stack: 0x000000d654100000,0x000000d654200000] [id=27612]
  0x0000023ee243f1b0 GCTaskThread "GC Thread#2" [stack: 0x000000d654200000,0x000000d654300000] [id=18624]
  0x0000023ee243f460 GCTaskThread "GC Thread#3" [stack: 0x000000d654300000,0x000000d654400000] [id=16476]
  0x0000023ee20c6140 GCTaskThread "GC Thread#4" [stack: 0x000000d654400000,0x000000d654500000] [id=7704]
  0x0000023ee20c63f0 GCTaskThread "GC Thread#5" [stack: 0x000000d654500000,0x000000d654600000] [id=12048]
  0x0000023ee20c66a0 GCTaskThread "GC Thread#6" [stack: 0x000000d654600000,0x000000d654700000] [id=9072]
  0x0000023ee3586080 GCTaskThread "GC Thread#7" [stack: 0x000000d654700000,0x000000d654800000] [id=18960]

Threads with active compile tasks:
C2 CompilerThread0     7121 3873   !   4       org.eclipse.osgi.internal.loader.BundleLoader::findClass0 (466 bytes)

VM state: not at safepoint (normal execution)

VM Mutex/Monitor currently owned by a thread: None

Heap address: 0x00000000c0000000, size: 1024 MB, Compressed Oops mode: 32-bit

CDS archive(s) not mapped
Compressed class space mapped at: 0x0000000100000000-0x0000000140000000, reserved size: 1073741824
Narrow klass base: 0x0000000000000000, Narrow klass shift: 3, Narrow klass range: 0x140000000

GC Precious Log:
 CPUs: 8 total, 8 available
 Memory: 7918M
 Large Page Support: Disabled
 NUMA Support: Disabled
 Compressed Oops: Enabled (32-bit)
 Alignments: Space 512K, Generation 512K, Heap 2M
 Heap Min Capacity: 100M
 Heap Initial Capacity: 100M
 Heap Max Capacity: 1G
 Pre-touch: Disabled
 Parallel Workers: 8

Heap:
 PSYoungGen      total 23040K, used 20306K [0x00000000eab00000, 0x00000000ec580000, 0x0000000100000000)
  eden space 22016K, 87% used [0x00000000eab00000,0x00000000ebdd4ad8,0x00000000ec080000)
  from space 1024K, 100% used [0x00000000ec480000,0x00000000ec580000,0x00000000ec580000)
  to   space 2560K, 0% used [0x00000000ec080000,0x00000000ec080000,0x00000000ec300000)
 ParOldGen       total 68608K, used 13790K [0x00000000c0000000, 0x00000000c4300000, 0x00000000eab00000)
  object space 68608K, 20% used [0x00000000c0000000,0x00000000c0d77af8,0x00000000c4300000)
 Metaspace       used 45432K, committed 46272K, reserved 1097728K
  class space    used 4890K, committed 5248K, reserved 1048576K

Card table byte_map: [0x0000023ecafd0000,0x0000023ecb1e0000] _byte_map_base: 0x0000023eca9d0000

Marking Bits: (ParMarkBitMap*) 0x00007ff9f9a13e70
 Begin Bits: [0x0000023edd2b0000, 0x0000023ede2b0000)
 End Bits:   [0x0000023ede2b0000, 0x0000023edf2b0000)

Polling page: 0x0000023ec95c0000

Metaspace:

Usage:
  Non-class:     39.59 MB used.
      Class:      4.78 MB used.
       Both:     44.37 MB used.

Virtual space:
  Non-class space:       48.00 MB reserved,      40.06 MB ( 83%) committed,  6 nodes.
      Class space:        1.00 GB reserved,       5.12 MB ( <1%) committed,  1 nodes.
             Both:        1.05 GB reserved,      45.19 MB (  4%) committed. 

Chunk freelists:
   Non-Class:  3.22 MB
       Class:  2.89 MB
        Both:  6.11 MB

MaxMetaspaceSize: unlimited
CompressedClassSpaceSize: 1.00 GB
Initial GC threshold: 21.00 MB
Current GC threshold: 58.38 MB
CDS: off
MetaspaceReclaimPolicy: balanced
 - commit_granule_bytes: 65536.
 - commit_granule_words: 8192.
 - virtual_space_node_default_size: 1048576.
 - enlarge_chunks_in_place: 1.
 - new_chunks_are_fully_committed: 0.
 - uncommit_free_chunks: 1.
 - use_allocation_guard: 0.
 - handle_deallocations: 1.


Internal statistics:

num_allocs_failed_limit: 6.
num_arena_births: 364.
num_arena_deaths: 14.
num_vsnodes_births: 7.
num_vsnodes_deaths: 0.
num_space_committed: 723.
num_space_uncommitted: 0.
num_chunks_returned_to_freelist: 20.
num_chunks_taken_from_freelist: 1973.
num_chunk_merges: 10.
num_chunk_splits: 1268.
num_chunks_enlarged: 801.
num_purges: 2.
num_inconsistent_stats: 0.

CodeHeap 'non-profiled nmethods': size=120000Kb used=2107Kb max_used=2107Kb free=117893Kb
 bounds [0x0000023ed5d80000, 0x0000023ed5ff0000, 0x0000023edd2b0000]
CodeHeap 'profiled nmethods': size=120000Kb used=8840Kb max_used=8840Kb free=111159Kb
 bounds [0x0000023ece2b0000, 0x0000023eceb60000, 0x0000023ed57e0000]
CodeHeap 'non-nmethods': size=5760Kb used=1282Kb max_used=1361Kb free=4477Kb
 bounds [0x0000023ed57e0000, 0x0000023ed5a50000, 0x0000023ed5d80000]
 total_blobs=4929 nmethods=4336 adapters=507
 compilation: enabled
              stopped_count=0, restarted_count=0
 full_count=0

Compilation events (20 events):
Event: 6.744 Thread 0x0000023ee6d65780 4079       4       java.util.WeakHashMap::remove (131 bytes)
Event: 6.744 Thread 0x0000023ee0f489b0 4080   !   3       org.eclipse.osgi.internal.loader.classpath.ClasspathManager::defineClass (636 bytes)
Event: 6.747 Thread 0x0000023ee0f489b0 nmethod 4080 0x0000023eceab6f90 code [0x0000023eceab74e0, 0x0000023eceaba818]
Event: 6.747 Thread 0x0000023ee0f489b0 4082   !   3       java.util.regex.Pattern::closure (276 bytes)
Event: 6.749 Thread 0x0000023ee0f489b0 nmethod 4082 0x0000023eceabbd90 code [0x0000023eceabc180, 0x0000023eceabd968]
Event: 6.754 Thread 0x0000023ee6d65780 nmethod 4079 0x0000023ed5f71490 code [0x0000023ed5f71640, 0x0000023ed5f71d58]
Event: 6.755 Thread 0x0000023ee6d65780 4081       4       java.util.Collections$SetFromMap::remove (19 bytes)
Event: 6.763 Thread 0x0000023ee0f489b0 4083       3       org.eclipse.osgi.internal.loader.classpath.ClasspathEntry::findEntry (56 bytes)
Event: 6.763 Thread 0x0000023ee0f489b0 nmethod 4083 0x0000023eceabe310 code [0x0000023eceabe520, 0x0000023eceabec28]
Event: 6.766 Thread 0x0000023ee0f489b0 4086       3       java.util.regex.Pattern$$Lambda$24/0x00000001000b29c8::is (5 bytes)
Event: 6.766 Thread 0x0000023ee0f489b0 nmethod 4086 0x0000023eceabee10 code [0x0000023eceabefc0, 0x0000023eceabf238]
Event: 6.766 Thread 0x0000023ee0f489b0 4087       3       java.util.regex.Pattern::lambda$DOT$4 (34 bytes)
Event: 6.766 Thread 0x0000023ee0f489b0 nmethod 4087 0x0000023eceabf310 code [0x0000023eceabf4a0, 0x0000023eceabf698]
Event: 6.767 Thread 0x0000023ee0f489b0 4088   !   3       org.eclipse.osgi.storage.bundlefile.CloseableBundleFile::lockOpen (113 bytes)
Event: 6.768 Thread 0x0000023ee0f489b0 nmethod 4088 0x0000023eceabf710 code [0x0000023eceabf9c0, 0x0000023eceac0c18]
Event: 6.768 Thread 0x0000023ee0f489b0 4089       3       jdk.internal.math.FDBigInteger::mult (64 bytes)
Event: 6.769 Thread 0x0000023ee0f489b0 nmethod 4089 0x0000023eceac1290 code [0x0000023eceac1440, 0x0000023eceac16b8]
Event: 6.769 Thread 0x0000023ee0f489b0 4090       3       jdk.internal.math.FDBigInteger::<init> (30 bytes)
Event: 6.769 Thread 0x0000023ee6d65780 nmethod 4081 0x0000023ed5f72290 code [0x0000023ed5f72440, 0x0000023ed5f72b98]
Event: 6.769 Thread 0x0000023ee0f489b0 nmethod 4090 0x0000023eceac1890 code [0x0000023eceac1a40, 0x0000023eceac1c08]

GC Heap History (20 events):
Event: 2.671 GC heap before
{Heap before GC invocations=5 (full 1):
 PSYoungGen      total 29696K, used 4093K [0x00000000eab00000, 0x00000000ecc00000, 0x0000000100000000)
  eden space 25600K, 0% used [0x00000000eab00000,0x00000000eab00000,0x00000000ec400000)
  from space 4096K, 99% used [0x00000000ec800000,0x00000000ecbff410,0x00000000ecc00000)
  to   space 4096K, 0% used [0x00000000ec400000,0x00000000ec400000,0x00000000ec800000)
 ParOldGen       total 68608K, used 3955K [0x00000000c0000000, 0x00000000c4300000, 0x00000000eab00000)
  object space 68608K, 5% used [0x00000000c0000000,0x00000000c03dcc70,0x00000000c4300000)
 Metaspace       used 21063K, committed 21504K, reserved 1073152K
  class space    used 2129K, committed 2368K, reserved 1048576K
}
Event: 2.697 GC heap after
{Heap after GC invocations=5 (full 1):
 PSYoungGen      total 29696K, used 0K [0x00000000eab00000, 0x00000000ecc00000, 0x0000000100000000)
  eden space 25600K, 0% used [0x00000000eab00000,0x00000000eab00000,0x00000000ec400000)
  from space 4096K, 0% used [0x00000000ec800000,0x00000000ec800000,0x00000000ecc00000)
  to   space 4096K, 0% used [0x00000000ec400000,0x00000000ec400000,0x00000000ec800000)
 ParOldGen       total 68608K, used 7846K [0x00000000c0000000, 0x00000000c4300000, 0x00000000eab00000)
  object space 68608K, 11% used [0x00000000c0000000,0x00000000c07a9920,0x00000000c4300000)
 Metaspace       used 21050K, committed 21504K, reserved 1073152K
  class space    used 2126K, committed 2368K, reserved 1048576K
}
Event: 3.244 GC heap before
{Heap before GC invocations=6 (full 1):
 PSYoungGen      total 29696K, used 25423K [0x00000000eab00000, 0x00000000ecc00000, 0x0000000100000000)
  eden space 25600K, 99% used [0x00000000eab00000,0x00000000ec3d3cf8,0x00000000ec400000)
  from space 4096K, 0% used [0x00000000ec800000,0x00000000ec800000,0x00000000ecc00000)
  to   space 4096K, 0% used [0x00000000ec400000,0x00000000ec400000,0x00000000ec800000)
 ParOldGen       total 68608K, used 7846K [0x00000000c0000000, 0x00000000c4300000, 0x00000000eab00000)
  object space 68608K, 11% used [0x00000000c0000000,0x00000000c07a9920,0x00000000c4300000)
 Metaspace       used 24553K, committed 25088K, reserved 1073152K
  class space    used 2531K, committed 2752K, reserved 1048576K
}
Event: 3.246 GC heap after
{Heap after GC invocations=6 (full 1):
 PSYoungGen      total 27136K, used 1991K [0x00000000eab00000, 0x00000000ec980000, 0x0000000100000000)
  eden space 25088K, 0% used [0x00000000eab00000,0x00000000eab00000,0x00000000ec380000)
  from space 2048K, 97% used [0x00000000ec400000,0x00000000ec5f1f90,0x00000000ec600000)
  to   space 3072K, 0% used [0x00000000ec680000,0x00000000ec680000,0x00000000ec980000)
 ParOldGen       total 68608K, used 7854K [0x00000000c0000000, 0x00000000c4300000, 0x00000000eab00000)
  object space 68608K, 11% used [0x00000000c0000000,0x00000000c07ab920,0x00000000c4300000)
 Metaspace       used 24553K, committed 25088K, reserved 1073152K
  class space    used 2531K, committed 2752K, reserved 1048576K
}
Event: 3.532 GC heap before
{Heap before GC invocations=7 (full 1):
 PSYoungGen      total 27136K, used 27046K [0x00000000eab00000, 0x00000000ec980000, 0x0000000100000000)
  eden space 25088K, 99% used [0x00000000eab00000,0x00000000ec3778f8,0x00000000ec380000)
  from space 2048K, 97% used [0x00000000ec400000,0x00000000ec5f1f90,0x00000000ec600000)
  to   space 3072K, 0% used [0x00000000ec680000,0x00000000ec680000,0x00000000ec980000)
 ParOldGen       total 68608K, used 7854K [0x00000000c0000000, 0x00000000c4300000, 0x00000000eab00000)
  object space 68608K, 11% used [0x00000000c0000000,0x00000000c07ab920,0x00000000c4300000)
 Metaspace       used 27729K, committed 28352K, reserved 1081344K
  class space    used 2769K, committed 3008K, reserved 1048576K
}
Event: 3.534 GC heap after
{Heap after GC invocations=7 (full 1):
 PSYoungGen      total 27648K, used 3052K [0x00000000eab00000, 0x00000000eca00000, 0x0000000100000000)
  eden space 24576K, 0% used [0x00000000eab00000,0x00000000eab00000,0x00000000ec300000)
  from space 3072K, 99% used [0x00000000ec680000,0x00000000ec97b1f0,0x00000000ec980000)
  to   space 3584K, 0% used [0x00000000ec300000,0x00000000ec300000,0x00000000ec680000)
 ParOldGen       total 68608K, used 8086K [0x00000000c0000000, 0x00000000c4300000, 0x00000000eab00000)
  object space 68608K, 11% used [0x00000000c0000000,0x00000000c07e5920,0x00000000c4300000)
 Metaspace       used 27729K, committed 28352K, reserved 1081344K
  class space    used 2769K, committed 3008K, reserved 1048576K
}
Event: 3.927 GC heap before
{Heap before GC invocations=8 (full 1):
 PSYoungGen      total 27648K, used 27628K [0x00000000eab00000, 0x00000000eca00000, 0x0000000100000000)
  eden space 24576K, 100% used [0x00000000eab00000,0x00000000ec300000,0x00000000ec300000)
  from space 3072K, 99% used [0x00000000ec680000,0x00000000ec97b1f0,0x00000000ec980000)
  to   space 3584K, 0% used [0x00000000ec300000,0x00000000ec300000,0x00000000ec680000)
 ParOldGen       total 68608K, used 8086K [0x00000000c0000000, 0x00000000c4300000, 0x00000000eab00000)
  object space 68608K, 11% used [0x00000000c0000000,0x00000000c07e5920,0x00000000c4300000)
 Metaspace       used 31097K, committed 31744K, reserved 1081344K
  class space    used 3073K, committed 3328K, reserved 1048576K
}
Event: 3.929 GC heap after
{Heap after GC invocations=8 (full 1):
 PSYoungGen      total 27136K, used 2988K [0x00000000eab00000, 0x00000000ec980000, 0x0000000100000000)
  eden space 24064K, 0% used [0x00000000eab00000,0x00000000eab00000,0x00000000ec280000)
  from space 3072K, 97% used [0x00000000ec300000,0x00000000ec5eb340,0x00000000ec600000)
  to   space 3584K, 0% used [0x00000000ec600000,0x00000000ec600000,0x00000000ec980000)
 ParOldGen       total 68608K, used 8094K [0x00000000c0000000, 0x00000000c4300000, 0x00000000eab00000)
  object space 68608K, 11% used [0x00000000c0000000,0x00000000c07e7920,0x00000000c4300000)
 Metaspace       used 31097K, committed 31744K, reserved 1081344K
  class space    used 3073K, committed 3328K, reserved 1048576K
}
Event: 4.549 GC heap before
{Heap before GC invocations=9 (full 1):
 PSYoungGen      total 27136K, used 27052K [0x00000000eab00000, 0x00000000ec980000, 0x0000000100000000)
  eden space 24064K, 100% used [0x00000000eab00000,0x00000000ec280000,0x00000000ec280000)
  from space 3072K, 97% used [0x00000000ec300000,0x00000000ec5eb340,0x00000000ec600000)
  to   space 3584K, 0% used [0x00000000ec600000,0x00000000ec600000,0x00000000ec980000)
 ParOldGen       total 68608K, used 8094K [0x00000000c0000000, 0x00000000c4300000, 0x00000000eab00000)
  object space 68608K, 11% used [0x00000000c0000000,0x00000000c07e7920,0x00000000c4300000)
 Metaspace       used 35029K, committed 35648K, reserved 1081344K
  class space    used 3564K, committed 3840K, reserved 1048576K
}
Event: 4.552 GC heap after
{Heap after GC invocations=9 (full 1):
 PSYoungGen      total 26624K, used 3571K [0x00000000eab00000, 0x00000000ecb00000, 0x0000000100000000)
  eden space 23040K, 0% used [0x00000000eab00000,0x00000000eab00000,0x00000000ec180000)
  from space 3584K, 99% used [0x00000000ec600000,0x00000000ec97cea0,0x00000000ec980000)
  to   space 4608K, 0% used [0x00000000ec180000,0x00000000ec180000,0x00000000ec600000)
 ParOldGen       total 68608K, used 8718K [0x00000000c0000000, 0x00000000c4300000, 0x00000000eab00000)
  object space 68608K, 12% used [0x00000000c0000000,0x00000000c0883950,0x00000000c4300000)
 Metaspace       used 35029K, committed 35648K, reserved 1081344K
  class space    used 3564K, committed 3840K, reserved 1048576K
}
Event: 4.611 GC heap before
{Heap before GC invocations=10 (full 1):
 PSYoungGen      total 26624K, used 4916K [0x00000000eab00000, 0x00000000ecb00000, 0x0000000100000000)
  eden space 23040K, 5% used [0x00000000eab00000,0x00000000eac501e0,0x00000000ec180000)
  from space 3584K, 99% used [0x00000000ec600000,0x00000000ec97cea0,0x00000000ec980000)
  to   space 4608K, 0% used [0x00000000ec180000,0x00000000ec180000,0x00000000ec600000)
 ParOldGen       total 68608K, used 8718K [0x00000000c0000000, 0x00000000c4300000, 0x00000000eab00000)
  object space 68608K, 12% used [0x00000000c0000000,0x00000000c0883950,0x00000000c4300000)
 Metaspace       used 35206K, committed 35840K, reserved 1081344K
  class space    used 3598K, committed 3904K, reserved 1048576K
}
Event: 4.614 GC heap after
{Heap after GC invocations=10 (full 1):
 PSYoungGen      total 25088K, used 1867K [0x00000000eab00000, 0x00000000ec800000, 0x0000000100000000)
  eden space 23040K, 0% used [0x00000000eab00000,0x00000000eab00000,0x00000000ec180000)
  from space 2048K, 91% used [0x00000000ec180000,0x00000000ec352cc8,0x00000000ec380000)
  to   space 3072K, 0% used [0x00000000ec500000,0x00000000ec500000,0x00000000ec800000)
 ParOldGen       total 68608K, used 10591K [0x00000000c0000000, 0x00000000c4300000, 0x00000000eab00000)
  object space 68608K, 15% used [0x00000000c0000000,0x00000000c0a57f38,0x00000000c4300000)
 Metaspace       used 35206K, committed 35840K, reserved 1081344K
  class space    used 3598K, committed 3904K, reserved 1048576K
}
Event: 4.614 GC heap before
{Heap before GC invocations=11 (full 2):
 PSYoungGen      total 25088K, used 1867K [0x00000000eab00000, 0x00000000ec800000, 0x0000000100000000)
  eden space 23040K, 0% used [0x00000000eab00000,0x00000000eab00000,0x00000000ec180000)
  from space 2048K, 91% used [0x00000000ec180000,0x00000000ec352cc8,0x00000000ec380000)
  to   space 3072K, 0% used [0x00000000ec500000,0x00000000ec500000,0x00000000ec800000)
 ParOldGen       total 68608K, used 10591K [0x00000000c0000000, 0x00000000c4300000, 0x00000000eab00000)
  object space 68608K, 15% used [0x00000000c0000000,0x00000000c0a57f38,0x00000000c4300000)
 Metaspace       used 35206K, committed 35840K, reserved 1081344K
  class space    used 3598K, committed 3904K, reserved 1048576K
}
Event: 4.634 GC heap after
{Heap after GC invocations=11 (full 2):
 PSYoungGen      total 25088K, used 0K [0x00000000eab00000, 0x00000000ec800000, 0x0000000100000000)
  eden space 23040K, 0% used [0x00000000eab00000,0x00000000eab00000,0x00000000ec180000)
  from space 2048K, 0% used [0x00000000ec180000,0x00000000ec180000,0x00000000ec380000)
  to   space 3072K, 0% used [0x00000000ec500000,0x00000000ec500000,0x00000000ec800000)
 ParOldGen       total 68608K, used 11935K [0x00000000c0000000, 0x00000000c4300000, 0x00000000eab00000)
  object space 68608K, 17% used [0x00000000c0000000,0x00000000c0ba7ca0,0x00000000c4300000)
 Metaspace       used 35206K, committed 35840K, reserved 1081344K
  class space    used 3598K, committed 3904K, reserved 1048576K
}
Event: 4.907 GC heap before
{Heap before GC invocations=12 (full 2):
 PSYoungGen      total 25088K, used 23040K [0x00000000eab00000, 0x00000000ec800000, 0x0000000100000000)
  eden space 23040K, 100% used [0x00000000eab00000,0x00000000ec180000,0x00000000ec180000)
  from space 2048K, 0% used [0x00000000ec180000,0x00000000ec180000,0x00000000ec380000)
  to   space 3072K, 0% used [0x00000000ec500000,0x00000000ec500000,0x00000000ec800000)
 ParOldGen       total 68608K, used 11935K [0x00000000c0000000, 0x00000000c4300000, 0x00000000eab00000)
  object space 68608K, 17% used [0x00000000c0000000,0x00000000c0ba7ca0,0x00000000c4300000)
 Metaspace       used 37507K, committed 38336K, reserved 1089536K
  class space    used 3911K, committed 4288K, reserved 1048576K
}
Event: 4.909 GC heap after
{Heap after GC invocations=12 (full 2):
 PSYoungGen      total 23552K, used 886K [0x00000000eab00000, 0x00000000ec600000, 0x0000000100000000)
  eden space 22528K, 0% used [0x00000000eab00000,0x00000000eab00000,0x00000000ec100000)
  from space 1024K, 86% used [0x00000000ec500000,0x00000000ec5dd9e0,0x00000000ec600000)
  to   space 1536K, 0% used [0x00000000ec300000,0x00000000ec300000,0x00000000ec480000)
 ParOldGen       total 68608K, used 11943K [0x00000000c0000000, 0x00000000c4300000, 0x00000000eab00000)
  object space 68608K, 17% used [0x00000000c0000000,0x00000000c0ba9ca0,0x00000000c4300000)
 Metaspace       used 37507K, committed 38336K, reserved 1089536K
  class space    used 3911K, committed 4288K, reserved 1048576K
}
Event: 5.908 GC heap before
{Heap before GC invocations=13 (full 2):
 PSYoungGen      total 23552K, used 23414K [0x00000000eab00000, 0x00000000ec600000, 0x0000000100000000)
  eden space 22528K, 100% used [0x00000000eab00000,0x00000000ec100000,0x00000000ec100000)
  from space 1024K, 86% used [0x00000000ec500000,0x00000000ec5dd9e0,0x00000000ec600000)
  to   space 1536K, 0% used [0x00000000ec300000,0x00000000ec300000,0x00000000ec480000)
 ParOldGen       total 68608K, used 11943K [0x00000000c0000000, 0x00000000c4300000, 0x00000000eab00000)
  object space 68608K, 17% used [0x00000000c0000000,0x00000000c0ba9ca0,0x00000000c4300000)
 Metaspace       used 40347K, committed 41024K, reserved 1089536K
  class space    used 4262K, committed 4608K, reserved 1048576K
}
Event: 5.910 GC heap after
{Heap after GC invocations=13 (full 2):
 PSYoungGen      total 23552K, used 1072K [0x00000000eab00000, 0x00000000ec580000, 0x0000000100000000)
  eden space 22016K, 0% used [0x00000000eab00000,0x00000000eab00000,0x00000000ec080000)
  from space 1536K, 69% used [0x00000000ec300000,0x00000000ec40c010,0x00000000ec480000)
  to   space 1024K, 0% used [0x00000000ec480000,0x00000000ec480000,0x00000000ec580000)
 ParOldGen       total 68608K, used 12669K [0x00000000c0000000, 0x00000000c4300000, 0x00000000eab00000)
  object space 68608K, 18% used [0x00000000c0000000,0x00000000c0c5f680,0x00000000c4300000)
 Metaspace       used 40347K, committed 41024K, reserved 1089536K
  class space    used 4262K, committed 4608K, reserved 1048576K
}
Event: 6.633 GC heap before
{Heap before GC invocations=14 (full 2):
 PSYoungGen      total 23552K, used 23088K [0x00000000eab00000, 0x00000000ec580000, 0x0000000100000000)
  eden space 22016K, 100% used [0x00000000eab00000,0x00000000ec080000,0x00000000ec080000)
  from space 1536K, 69% used [0x00000000ec300000,0x00000000ec40c010,0x00000000ec480000)
  to   space 1024K, 0% used [0x00000000ec480000,0x00000000ec480000,0x00000000ec580000)
 ParOldGen       total 68608K, used 12669K [0x00000000c0000000, 0x00000000c4300000, 0x00000000eab00000)
  object space 68608K, 18% used [0x00000000c0000000,0x00000000c0c5f680,0x00000000c4300000)
 Metaspace       used 43028K, committed 43840K, reserved 1089536K
  class space    used 4620K, committed 4992K, reserved 1048576K
}
Event: 6.636 GC heap after
{Heap after GC invocations=14 (full 2):
 PSYoungGen      total 23040K, used 1024K [0x00000000eab00000, 0x00000000ec580000, 0x0000000100000000)
  eden space 22016K, 0% used [0x00000000eab00000,0x00000000eab00000,0x00000000ec080000)
  from space 1024K, 100% used [0x00000000ec480000,0x00000000ec580000,0x00000000ec580000)
  to   space 2560K, 0% used [0x00000000ec080000,0x00000000ec080000,0x00000000ec300000)
 ParOldGen       total 68608K, used 13790K [0x00000000c0000000, 0x00000000c4300000, 0x00000000eab00000)
  object space 68608K, 20% used [0x00000000c0000000,0x00000000c0d77af8,0x00000000c4300000)
 Metaspace       used 43028K, committed 43840K, reserved 1089536K
  class space    used 4620K, committed 4992K, reserved 1048576K
}

Dll operation events (10 events):
Event: 0.010 Loaded shared library c:\Users\Umar Shahid\.vscode\extensions\redhat.java-1.16.0-win32-x64\jre\17.0.6-win32-x86_64\bin\java.dll
Event: 0.150 Loaded shared library c:\Users\Umar Shahid\.vscode\extensions\redhat.java-1.16.0-win32-x64\jre\17.0.6-win32-x86_64\bin\zip.dll
Event: 0.152 Loaded shared library C:\Users\Umar Shahid\.vscode\extensions\redhat.java-1.16.0-win32-x64\jre\17.0.6-win32-x86_64\bin\instrument.dll
Event: 0.166 Loaded shared library C:\Users\Umar Shahid\.vscode\extensions\redhat.java-1.16.0-win32-x64\jre\17.0.6-win32-x86_64\bin\net.dll
Event: 0.167 Loaded shared library C:\Users\Umar Shahid\.vscode\extensions\redhat.java-1.16.0-win32-x64\jre\17.0.6-win32-x86_64\bin\nio.dll
Event: 0.176 Loaded shared library C:\Users\Umar Shahid\.vscode\extensions\redhat.java-1.16.0-win32-x64\jre\17.0.6-win32-x86_64\bin\zip.dll
Event: 0.187 Loaded shared library C:\Users\Umar Shahid\.vscode\extensions\redhat.java-1.16.0-win32-x64\jre\17.0.6-win32-x86_64\bin\jimage.dll
Event: 0.227 Loaded shared library c:\Users\Umar Shahid\.vscode\extensions\redhat.java-1.16.0-win32-x64\jre\17.0.6-win32-x86_64\bin\verify.dll
Event: 1.633 Loaded shared library C:\Users\Umar Shahid\AppData\Roaming\Code\User\globalStorage\redhat.java\1.16.0\config_win\org.eclipse.equinox.launcher\org.eclipse.equinox.launcher.win32.win32.x86_64_1.2.700.v20221108-1024\eclipse_11801.dll
Event: 4.212 Loaded shared library C:\Users\Umar Shahid\AppData\Local\Temp\jna-330918542\jna7054842206137580486.dll

Deoptimization events (20 events):
Event: 6.678 Thread 0x0000023ee338d360 Uncommon trap: trap_request=0xffffff45 fr.pc=0x0000023ed5ea5090 relative=0x00000000000005d0
Event: 6.678 Thread 0x0000023ee338d360 Uncommon trap: reason=unstable_if action=reinterpret pc=0x0000023ed5ea5090 method=java.util.TreeMap.put(Ljava/lang/Object;Ljava/lang/Object;Z)Ljava/lang/Object; @ 27 c2
Event: 6.678 Thread 0x0000023ee338d360 DEOPT PACKING pc=0x0000023ed5ea5090 sp=0x000000d654efaf30
Event: 6.678 Thread 0x0000023ee338d360 DEOPT UNPACKING pc=0x0000023ed5839ea3 sp=0x000000d654efaec0 mode 2
Event: 6.730 Thread 0x0000023ee338d360 Uncommon trap: trap_request=0xffffff45 fr.pc=0x0000023ed5f6f6cc relative=0x000000000000018c
Event: 6.730 Thread 0x0000023ee338d360 Uncommon trap: reason=unstable_if action=reinterpret pc=0x0000023ed5f6f6cc method=org.eclipse.sisu.inject.InjectorBindings.isAssignableFrom(Lcom/google/inject/TypeLiteral;Lcom/google/inject/Binding;)Z @ 14 c2
Event: 6.730 Thread 0x0000023ee338d360 DEOPT PACKING pc=0x0000023ed5f6f6cc sp=0x000000d654efde80
Event: 6.730 Thread 0x0000023ee338d360 DEOPT UNPACKING pc=0x0000023ed5839ea3 sp=0x000000d654efde20 mode 2
Event: 6.754 Thread 0x0000023ee338c020 Uncommon trap: trap_request=0xffffff45 fr.pc=0x0000023ed5ed9a5c relative=0x000000000000285c
Event: 6.754 Thread 0x0000023ee338c020 Uncommon trap: reason=unstable_if action=reinterpret pc=0x0000023ed5ed9a5c method=java.util.concurrent.locks.ReentrantLock$Sync.lock()V @ 4 c2
Event: 6.755 Thread 0x0000023ee338c020 DEOPT PACKING pc=0x0000023ed5ed9a5c sp=0x000000d654dfe450
Event: 6.755 Thread 0x0000023ee338c020 DEOPT UNPACKING pc=0x0000023ed5839ea3 sp=0x000000d654dfe2f8 mode 2
Event: 6.766 Thread 0x0000023ee338c020 Uncommon trap: trap_request=0xffffff45 fr.pc=0x0000023ed5eff584 relative=0x0000000000001d24
Event: 6.766 Thread 0x0000023ee338c020 Uncommon trap: reason=unstable_if action=reinterpret pc=0x0000023ed5eff584 method=java.util.concurrent.locks.ReentrantLock$Sync.lock()V @ 4 c2
Event: 6.766 Thread 0x0000023ee338c020 DEOPT PACKING pc=0x0000023ed5eff584 sp=0x000000d654dfe180
Event: 6.766 Thread 0x0000023ee338c020 DEOPT UNPACKING pc=0x0000023ed5839ea3 sp=0x000000d654dfe088 mode 2
Event: 6.767 Thread 0x0000023ee338c020 Uncommon trap: trap_request=0xffffff45 fr.pc=0x0000023ed5ebeef8 relative=0x0000000000000458
Event: 6.767 Thread 0x0000023ee338c020 Uncommon trap: reason=unstable_if action=reinterpret pc=0x0000023ed5ebeef8 method=java.util.concurrent.locks.ReentrantLock$Sync.lock()V @ 4 c2
Event: 6.767 Thread 0x0000023ee338c020 DEOPT PACKING pc=0x0000023ed5ebeef8 sp=0x000000d654dfde70
Event: 6.767 Thread 0x0000023ee338c020 DEOPT UNPACKING pc=0x0000023ed5839ea3 sp=0x000000d654dfdd78 mode 2

Classes unloaded (7 events):
Event: 2.674 Thread 0x0000023ecb6e96a0 Unloading class 0x0000000100216400 'java/lang/invoke/LambdaForm$MH+0x0000000100216400'
Event: 2.674 Thread 0x0000023ecb6e96a0 Unloading class 0x0000000100216000 'java/lang/invoke/LambdaForm$MH+0x0000000100216000'
Event: 2.674 Thread 0x0000023ecb6e96a0 Unloading class 0x0000000100215c00 'java/lang/invoke/LambdaForm$MH+0x0000000100215c00'
Event: 2.674 Thread 0x0000023ecb6e96a0 Unloading class 0x0000000100215800 'java/lang/invoke/LambdaForm$MH+0x0000000100215800'
Event: 2.674 Thread 0x0000023ecb6e96a0 Unloading class 0x0000000100215000 'java/lang/invoke/LambdaForm$BMH+0x0000000100215000'
Event: 2.674 Thread 0x0000023ecb6e96a0 Unloading class 0x0000000100214c00 'java/lang/invoke/LambdaForm$DMH+0x0000000100214c00'
Event: 2.674 Thread 0x0000023ecb6e96a0 Unloading class 0x0000000100212000 'java/lang/invoke/LambdaForm$DMH+0x0000000100212000'

Classes redefined (0 events):
No events

Internal exceptions (20 events):
Event: 3.766 Thread 0x0000023ee35e6220 Exception <a 'java/lang/NoSuchMethodError'{0x00000000ebcb0550}: 'void java.lang.invoke.DirectMethodHandle$Holder.invokeVirtual(java.lang.Object, java.lang.Object)'> (0x00000000ebcb0550) 
thrown [s\src\hotspot\share\interpreter\linkResolver.cpp, line 759]
Event: 3.804 Thread 0x0000023ee35e6220 Exception <a 'java/lang/NoSuchMethodError'{0x00000000ebed4a80}: 'java.lang.Object java.lang.invoke.DirectMethodHandle$Holder.invokeStaticInit(java.lang.Object, int, int, int, int)'> (0x00000000ebed4a80) 
thrown [s\src\hotspot\share\interpreter\linkResolver.cpp, line 759]
Event: 3.859 Thread 0x0000023ee35e6220 Exception <a 'java/lang/NoSuchMethodError'{0x00000000ebf723d8}: 'java.lang.Object java.lang.invoke.DirectMethodHandle$Holder.invokeStaticInit(java.lang.Object, java.lang.Object, int, int, int, int)'> (0x00000000ebf723d8) 
thrown [s\src\hotspot\share\interpreter\linkResolver.cpp, line 759]
Event: 3.923 Thread 0x0000023ee35e6220 Exception <a 'java/lang/ClassNotFoundException'{0x00000000ec2bebe0}: com/sun/org/apache/xml/internal/serializer/spi/XMLEntitiesProvider> (0x00000000ec2bebe0) 
thrown [s\src\hotspot\share\classfile\systemDictionary.cpp, line 256]
Event: 4.026 Thread 0x0000023ee35e6220 Exception <a 'java/io/FileNotFoundException'{0x00000000eae520b0}> (0x00000000eae520b0) 
thrown [s\src\hotspot\share\prims\jni.cpp, line 516]
Event: 4.137 Thread 0x0000023ee338c020 Exception <a 'java/lang/NoSuchMethodError'{0x00000000eafba800}: 'void java.lang.invoke.DirectMethodHandle$Holder.invokeStatic(java.lang.Object, java.lang.Object, java.lang.Object, java.lang.Object)'> (0x00000000eafba800) 
thrown [s\src\hotspot\share\interpreter\linkResolver.cpp, line 759]
Event: 4.267 Thread 0x0000023ee35e6220 Exception <a 'java/lang/UnsatisfiedLinkError'{0x00000000eb4bbbc8}: The specified procedure could not be found.
> (0x00000000eb4bbbc8) 
thrown [s\src\hotspot\share\prims\jni.cpp, line 535]
Event: 4.276 Thread 0x0000023ee35e6220 Exception <a 'java/io/FileNotFoundException'{0x00000000eb4dea60}> (0x00000000eb4dea60) 
thrown [s\src\hotspot\share\prims\jni.cpp, line 516]
Event: 4.294 Thread 0x0000023ee35e6220 Exception <a 'java/io/FileNotFoundException'{0x00000000eb619c98}> (0x00000000eb619c98) 
thrown [s\src\hotspot\share\prims\jni.cpp, line 516]
Event: 4.307 Thread 0x0000023ee35e6220 Exception <a 'java/lang/UnsatisfiedLinkError'{0x00000000eb7373f0}: The specified procedure could not be found.
> (0x00000000eb7373f0) 
thrown [s\src\hotspot\share\prims\jni.cpp, line 535]
Event: 4.377 Thread 0x0000023ecb639330 Exception <a 'sun/nio/fs/WindowsException'{0x00000000eb949ae0}> (0x00000000eb949ae0) 
thrown [s\src\hotspot\share\prims\jni.cpp, line 516]
Event: 4.544 Thread 0x0000023ecb639330 Exception <a 'java/lang/NoSuchMethodError'{0x00000000ec1fcb90}: 'java.lang.Object java.lang.invoke.DirectMethodHandle$Holder.invokeStatic(java.lang.Object, java.lang.Object, long, java.lang.Object)'> (0x00000000ec1fcb90) 
thrown [s\src\hotspot\share\interpreter\linkResolver.cpp, line 759]
Event: 4.544 Thread 0x0000023ecb639330 Exception <a 'java/lang/NoSuchMethodError'{0x00000000ec21d1e8}: 'java.lang.Object java.lang.invoke.DirectMethodHandle$Holder.invokeStaticInit(java.lang.Object, java.lang.Object, long, java.lang.Object)'> (0x00000000ec21d1e8) 
thrown [s\src\hotspot\share\interpreter\linkResolver.cpp, line 759]
Event: 4.545 Thread 0x0000023ecb639330 Exception <a 'java/lang/NoSuchMethodError'{0x00000000ec2237f8}: 'java.lang.Object java.lang.invoke.DirectMethodHandle$Holder.newInvokeSpecial(java.lang.Object, java.lang.Object, long)'> (0x00000000ec2237f8) 
thrown [s\src\hotspot\share\interpreter\linkResolver.cpp, line 759]
Event: 4.545 Thread 0x0000023ecb639330 Exception <a 'java/lang/NoSuchMethodError'{0x00000000ec227238}: 'java.lang.Object java.lang.invoke.Invokers$Holder.linkToTargetMethod(java.lang.Object, long, java.lang.Object)'> (0x00000000ec227238) 
thrown [s\src\hotspot\share\interpreter\linkResolver.cpp, line 759]
Event: 4.693 Thread 0x0000023ee338c020 Exception <a 'java/lang/NoClassDefFoundError'{0x00000000eaf40738}: javax/enterprise/inject/Typed> (0x00000000eaf40738) 
thrown [s\src\hotspot\share\classfile\systemDictionary.cpp, line 245]
Event: 4.883 Thread 0x0000023ecb639330 Exception <a 'java/lang/NoSuchMethodError'{0x00000000ebfecfe8}: 'void java.lang.invoke.DirectMethodHandle$Holder.invokeSpecial(java.lang.Object, java.lang.Object, java.lang.Object, java.lang.Object, java.lang.Object, java.lang.Object)'> (0x00000000ebfecfe8) 
thrown [s\src\hotspot\share\interpreter\linkResolver.cpp, line 759]
Event: 4.887 Thread 0x0000023ecb639330 Exception <a 'java/lang/IncompatibleClassChangeError'{0x00000000ebff5c10}: Found class java.lang.Object, but interface was expected> (0x00000000ebff5c10) 
thrown [s\src\hotspot\share\interpreter\linkResolver.cpp, line 826]
Event: 5.090 Thread 0x0000023ee338e1d0 Exception <a 'java/io/FileNotFoundException'{0x00000000eb3b81c0}> (0x00000000eb3b81c0) 
thrown [s\src\hotspot\share\prims\jni.cpp, line 516]
Event: 6.478 Thread 0x0000023ee338c020 Exception <a 'java/lang/NoClassDefFoundError'{0x00000000ebbfe4b0}: com/google/inject/servlet/ServletModuleTargetVisitor> (0x00000000ebbfe4b0) 
thrown [s\src\hotspot\share\classfile\systemDictionary.cpp, line 245]

VM Operations (20 events):
Event: 4.687 Executing VM operation: HandshakeAllThreads
Event: 4.687 Executing VM operation: HandshakeAllThreads done
Event: 4.703 Executing VM operation: HandshakeAllThreads
Event: 4.703 Executing VM operation: HandshakeAllThreads done
Event: 4.907 Executing VM operation: ParallelGCFailedAllocation
Event: 4.911 Executing VM operation: ParallelGCFailedAllocation done
Event: 5.055 Executing VM operation: HandshakeAllThreads
Event: 5.079 Executing VM operation: HandshakeAllThreads done
Event: 5.398 Executing VM operation: HandshakeAllThreads
Event: 5.398 Executing VM operation: HandshakeAllThreads done
Event: 5.908 Executing VM operation: ParallelGCFailedAllocation
Event: 5.910 Executing VM operation: ParallelGCFailedAllocation done
Event: 5.946 Executing VM operation: HandshakeAllThreads
Event: 5.946 Executing VM operation: HandshakeAllThreads done
Event: 6.294 Executing VM operation: HandshakeAllThreads
Event: 6.294 Executing VM operation: HandshakeAllThreads done
Event: 6.620 Executing VM operation: HandshakeAllThreads
Event: 6.620 Executing VM operation: HandshakeAllThreads done
Event: 6.633 Executing VM operation: ParallelGCFailedAllocation
Event: 6.636 Executing VM operation: ParallelGCFailedAllocation done

Events (20 events):
Event: 6.017 loading class java/lang/InheritableThreadLocal
Event: 6.017 loading class java/lang/InheritableThreadLocal done
Event: 6.117 loading class java/nio/channels/SocketChannel
Event: 6.117 loading class java/nio/channels/NetworkChannel
Event: 6.117 loading class java/nio/channels/NetworkChannel done
Event: 6.117 loading class java/nio/channels/spi/AbstractSelectableChannel
Event: 6.118 loading class java/nio/channels/spi/AbstractSelectableChannel done
Event: 6.118 loading class java/nio/channels/SocketChannel done
Event: 6.118 loading class java/nio/channels/ServerSocketChannel
Event: 6.118 loading class java/nio/channels/ServerSocketChannel done
Event: 6.121 loading class javax/net/ssl/SSLSocketFactory
Event: 6.123 loading class javax/net/SocketFactory
Event: 6.124 loading class javax/net/SocketFactory done
Event: 6.124 loading class javax/net/ssl/SSLSocketFactory done
Event: 6.493 loading class java/lang/ProcessEnvironment$CheckedKeySet
Event: 6.493 loading class java/lang/ProcessEnvironment$CheckedKeySet done
Event: 6.762 loading class java/util/regex/Pattern$Pos
Event: 6.762 loading class java/util/regex/Pattern$Pos done
Event: 6.768 loading class jdk/internal/math/FDBigInteger
Event: 6.768 loading class jdk/internal/math/FDBigInteger done


Dynamic libraries:
0x00007ff6d64b0000 - 0x00007ff6d64be000 	c:\Users\Umar Shahid\.vscode\extensions\redhat.java-1.16.0-win32-x64\jre\17.0.6-win32-x86_64\bin\java.exe
0x00007ffa6b150000 - 0x00007ffa6b364000 	C:\WINDOWS\SYSTEM32\ntdll.dll
0x00007ffa68fe0000 - 0x00007ffa690a3000 	C:\WINDOWS\System32\KERNEL32.DLL
0x00007ffa68720000 - 0x00007ffa68abc000 	C:\WINDOWS\System32\KERNELBASE.dll
0x00007ffa68cf0000 - 0x00007ffa68e01000 	C:\WINDOWS\System32\ucrtbase.dll
0x00007ffa602b0000 - 0x00007ffa602c9000 	c:\Users\Umar Shahid\.vscode\extensions\redhat.java-1.16.0-win32-x64\jre\17.0.6-win32-x86_64\bin\VCRUNTIME140.dll
0x00007ffa60380000 - 0x00007ffa60397000 	c:\Users\Umar Shahid\.vscode\extensions\redhat.java-1.16.0-win32-x64\jre\17.0.6-win32-x86_64\bin\jli.dll
0x00007ffa6a060000 - 0x00007ffa6a20d000 	C:\WINDOWS\System32\USER32.dll
0x00007ffa68f30000 - 0x00007ffa68f56000 	C:\WINDOWS\System32\win32u.dll
0x00007ffa44de0000 - 0x00007ffa4506e000 	C:\WINDOWS\WinSxS\amd64_microsoft.windows.common-controls_6595b64144ccf1df_6.0.22621.608_none_a9444ca7c10bb01d\COMCTL32.dll
0x00007ffa6ae20000 - 0x00007ffa6ae49000 	C:\WINDOWS\System32\GDI32.dll
0x00007ffa68e10000 - 0x00007ffa68f23000 	C:\WINDOWS\System32\gdi32full.dll
0x00007ffa69fb0000 - 0x00007ffa6a057000 	C:\WINDOWS\System32\msvcrt.dll
0x00007ffa68680000 - 0x00007ffa6871a000 	C:\WINDOWS\System32\msvcp_win.dll
0x00007ffa6b0b0000 - 0x00007ffa6b0e1000 	C:\WINDOWS\System32\IMM32.DLL
0x00007ffa63b30000 - 0x00007ffa63b3c000 	c:\Users\Umar Shahid\.vscode\extensions\redhat.java-1.16.0-win32-x64\jre\17.0.6-win32-x86_64\bin\vcruntime140_1.dll
0x00007ffa54c70000 - 0x00007ffa54d01000 	c:\Users\Umar Shahid\.vscode\extensions\redhat.java-1.16.0-win32-x64\jre\17.0.6-win32-x86_64\bin\msvcp140.dll
0x00007ff9f8e90000 - 0x00007ff9f9ad7000 	c:\Users\Umar Shahid\.vscode\extensions\redhat.java-1.16.0-win32-x64\jre\17.0.6-win32-x86_64\bin\server\jvm.dll
0x00007ffa6a560000 - 0x00007ffa6a60e000 	C:\WINDOWS\System32\ADVAPI32.dll
0x00007ffa692c0000 - 0x00007ffa69364000 	C:\WINDOWS\System32\sechost.dll
0x00007ffa6ae60000 - 0x00007ffa6af75000 	C:\WINDOWS\System32\RPCRT4.dll
0x00007ffa63a90000 - 0x00007ffa63a99000 	C:\WINDOWS\SYSTEM32\WSOCK32.dll
0x00007ffa5dcf0000 - 0x00007ffa5dd24000 	C:\WINDOWS\SYSTEM32\WINMM.dll
0x00007ffa68f60000 - 0x00007ffa68fd1000 	C:\WINDOWS\System32\WS2_32.dll
0x00007ffa5fbc0000 - 0x00007ffa5fbca000 	C:\WINDOWS\SYSTEM32\VERSION.dll
0x00007ffa67690000 - 0x00007ffa676a8000 	C:\WINDOWS\SYSTEM32\kernel.appcore.dll
0x00007ffa634c0000 - 0x00007ffa634ca000 	c:\Users\Umar Shahid\.vscode\extensions\redhat.java-1.16.0-win32-x64\jre\17.0.6-win32-x86_64\bin\jimage.dll
0x00007ffa65f10000 - 0x00007ffa6613e000 	C:\WINDOWS\SYSTEM32\DBGHELP.DLL
0x00007ffa6aa90000 - 0x00007ffa6ae19000 	C:\WINDOWS\System32\combase.dll
0x00007ffa69670000 - 0x00007ffa69747000 	C:\WINDOWS\System32\OLEAUT32.dll
0x00007ffa47080000 - 0x00007ffa470b2000 	C:\WINDOWS\SYSTEM32\dbgcore.DLL
0x00007ffa68600000 - 0x00007ffa6867b000 	C:\WINDOWS\System32\bcryptPrimitives.dll
0x00007ffa5df90000 - 0x00007ffa5df9e000 	c:\Users\Umar Shahid\.vscode\extensions\redhat.java-1.16.0-win32-x64\jre\17.0.6-win32-x86_64\bin\instrument.dll
0x00007ffa56e00000 - 0x00007ffa56e25000 	c:\Users\Umar Shahid\.vscode\extensions\redhat.java-1.16.0-win32-x64\jre\17.0.6-win32-x86_64\bin\java.dll
0x00007ffa56de0000 - 0x00007ffa56df8000 	c:\Users\Umar Shahid\.vscode\extensions\redhat.java-1.16.0-win32-x64\jre\17.0.6-win32-x86_64\bin\zip.dll
0x00007ffa697c0000 - 0x00007ffa69fb0000 	C:\WINDOWS\System32\SHELL32.dll
0x00007ffa66560000 - 0x00007ffa66e2e000 	C:\WINDOWS\SYSTEM32\windows.storage.dll
0x00007ffa66420000 - 0x00007ffa6655e000 	C:\WINDOWS\SYSTEM32\wintypes.dll
0x00007ffa6a440000 - 0x00007ffa6a531000 	C:\WINDOWS\System32\SHCORE.dll
0x00007ffa69470000 - 0x00007ffa694ce000 	C:\WINDOWS\System32\shlwapi.dll
0x00007ffa684c0000 - 0x00007ffa684e1000 	C:\WINDOWS\SYSTEM32\profapi.dll
0x00007ffa56470000 - 0x00007ffa56489000 	C:\Users\Umar Shahid\.vscode\extensions\redhat.java-1.16.0-win32-x64\jre\17.0.6-win32-x86_64\bin\net.dll
0x00007ffa61f80000 - 0x00007ffa620af000 	C:\WINDOWS\SYSTEM32\WINHTTP.dll
0x00007ffa67af0000 - 0x00007ffa67b59000 	C:\WINDOWS\system32\mswsock.dll
0x00007ffa55ce0000 - 0x00007ffa55cf5000 	C:\Users\Umar Shahid\.vscode\extensions\redhat.java-1.16.0-win32-x64\jre\17.0.6-win32-x86_64\bin\nio.dll
0x00007ffa5b060000 - 0x00007ffa5b070000 	c:\Users\Umar Shahid\.vscode\extensions\redhat.java-1.16.0-win32-x64\jre\17.0.6-win32-x86_64\bin\verify.dll
0x00007ffa54a20000 - 0x00007ffa54a5e000 	C:\Users\Umar Shahid\AppData\Roaming\Code\User\globalStorage\redhat.java\1.16.0\config_win\org.eclipse.equinox.launcher\org.eclipse.equinox.launcher.win32.win32.x86_64_1.2.700.v20221108-1024\eclipse_11801.dll
0x00007ffa694d0000 - 0x00007ffa6966c000 	C:\WINDOWS\System32\ole32.dll
0x00007ffa67e10000 - 0x00007ffa67e2b000 	C:\WINDOWS\SYSTEM32\CRYPTSP.dll
0x00007ffa67600000 - 0x00007ffa67635000 	C:\WINDOWS\system32\rsaenh.dll
0x00007ffa67b90000 - 0x00007ffa67bb8000 	C:\WINDOWS\SYSTEM32\USERENV.dll
0x00007ffa67f40000 - 0x00007ffa67f68000 	C:\WINDOWS\SYSTEM32\bcrypt.dll
0x00007ffa67df0000 - 0x00007ffa67dfc000 	C:\WINDOWS\SYSTEM32\CRYPTBASE.dll
0x00007ffa67070000 - 0x00007ffa6709d000 	C:\WINDOWS\SYSTEM32\IPHLPAPI.DLL
0x00007ffa6a210000 - 0x00007ffa6a219000 	C:\WINDOWS\System32\NSI.dll
0x00007ffa60de0000 - 0x00007ffa60df9000 	C:\WINDOWS\SYSTEM32\dhcpcsvc6.DLL
0x00007ffa60b60000 - 0x00007ffa60b7f000 	C:\WINDOWS\SYSTEM32\dhcpcsvc.DLL
0x00007ffa670a0000 - 0x00007ffa67193000 	C:\WINDOWS\SYSTEM32\DNSAPI.dll
0x00007ffa54980000 - 0x00007ffa549c5000 	C:\Users\Umar Shahid\AppData\Local\Temp\jna-330918542\jna7054842206137580486.dll
0x00007ffa697a0000 - 0x00007ffa697a8000 	C:\WINDOWS\System32\PSAPI.DLL

dbghelp: loaded successfully - version: 4.0.5 - missing functions: none
symbol engine: initialized successfully - sym options: 0x614 - pdb path: .;c:\Users\Umar Shahid\.vscode\extensions\redhat.java-1.16.0-win32-x64\jre\17.0.6-win32-x86_64\bin;C:\WINDOWS\SYSTEM32;C:\WINDOWS\WinSxS\amd64_microsoft.windows.common-controls_6595b64144ccf1df_6.0.22621.608_none_a9444ca7c10bb01d;c:\Users\Umar Shahid\.vscode\extensions\redhat.java-1.16.0-win32-x64\jre\17.0.6-win32-x86_64\bin\server;C:\Users\Umar Shahid\AppData\Roaming\Code\User\globalStorage\redhat.java\1.16.0\config_win\org.eclipse.equinox.launcher\org.eclipse.equinox.launcher.win32.win32.x86_64_1.2.700.v20221108-1024;C:\Users\Umar Shahid\AppData\Local\Temp\jna-330918542

VM Arguments:
jvm_args: --add-modules=ALL-SYSTEM --add-opens=java.base/java.util=ALL-UNNAMED --add-opens=java.base/java.lang=ALL-UNNAMED --add-opens=java.base/sun.nio.fs=ALL-UNNAMED -Declipse.application=org.eclipse.jdt.ls.core.id1 -Dosgi.bundles.defaultStartLevel=4 -Declipse.product=org.eclipse.jdt.ls.core.product -Djava.import.generatesMetadataFilesAtProjectRoot=false -Dfile.encoding=utf8 -XX:+UseParallelGC -XX:GCTimeRatio=4 -XX:AdaptiveSizePolicyWeight=90 -Dsun.zip.disableMemoryMapping=true -Xmx1G -Xms100m -Xlog:disable -javaagent:c:\Users\Umar Shahid\.vscode\extensions\redhat.java-1.16.0-win32-x64\lombok\lombok-1.18.24.jar -XX:+HeapDumpOnOutOfMemoryError -XX:HeapDumpPath=c:\Users\Umar Shahid\AppData\Roaming\Code\User\workspaceStorage\e3a3ad1c0a154d16099ad865a3dff36e\redhat.java 
java_command: c:\Users\Umar Shahid\.vscode\extensions\redhat.java-1.16.0-win32-x64\server\plugins\org.eclipse.equinox.launcher_1.6.400.v20210924-0641.jar -configuration c:\Users\Umar Shahid\AppData\Roaming\Code\User\globalStorage\redhat.java\1.16.0\config_win -data c:\Users\Umar Shahid\AppData\Roaming\Code\User\workspaceStorage\e3a3ad1c0a154d16099ad865a3dff36e\redhat.java\jdt_ws
java_class_path (initial): c:\Users\Umar Shahid\.vscode\extensions\redhat.java-1.16.0-win32-x64\server\plugins\org.eclipse.equinox.launcher_1.6.400.v20210924-0641.jar
Launcher Type: SUN_STANDARD

[Global flags]
    uintx AdaptiveSizePolicyWeight                 = 90                                        {product} {command line}
     intx CICompilerCount                          = 4                                         {product} {ergonomic}
    uintx GCTimeRatio                              = 4                                         {product} {command line}
     bool HeapDumpOnOutOfMemoryError               = true                                   {manageable} {command line}
    ccstr HeapDumpPath                             = c:\Users\Umar Shahid\AppData\Roaming\Code\User\workspaceStorage\e3a3ad1c0a154d16099ad865a3dff36e\redhat.java         {manageable} {command line}
   size_t InitialHeapSize                          = 104857600                                 {product} {command line}
   size_t MaxHeapSize                              = 1073741824                                {product} {command line}
   size_t MaxNewSize                               = 357564416                                 {product} {ergonomic}
   size_t MinHeapDeltaBytes                        = 524288                                    {product} {ergonomic}
   size_t MinHeapSize                              = 104857600                                 {product} {command line}
   size_t NewSize                                  = 34603008                                  {product} {ergonomic}
    uintx NonNMethodCodeHeapSize                   = 5839372                                {pd product} {ergonomic}
    uintx NonProfiledCodeHeapSize                  = 122909434                              {pd product} {ergonomic}
   size_t OldSize                                  = 70254592                                  {product} {ergonomic}
    uintx ProfiledCodeHeapSize                     = 122909434                              {pd product} {ergonomic}
    uintx ReservedCodeCacheSize                    = 251658240                              {pd product} {ergonomic}
     bool SegmentedCodeCache                       = true                                      {product} {ergonomic}
   size_t SoftMaxHeapSize                          = 1073741824                             {manageable} {ergonomic}
     bool UseCompressedClassPointers               = true                           {product lp64_product} {ergonomic}
     bool UseCompressedOops                        = true                           {product lp64_product} {ergonomic}
     bool UseLargePagesIndividualAllocation        = false                                  {pd product} {ergonomic}
     bool UseParallelGC                            = true                                      {product} {command line}

Logging:
Log output configuration:
 #0: stdout all=off uptime,level,tags
 #1: stderr all=off uptime,level,tags

Environment Variables:
JAVA_HOME=C:\Program Files\Java\jdk-19
PATH=C:\Program Files\Common Files\Oracle\Java\javapath;C:\WINDOWS\system32;C:\WINDOWS;C:\WINDOWS\System32\Wbem;C:\WINDOWS\System32\WindowsPowerShell\v1.0\;C:\WINDOWS\System32\OpenSSH\;C:\Program Files (x86)\NVIDIA Corporation\PhysX\Common;C:\Program Files\NVIDIA Corporation\NVIDIA NvDLISR;C:\Program Files\Java\jdk-19\bin;C:\Program Files\dotnet\;C:\Program Files\nodejs\;C:\Program Files\Azure Data Studio\bin;C:\Program Files (x86)\Microsoft SQL Server\160\Tools\Binn\;C:\Program Files\Microsoft SQL Server\160\Tools\Binn\;C:\Program Files\Microsoft SQL Server\Client SDK\ODBC\170\Tools\Binn\;C:\Program Files\Microsoft SQL Server\160\DTS\Binn\;C:\Program Files (x86)\Microsoft SQL Server\160\DTS\Binn\;C:\MinGW\bin;;%SystemRoot%\system32;%SystemRoot%;%SystemRoot%\System32\Wbem;%SYSTEMROOT%\System32\WindowsPowerShell\v1.0\;%SYSTEMROOT%\System32\OpenSSH\;C:\Users\Umar Shahid\AppData\Local\Microsoft\WindowsApps;C:\Users\Umar Shahid\AppData\Local\Programs\Microsoft VS Code\bin;C:\msys64\mingw64\bin;C:\Program Files\JetBrains\IntelliJ IDEA Community Edition 2022.2.4\bin;;C:\Users\Umar Shahid\AppData\Local\GitHubDesktop\bin;C:\Users\Umar Shahid\AppData\Roaming\npm;C:\Program Files\Azure Data Studio\bin;
USERNAME=Umar Shahid
OS=Windows_NT
PROCESSOR_IDENTIFIER=Intel64 Family 6 Model 140 Stepping 1, GenuineIntel
TMP=C:\Users\UMARSH~1\AppData\Local\Temp
TEMP=C:\Users\UMARSH~1\AppData\Local\Temp



---------------  S Y S T E M  ---------------

OS:
 Windows 11 , 64 bit Build 22621 (10.0.22621.1344)
OS uptime: 2 days 12:29 hours
Hyper-V role detected

CPU: total 8 (initial active 8) (4 cores per cpu, 2 threads per core) family 6 model 140 stepping 1 microcode 0xa4, cx8, cmov, fxsr, ht, mmx, 3dnowpref, sse, sse2, sse3, ssse3, sse4.1, sse4.2, popcnt, lzcnt, tsc, tscinvbit, avx, avx2, aes, erms, clmul, bmi1, bmi2, adx, avx512f, avx512dq, avx512cd, avx512bw, avx512vl, sha, fma, vzeroupper, avx512_vpopcntdq, avx512_vpclmulqdq, avx512_vaes, avx512_vnni, clflush, clflushopt, clwb, avx512_vbmi2, avx512_vbmi, hv

Memory: 4k page, system-wide physical 7918M (447M free)
TotalPageFile size 10745M (AvailPageFile size 12M)
current process WorkingSet (physical memory assigned to process): 188M, peak: 188M
current process commit charge ("private bytes"): 285M, peak: 285M

vm_info: OpenJDK 64-Bit Server VM (17.0.6+10) for windows-amd64 JRE (17.0.6+10), built on Jan 18 2023 10:08:59 by "temurin" with MS VC++ 16.7 (VS2019)

END.
