#
# There is insufficient memory for the Java Runtime Environment to continue.
# Native memory allocation (malloc) failed to allocate 32744 bytes for ChunkPool::allocate
# Possible reasons:
#   The system is out of physical RAM or swap space
#   The process is running with CompressedOops enabled, and the Java Heap may be blocking the growth of the native heap
# Possible solutions:
#   Reduce memory load on the system
#   Increase physical memory or swap space
#   Check if swap backing store is full
#   Decrease Java heap size (-Xmx/-Xms)
#   Decrease number of Java threads
#   Decrease Java thread stack sizes (-Xss)
#   Set larger code cache with -XX:ReservedCodeCacheSize=
#   JVM is running with Unscaled Compressed Oops mode in which the Java heap is
#     placed in the first 4GB address space. The Java Heap base address is the
#     maximum limit for the native heap growth. Please use -XX:HeapBaseMinAddress
#     to set the Java Heap base and to place the Java Heap above 4GB virtual address.
# This output file may be truncated or incomplete.
#
#  Out of Memory Error (arena.cpp:78), pid=13824, tid=22988
#
# JRE version: OpenJDK Runtime Environment Temurin-17.0.6+10 (17.0.6+10) (build 17.0.6+10)
# Java VM: OpenJDK 64-Bit Server VM Temurin-17.0.6+10 (17.0.6+10, mixed mode, tiered, compressed oops, compressed class ptrs, parallel gc, windows-amd64)
# No core dump will be written. Minidumps are not enabled by default on client versions of Windows
#

---------------  S U M M A R Y ------------

Command Line: --add-modules=ALL-SYSTEM --add-opens=java.base/java.util=ALL-UNNAMED --add-opens=java.base/java.lang=ALL-UNNAMED --add-opens=java.base/sun.nio.fs=ALL-UNNAMED -Declipse.application=org.eclipse.jdt.ls.core.id1 -Dosgi.bundles.defaultStartLevel=4 -Declipse.product=org.eclipse.jdt.ls.core.product -Djava.import.generatesMetadataFilesAtProjectRoot=false -Dfile.encoding=utf8 -XX:+UseParallelGC -XX:GCTimeRatio=4 -XX:AdaptiveSizePolicyWeight=90 -Dsun.zip.disableMemoryMapping=true -Xmx1G -Xms100m -Xlog:disable -javaagent:c:\Users\Umar Shahid\.vscode\extensions\redhat.java-1.16.0-win32-x64\lombok\lombok-1.18.24.jar c:\Users\Umar Shahid\.vscode\extensions\redhat.java-1.16.0-win32-x64\server\plugins\org.eclipse.equinox.launcher_1.6.400.v20210924-0641.jar -configuration c:\Users\Umar Shahid\AppData\Roaming\Code\User\globalStorage\redhat.java\1.16.0\config_ss_win -data c:\Users\Umar Shahid\AppData\Roaming\Code\User\workspaceStorage\e3a3ad1c0a154d16099ad865a3dff36e\redhat.java\ss_ws

Host: 11th Gen Intel(R) Core(TM) i5-1135G7 @ 2.40GHz, 8 cores, 7G,  Windows 11 , 64 bit Build 22621 (10.0.22621.1344)
Time: Tue Mar 21 06:50:02 2023 Pakistan Standard Time elapsed time: 9.562409 seconds (0d 0h 0m 9s)

---------------  T H R E A D  ---------------

Current thread (0x0000025a15fd8010):  JavaThread "C2 CompilerThread2" daemon [_thread_in_native, id=22988, stack(0x000000f1b9900000,0x000000f1b9a00000)]


Current CompileTask:
C2:   9562 4040 %     4       org.objectweb.asm.ClassReader::readCode @ 2036 (5109 bytes)

Stack: [0x000000f1b9900000,0x000000f1b9a00000]
Native frames: (J=compiled Java code, j=interpreted, Vv=VM code, C=native code)
V  [jvm.dll+0x67741a]
V  [jvm.dll+0x834434]
V  [jvm.dll+0x835bde]
V  [jvm.dll+0x836243]
V  [jvm.dll+0x2457b5]
V  [jvm.dll+0xabd1c]
V  [jvm.dll+0xac0cc]
V  [jvm.dll+0x368762]
V  [jvm.dll+0x55f716]
V  [jvm.dll+0x1bbb97]
V  [jvm.dll+0x218749]
V  [jvm.dll+0x217a11]
V  [jvm.dll+0x1a3d0d]
V  [jvm.dll+0x22742a]
V  [jvm.dll+0x225565]
V  [jvm.dll+0x7ea2cb]
V  [jvm.dll+0x7e483a]
V  [jvm.dll+0x6762c5]
C  [ucrtbase.dll+0x29363]
C  [KERNEL32.DLL+0x126bd]
C  [ntdll.dll+0x5a9f8]


---------------  P R O C E S S  ---------------

Threads class SMR info:
_java_thread_list=0x0000025a1435f9a0, length=27, elements={
0x0000025a79c3dd80, 0x0000025a7ea06d80, 0x0000025a7ea07640, 0x0000025a115b9e10,
0x0000025a115ba6d0, 0x0000025a115c7b80, 0x0000025a115c87f0, 0x0000025a115d1840,
0x0000025a79cf7b30, 0x0000025a79cf8c10, 0x0000025a79ca25a0, 0x0000025a1189bfe0,
0x0000025a1283ff10, 0x0000025a1283f570, 0x0000025a1283e700, 0x0000025a1283fa40,
0x0000025a13f02070, 0x0000025a13f03d50, 0x0000025a13f063d0, 0x0000025a13f05560,
0x0000025a13f02a10, 0x0000025a13f068a0, 0x0000025a13f06d70, 0x0000025a13f05090,
0x0000025a13f07be0, 0x0000025a129d2de0, 0x0000025a15fd8010
}

Java Threads: ( => current thread )
  0x0000025a79c3dd80 JavaThread "main" [_thread_blocked, id=25664, stack(0x000000f1b7300000,0x000000f1b7400000)]
  0x0000025a7ea06d80 JavaThread "Reference Handler" daemon [_thread_blocked, id=3832, stack(0x000000f1b7600000,0x000000f1b7700000)]
  0x0000025a7ea07640 JavaThread "Finalizer" daemon [_thread_blocked, id=21764, stack(0x000000f1b7700000,0x000000f1b7800000)]
  0x0000025a115b9e10 JavaThread "Signal Dispatcher" daemon [_thread_blocked, id=1676, stack(0x000000f1b7800000,0x000000f1b7900000)]
  0x0000025a115ba6d0 JavaThread "Attach Listener" daemon [_thread_blocked, id=27056, stack(0x000000f1b7900000,0x000000f1b7a00000)]
  0x0000025a115c7b80 JavaThread "Service Thread" daemon [_thread_blocked, id=5724, stack(0x000000f1b7a00000,0x000000f1b7b00000)]
  0x0000025a115c87f0 JavaThread "Monitor Deflation Thread" daemon [_thread_blocked, id=20448, stack(0x000000f1b7b00000,0x000000f1b7c00000)]
  0x0000025a115d1840 JavaThread "C2 CompilerThread0" daemon [_thread_in_native, id=25404, stack(0x000000f1b7c00000,0x000000f1b7d00000)]
  0x0000025a79cf7b30 JavaThread "C1 CompilerThread0" daemon [_thread_blocked, id=24396, stack(0x000000f1b7d00000,0x000000f1b7e00000)]
  0x0000025a79cf8c10 JavaThread "Sweeper thread" daemon [_thread_blocked, id=8604, stack(0x000000f1b7e00000,0x000000f1b7f00000)]
  0x0000025a79ca25a0 JavaThread "Common-Cleaner" daemon [_thread_blocked, id=23808, stack(0x000000f1b7f00000,0x000000f1b8000000)]
  0x0000025a1189bfe0 JavaThread "Notification Thread" daemon [_thread_blocked, id=13088, stack(0x000000f1b8100000,0x000000f1b8200000)]
  0x0000025a1283ff10 JavaThread "Active Thread: Equinox Container: ce16207b-5b92-4528-98a5-e84b594c0f9e" [_thread_blocked, id=6240, stack(0x000000f1b8a00000,0x000000f1b8b00000)]
  0x0000025a1283f570 JavaThread "Framework Event Dispatcher: Equinox Container: ce16207b-5b92-4528-98a5-e84b594c0f9e" daemon [_thread_blocked, id=4508, stack(0x000000f1b8b00000,0x000000f1b8c00000)]
  0x0000025a1283e700 JavaThread "Start Level: Equinox Container: ce16207b-5b92-4528-98a5-e84b594c0f9e" daemon [_thread_blocked, id=1376, stack(0x000000f1b8c00000,0x000000f1b8d00000)]
  0x0000025a1283fa40 JavaThread "SCR Component Actor" daemon [_thread_blocked, id=1032, stack(0x000000f1b8d00000,0x000000f1b8e00000)]
  0x0000025a13f02070 JavaThread "Worker-JM" [_thread_blocked, id=19152, stack(0x000000f1b9000000,0x000000f1b9100000)]
  0x0000025a13f03d50 JavaThread "Worker-0" [_thread_blocked, id=21232, stack(0x000000f1b9100000,0x000000f1b9200000)]
  0x0000025a13f063d0 JavaThread "Worker-1" [_thread_blocked, id=8100, stack(0x000000f1b9200000,0x000000f1b9300000)]
  0x0000025a13f05560 JavaThread "Worker-2" [_thread_blocked, id=16004, stack(0x000000f1b9300000,0x000000f1b9400000)]
  0x0000025a13f02a10 JavaThread "JNA Cleaner" daemon [_thread_blocked, id=8168, stack(0x000000f1b8000000,0x000000f1b8100000)]
  0x0000025a13f068a0 JavaThread "pool-2-thread-1" [_thread_blocked, id=6600, stack(0x000000f1b9500000,0x000000f1b9600000)]
  0x0000025a13f06d70 JavaThread "pool-1-thread-1" [_thread_in_native, id=23092, stack(0x000000f1b9600000,0x000000f1b9700000)]
  0x0000025a13f05090 JavaThread "ForkJoinPool.commonPool-worker-1" daemon [_thread_blocked, id=26488, stack(0x000000f1b9800000,0x000000f1b9900000)]
  0x0000025a13f07be0 JavaThread "ForkJoinPool.commonPool-worker-2" daemon [_thread_blocked, id=1412, stack(0x000000f1b8f00000,0x000000f1b9000000)]
  0x0000025a129d2de0 JavaThread "C2 CompilerThread1" daemon [_thread_in_native, id=22968, stack(0x000000f1b9700000,0x000000f1b9800000)]
=>0x0000025a15fd8010 JavaThread "C2 CompilerThread2" daemon [_thread_in_native, id=22988, stack(0x000000f1b9900000,0x000000f1b9a00000)]

Other Threads:
  0x0000025a79cf1020 VMThread "VM Thread" [stack: 0x000000f1b7500000,0x000000f1b7600000] [id=17356]
  0x0000025a1189c4b0 WatcherThread [stack: 0x000000f1b8200000,0x000000f1b8300000] [id=21628]
  0x0000025a79c52e80 GCTaskThread "GC Thread#0" [stack: 0x000000f1b7400000,0x000000f1b7500000] [id=25480]
  0x0000025a125f64c0 GCTaskThread "GC Thread#1" [stack: 0x000000f1b8400000,0x000000f1b8500000] [id=4768]
  0x0000025a12907f50 GCTaskThread "GC Thread#2" [stack: 0x000000f1b8500000,0x000000f1b8600000] [id=20300]
  0x0000025a125f6770 GCTaskThread "GC Thread#3" [stack: 0x000000f1b8600000,0x000000f1b8700000] [id=22260]
  0x0000025a125f6a20 GCTaskThread "GC Thread#4" [stack: 0x000000f1b8700000,0x000000f1b8800000] [id=1372]
  0x0000025a125f6cd0 GCTaskThread "GC Thread#5" [stack: 0x000000f1b8800000,0x000000f1b8900000] [id=6476]
  0x0000025a125f6f80 GCTaskThread "GC Thread#6" [stack: 0x000000f1b8900000,0x000000f1b8a00000] [id=18712]
  0x0000025a13c0bfc0 GCTaskThread "GC Thread#7" [stack: 0x000000f1b8e00000,0x000000f1b8f00000] [id=2028]

Threads with active compile tasks:
C2 CompilerThread0     9581 4055       4       org.objectweb.asm.ClassReader::readMethod (1066 bytes)
C2 CompilerThread1     9581 4050 %     4       org.objectweb.asm.SymbolTable::<init> @ 98 (536 bytes)
C2 CompilerThread2     9581 4040 %     4       org.objectweb.asm.ClassReader::readCode @ 2036 (5109 bytes)

VM state: not at safepoint (normal execution)

VM Mutex/Monitor currently owned by a thread: None

Heap address: 0x00000000c0000000, size: 1024 MB, Compressed Oops mode: 32-bit

CDS archive(s) not mapped
Compressed class space mapped at: 0x0000000100000000-0x0000000140000000, reserved size: 1073741824
Narrow klass base: 0x0000000000000000, Narrow klass shift: 3, Narrow klass range: 0x140000000

GC Precious Log:
 CPUs: 8 total, 8 available
 Memory: 7918M
 Large Page Support: Disabled
 NUMA Support: Disabled
 Compressed Oops: Enabled (32-bit)
 Alignments: Space 512K, Generation 512K, Heap 2M
 Heap Min Capacity: 100M
 Heap Initial Capacity: 100M
 Heap Max Capacity: 1G
 Pre-touch: Disabled
 Parallel Workers: 8

Heap:
 PSYoungGen      total 22016K, used 14821K [0x00000000eab00000, 0x00000000ec380000, 0x0000000100000000)
  eden space 20992K, 67% used [0x00000000eab00000,0x00000000eb8e5d78,0x00000000ebf80000)
  from space 1024K, 57% used [0x00000000ec280000,0x00000000ec313700,0x00000000ec380000)
  to   space 1536K, 0% used [0x00000000ec080000,0x00000000ec080000,0x00000000ec200000)
 ParOldGen       total 68608K, used 26415K [0x00000000c0000000, 0x00000000c4300000, 0x00000000eab00000)
  object space 68608K, 38% used [0x00000000c0000000,0x00000000c19cbcf0,0x00000000c4300000)
 Metaspace       used 43710K, committed 44480K, reserved 1089536K
  class space    used 4386K, committed 4736K, reserved 1048576K

Card table byte_map: [0x0000025a7e280000,0x0000025a7e490000] _byte_map_base: 0x0000025a7dc80000

Marking Bits: (ParMarkBitMap*) 0x00007ff9f9a13e70
 Begin Bits: [0x0000025a0f000000, 0x0000025a10000000)
 End Bits:   [0x0000025a10000000, 0x0000025a11000000)

Polling page: 0x0000025a7e070000

Metaspace:

Usage:
  Non-class:     38.40 MB used.
      Class:      4.28 MB used.
       Both:     42.69 MB used.

Virtual space:
  Non-class space:       40.00 MB reserved,      38.81 MB ( 97%) committed,  5 nodes.
      Class space:        1.00 GB reserved,       4.62 MB ( <1%) committed,  1 nodes.
             Both:        1.04 GB reserved,      43.44 MB (  4%) committed. 

Chunk freelists:
   Non-Class:  368.00 KB
       Class:  3.24 MB
        Both:  3.60 MB

MaxMetaspaceSize: unlimited
CompressedClassSpaceSize: 1.00 GB
Initial GC threshold: 21.00 MB
Current GC threshold: 58.38 MB
CDS: off
MetaspaceReclaimPolicy: balanced
 - commit_granule_bytes: 65536.
 - commit_granule_words: 8192.
 - virtual_space_node_default_size: 1048576.
 - enlarge_chunks_in_place: 1.
 - new_chunks_are_fully_committed: 0.
 - uncommit_free_chunks: 1.
 - use_allocation_guard: 0.
 - handle_deallocations: 1.


Internal statistics:

num_allocs_failed_limit: 6.
num_arena_births: 314.
num_arena_deaths: 14.
num_vsnodes_births: 6.
num_vsnodes_deaths: 0.
num_space_committed: 695.
num_space_uncommitted: 0.
num_chunks_returned_to_freelist: 20.
num_chunks_taken_from_freelist: 1750.
num_chunk_merges: 10.
num_chunk_splits: 1165.
num_chunks_enlarged: 795.
num_purges: 2.
num_inconsistent_stats: 0.

CodeHeap 'non-profiled nmethods': size=120000Kb used=2136Kb max_used=2136Kb free=117863Kb
 bounds [0x0000025a07ad0000, 0x0000025a07d40000, 0x0000025a0f000000]
CodeHeap 'profiled nmethods': size=120000Kb used=9123Kb max_used=9123Kb free=110876Kb
 bounds [0x0000025a00000000, 0x0000025a008f0000, 0x0000025a07530000]
CodeHeap 'non-nmethods': size=5760Kb used=1307Kb max_used=1356Kb free=4452Kb
 bounds [0x0000025a07530000, 0x0000025a077a0000, 0x0000025a07ad0000]
 total_blobs=4729 nmethods=4104 adapters=539
 compilation: enabled
              stopped_count=0, restarted_count=0
 full_count=0

Compilation events (20 events):
Event: 9.311 Thread 0x0000025a79cf7b30 4117       3       jdk.internal.loader.AbstractClassLoaderValue::<init> (5 bytes)
Event: 9.312 Thread 0x0000025a79cf7b30 nmethod 4117 0x0000025a008e3310 code [0x0000025a008e34a0, 0x0000025a008e35f8]
Event: 9.313 Thread 0x0000025a79cf7b30 4118       3       org.eclipse.lsp4j.jsonrpc.json.adapters.TypeUtils::isTwoTuple (39 bytes)
Event: 9.313 Thread 0x0000025a79cf7b30 nmethod 4118 0x0000025a008e3690 code [0x0000025a008e3880, 0x0000025a008e3f48]
Event: 9.313 Thread 0x0000025a79cf7b30 4119       3       jdk.internal.loader.AbstractClassLoaderValue::sub (10 bytes)
Event: 9.313 Thread 0x0000025a79cf7b30 nmethod 4119 0x0000025a008e4090 code [0x0000025a008e4240, 0x0000025a008e44f8]
Event: 9.313 Thread 0x0000025a79cf7b30 4120       3       jdk.internal.loader.AbstractClassLoaderValue$Sub::<init> (15 bytes)
Event: 9.314 Thread 0x0000025a79cf7b30 nmethod 4120 0x0000025a008e4610 code [0x0000025a008e47c0, 0x0000025a008e49b8]
Event: 9.314 Thread 0x0000025a79cf7b30 4121       3       java.lang.StackTraceElement::<init> (10 bytes)
Event: 9.314 Thread 0x0000025a79cf7b30 nmethod 4121 0x0000025a008e4a90 code [0x0000025a008e4c20, 0x0000025a008e4d98]
Event: 9.314 Thread 0x0000025a79cf7b30 4122  s!   3       java.lang.StackTraceElement::computeFormat (71 bytes)
Event: 9.316 Thread 0x0000025a79cf7b30 nmethod 4122 0x0000025a008e4e90 code [0x0000025a008e50a0, 0x0000025a008e58f8]
Event: 9.316 Thread 0x0000025a79cf7b30 4123       3       java.lang.StackTraceElement::isHashedInJavaBase (31 bytes)
Event: 9.317 Thread 0x0000025a79cf7b30 nmethod 4123 0x0000025a008e5b90 code [0x0000025a008e5d80, 0x0000025a008e6298]
Event: 9.317 Thread 0x0000025a79cf7b30 4124       3       java.lang.Module::getLayer (43 bytes)
Event: 9.318 Thread 0x0000025a79cf7b30 nmethod 4124 0x0000025a008e6410 code [0x0000025a008e65e0, 0x0000025a008e69a8]
Event: 9.318 Thread 0x0000025a79cf7b30 4125       1       org.eclipse.core.internal.jobs.InternalJob::getStartTime (5 bytes)
Event: 9.318 Thread 0x0000025a79cf7b30 nmethod 4125 0x0000025a07ce6010 code [0x0000025a07ce61a0, 0x0000025a07ce6278]
Event: 9.432 Thread 0x0000025a79cf7b30 4126       3       java.util.concurrent.ConcurrentLinkedQueue::updateHead (26 bytes)
Event: 9.435 Thread 0x0000025a79cf7b30 nmethod 4126 0x0000025a008e6a90 code [0x0000025a008e6e20, 0x0000025a008e8738]

GC Heap History (20 events):
Event: 5.471 GC heap before
{Heap before GC invocations=11 (full 2):
 PSYoungGen      total 26112K, used 2394K [0x00000000eab00000, 0x00000000ec800000, 0x0000000100000000)
  eden space 23552K, 0% used [0x00000000eab00000,0x00000000eab00000,0x00000000ec200000)
  from space 2560K, 93% used [0x00000000ec200000,0x00000000ec456a00,0x00000000ec480000)
  to   space 3072K, 0% used [0x00000000ec500000,0x00000000ec500000,0x00000000ec800000)
 ParOldGen       total 68608K, used 10361K [0x00000000c0000000, 0x00000000c4300000, 0x00000000eab00000)
  object space 68608K, 15% used [0x00000000c0000000,0x00000000c0a1e6c8,0x00000000c4300000)
 Metaspace       used 35159K, committed 35840K, reserved 1081344K
  class space    used 3557K, committed 3904K, reserved 1048576K
}
Event: 5.492 GC heap after
{Heap after GC invocations=11 (full 2):
 PSYoungGen      total 26112K, used 0K [0x00000000eab00000, 0x00000000ec800000, 0x0000000100000000)
  eden space 23552K, 0% used [0x00000000eab00000,0x00000000eab00000,0x00000000ec200000)
  from space 2560K, 0% used [0x00000000ec200000,0x00000000ec200000,0x00000000ec480000)
  to   space 3072K, 0% used [0x00000000ec500000,0x00000000ec500000,0x00000000ec800000)
 ParOldGen       total 68608K, used 12257K [0x00000000c0000000, 0x00000000c4300000, 0x00000000eab00000)
  object space 68608K, 17% used [0x00000000c0000000,0x00000000c0bf84e0,0x00000000c4300000)
 Metaspace       used 35159K, committed 35840K, reserved 1081344K
  class space    used 3557K, committed 3904K, reserved 1048576K
}
Event: 5.765 GC heap before
{Heap before GC invocations=12 (full 2):
 PSYoungGen      total 26112K, used 23552K [0x00000000eab00000, 0x00000000ec800000, 0x0000000100000000)
  eden space 23552K, 100% used [0x00000000eab00000,0x00000000ec200000,0x00000000ec200000)
  from space 2560K, 0% used [0x00000000ec200000,0x00000000ec200000,0x00000000ec480000)
  to   space 3072K, 0% used [0x00000000ec500000,0x00000000ec500000,0x00000000ec800000)
 ParOldGen       total 68608K, used 12257K [0x00000000c0000000, 0x00000000c4300000, 0x00000000eab00000)
  object space 68608K, 17% used [0x00000000c0000000,0x00000000c0bf84e0,0x00000000c4300000)
 Metaspace       used 35290K, committed 35968K, reserved 1081344K
  class space    used 3570K, committed 3904K, reserved 1048576K
}
Event: 5.769 GC heap after
{Heap after GC invocations=12 (full 2):
 PSYoungGen      total 25088K, used 2016K [0x00000000eab00000, 0x00000000ec700000, 0x0000000100000000)
  eden space 23040K, 0% used [0x00000000eab00000,0x00000000eab00000,0x00000000ec180000)
  from space 2048K, 98% used [0x00000000ec500000,0x00000000ec6f8000,0x00000000ec700000)
  to   space 2560K, 0% used [0x00000000ec200000,0x00000000ec200000,0x00000000ec480000)
 ParOldGen       total 68608K, used 12257K [0x00000000c0000000, 0x00000000c4300000, 0x00000000eab00000)
  object space 68608K, 17% used [0x00000000c0000000,0x00000000c0bf84e0,0x00000000c4300000)
 Metaspace       used 35290K, committed 35968K, reserved 1081344K
  class space    used 3570K, committed 3904K, reserved 1048576K
}
Event: 6.002 GC heap before
{Heap before GC invocations=13 (full 2):
 PSYoungGen      total 25088K, used 25056K [0x00000000eab00000, 0x00000000ec700000, 0x0000000100000000)
  eden space 23040K, 100% used [0x00000000eab00000,0x00000000ec180000,0x00000000ec180000)
  from space 2048K, 98% used [0x00000000ec500000,0x00000000ec6f8000,0x00000000ec700000)
  to   space 2560K, 0% used [0x00000000ec200000,0x00000000ec200000,0x00000000ec480000)
 ParOldGen       total 68608K, used 12257K [0x00000000c0000000, 0x00000000c4300000, 0x00000000eab00000)
  object space 68608K, 17% used [0x00000000c0000000,0x00000000c0bf84e0,0x00000000c4300000)
 Metaspace       used 35344K, committed 36032K, reserved 1081344K
  class space    used 3583K, committed 3904K, reserved 1048576K
}
Event: 6.004 GC heap after
{Heap after GC invocations=13 (full 2):
 PSYoungGen      total 25088K, used 2528K [0x00000000eab00000, 0x00000000ecb00000, 0x0000000100000000)
  eden space 22528K, 0% used [0x00000000eab00000,0x00000000eab00000,0x00000000ec100000)
  from space 2560K, 98% used [0x00000000ec200000,0x00000000ec478020,0x00000000ec480000)
  to   space 5120K, 0% used [0x00000000ec600000,0x00000000ec600000,0x00000000ecb00000)
 ParOldGen       total 68608K, used 14129K [0x00000000c0000000, 0x00000000c4300000, 0x00000000eab00000)
  object space 68608K, 20% used [0x00000000c0000000,0x00000000c0dcc4e0,0x00000000c4300000)
 Metaspace       used 35344K, committed 36032K, reserved 1081344K
  class space    used 3583K, committed 3904K, reserved 1048576K
}
Event: 6.211 GC heap before
{Heap before GC invocations=14 (full 2):
 PSYoungGen      total 25088K, used 25056K [0x00000000eab00000, 0x00000000ecb00000, 0x0000000100000000)
  eden space 22528K, 100% used [0x00000000eab00000,0x00000000ec100000,0x00000000ec100000)
  from space 2560K, 98% used [0x00000000ec200000,0x00000000ec478020,0x00000000ec480000)
  to   space 5120K, 0% used [0x00000000ec600000,0x00000000ec600000,0x00000000ecb00000)
 ParOldGen       total 68608K, used 14129K [0x00000000c0000000, 0x00000000c4300000, 0x00000000eab00000)
  object space 68608K, 20% used [0x00000000c0000000,0x00000000c0dcc4e0,0x00000000c4300000)
 Metaspace       used 35344K, committed 36032K, reserved 1081344K
  class space    used 3583K, committed 3904K, reserved 1048576K
}
Event: 6.214 GC heap after
{Heap after GC invocations=14 (full 2):
 PSYoungGen      total 24576K, used 2112K [0x00000000eab00000, 0x00000000ec880000, 0x0000000100000000)
  eden space 22016K, 0% used [0x00000000eab00000,0x00000000eab00000,0x00000000ec080000)
  from space 2560K, 82% used [0x00000000ec600000,0x00000000ec810000,0x00000000ec880000)
  to   space 3072K, 0% used [0x00000000ec280000,0x00000000ec280000,0x00000000ec580000)
 ParOldGen       total 68608K, used 16560K [0x00000000c0000000, 0x00000000c4300000, 0x00000000eab00000)
  object space 68608K, 24% used [0x00000000c0000000,0x00000000c102c218,0x00000000c4300000)
 Metaspace       used 35344K, committed 36032K, reserved 1081344K
  class space    used 3583K, committed 3904K, reserved 1048576K
}
Event: 6.304 GC heap before
{Heap before GC invocations=15 (full 2):
 PSYoungGen      total 24576K, used 24128K [0x00000000eab00000, 0x00000000ec880000, 0x0000000100000000)
  eden space 22016K, 100% used [0x00000000eab00000,0x00000000ec080000,0x00000000ec080000)
  from space 2560K, 82% used [0x00000000ec600000,0x00000000ec810000,0x00000000ec880000)
  to   space 3072K, 0% used [0x00000000ec280000,0x00000000ec280000,0x00000000ec580000)
 ParOldGen       total 68608K, used 16560K [0x00000000c0000000, 0x00000000c4300000, 0x00000000eab00000)
  object space 68608K, 24% used [0x00000000c0000000,0x00000000c102c218,0x00000000c4300000)
 Metaspace       used 35344K, committed 36032K, reserved 1081344K
  class space    used 3583K, committed 3904K, reserved 1048576K
}
Event: 6.307 GC heap after
{Heap after GC invocations=15 (full 2):
 PSYoungGen      total 24576K, used 2272K [0x00000000eab00000, 0x00000000ec680000, 0x0000000100000000)
  eden space 22016K, 0% used [0x00000000eab00000,0x00000000eab00000,0x00000000ec080000)
  from space 2560K, 88% used [0x00000000ec280000,0x00000000ec4b8010,0x00000000ec500000)
  to   space 1536K, 0% used [0x00000000ec500000,0x00000000ec500000,0x00000000ec680000)
 ParOldGen       total 68608K, used 18576K [0x00000000c0000000, 0x00000000c4300000, 0x00000000eab00000)
  object space 68608K, 27% used [0x00000000c0000000,0x00000000c1224218,0x00000000c4300000)
 Metaspace       used 35344K, committed 36032K, reserved 1081344K
  class space    used 3583K, committed 3904K, reserved 1048576K
}
Event: 6.560 GC heap before
{Heap before GC invocations=16 (full 2):
 PSYoungGen      total 24576K, used 24288K [0x00000000eab00000, 0x00000000ec680000, 0x0000000100000000)
  eden space 22016K, 100% used [0x00000000eab00000,0x00000000ec080000,0x00000000ec080000)
  from space 2560K, 88% used [0x00000000ec280000,0x00000000ec4b8010,0x00000000ec500000)
  to   space 1536K, 0% used [0x00000000ec500000,0x00000000ec500000,0x00000000ec680000)
 ParOldGen       total 68608K, used 18576K [0x00000000c0000000, 0x00000000c4300000, 0x00000000eab00000)
  object space 68608K, 27% used [0x00000000c0000000,0x00000000c1224218,0x00000000c4300000)
 Metaspace       used 35861K, committed 36544K, reserved 1081344K
  class space    used 3636K, committed 3968K, reserved 1048576K
}
Event: 6.565 GC heap after
{Heap after GC invocations=16 (full 2):
 PSYoungGen      total 22528K, used 1508K [0x00000000eab00000, 0x00000000ecb80000, 0x0000000100000000)
  eden space 20992K, 0% used [0x00000000eab00000,0x00000000eab00000,0x00000000ebf80000)
  from space 1536K, 98% used [0x00000000ec500000,0x00000000ec6793d0,0x00000000ec680000)
  to   space 5632K, 0% used [0x00000000ebf80000,0x00000000ebf80000,0x00000000ec500000)
 ParOldGen       total 68608K, used 21869K [0x00000000c0000000, 0x00000000c4300000, 0x00000000eab00000)
  object space 68608K, 31% used [0x00000000c0000000,0x00000000c155b580,0x00000000c4300000)
 Metaspace       used 35861K, committed 36544K, reserved 1081344K
  class space    used 3636K, committed 3968K, reserved 1048576K
}
Event: 7.173 GC heap before
{Heap before GC invocations=17 (full 2):
 PSYoungGen      total 22528K, used 22500K [0x00000000eab00000, 0x00000000ecb80000, 0x0000000100000000)
  eden space 20992K, 100% used [0x00000000eab00000,0x00000000ebf80000,0x00000000ebf80000)
  from space 1536K, 98% used [0x00000000ec500000,0x00000000ec6793d0,0x00000000ec680000)
  to   space 5632K, 0% used [0x00000000ebf80000,0x00000000ebf80000,0x00000000ec500000)
 ParOldGen       total 68608K, used 21869K [0x00000000c0000000, 0x00000000c4300000, 0x00000000eab00000)
  object space 68608K, 31% used [0x00000000c0000000,0x00000000c155b580,0x00000000c4300000)
 Metaspace       used 38179K, committed 38848K, reserved 1089536K
  class space    used 3904K, committed 4224K, reserved 1048576K
}
Event: 7.175 GC heap after
{Heap after GC invocations=17 (full 2):
 PSYoungGen      total 22016K, used 810K [0x00000000eab00000, 0x00000000ec580000, 0x0000000100000000)
  eden space 20992K, 0% used [0x00000000eab00000,0x00000000eab00000,0x00000000ebf80000)
  from space 1024K, 79% used [0x00000000ebf80000,0x00000000ec04aa88,0x00000000ec080000)
  to   space 2560K, 0% used [0x00000000ec300000,0x00000000ec300000,0x00000000ec580000)
 ParOldGen       total 68608K, used 23392K [0x00000000c0000000, 0x00000000c4300000, 0x00000000eab00000)
  object space 68608K, 34% used [0x00000000c0000000,0x00000000c16d81d0,0x00000000c4300000)
 Metaspace       used 38179K, committed 38848K, reserved 1089536K
  class space    used 3904K, committed 4224K, reserved 1048576K
}
Event: 7.833 GC heap before
{Heap before GC invocations=18 (full 2):
 PSYoungGen      total 22016K, used 21802K [0x00000000eab00000, 0x00000000ec580000, 0x0000000100000000)
  eden space 20992K, 100% used [0x00000000eab00000,0x00000000ebf80000,0x00000000ebf80000)
  from space 1024K, 79% used [0x00000000ebf80000,0x00000000ec04aa88,0x00000000ec080000)
  to   space 2560K, 0% used [0x00000000ec300000,0x00000000ec300000,0x00000000ec580000)
 ParOldGen       total 68608K, used 23392K [0x00000000c0000000, 0x00000000c4300000, 0x00000000eab00000)
  object space 68608K, 34% used [0x00000000c0000000,0x00000000c16d81d0,0x00000000c4300000)
 Metaspace       used 39808K, committed 40448K, reserved 1089536K
  class space    used 4050K, committed 4352K, reserved 1048576K
}
Event: 7.834 GC heap after
{Heap after GC invocations=18 (full 2):
 PSYoungGen      total 21504K, used 512K [0x00000000eab00000, 0x00000000ec380000, 0x0000000100000000)
  eden space 20992K, 0% used [0x00000000eab00000,0x00000000eab00000,0x00000000ebf80000)
  from space 512K, 100% used [0x00000000ec300000,0x00000000ec380000,0x00000000ec380000)
  to   space 1024K, 0% used [0x00000000ec180000,0x00000000ec180000,0x00000000ec280000)
 ParOldGen       total 68608K, used 24069K [0x00000000c0000000, 0x00000000c4300000, 0x00000000eab00000)
  object space 68608K, 35% used [0x00000000c0000000,0x00000000c1781670,0x00000000c4300000)
 Metaspace       used 39808K, committed 40448K, reserved 1089536K
  class space    used 4050K, committed 4352K, reserved 1048576K
}
Event: 9.012 GC heap before
{Heap before GC invocations=19 (full 2):
 PSYoungGen      total 21504K, used 21503K [0x00000000eab00000, 0x00000000ec380000, 0x0000000100000000)
  eden space 20992K, 99% used [0x00000000eab00000,0x00000000ebf7fff0,0x00000000ebf80000)
  from space 512K, 100% used [0x00000000ec300000,0x00000000ec380000,0x00000000ec380000)
  to   space 1024K, 0% used [0x00000000ec180000,0x00000000ec180000,0x00000000ec280000)
 ParOldGen       total 68608K, used 24069K [0x00000000c0000000, 0x00000000c4300000, 0x00000000eab00000)
  object space 68608K, 35% used [0x00000000c0000000,0x00000000c1781670,0x00000000c4300000)
 Metaspace       used 41918K, committed 42624K, reserved 1089536K
  class space    used 4222K, committed 4544K, reserved 1048576K
}
Event: 9.015 GC heap after
{Heap after GC invocations=19 (full 2):
 PSYoungGen      total 22016K, used 1018K [0x00000000eab00000, 0x00000000ec580000, 0x0000000100000000)
  eden space 20992K, 0% used [0x00000000eab00000,0x00000000eab00000,0x00000000ebf80000)
  from space 1024K, 99% used [0x00000000ec180000,0x00000000ec27ebc0,0x00000000ec280000)
  to   space 3072K, 0% used [0x00000000ec280000,0x00000000ec280000,0x00000000ec580000)
 ParOldGen       total 68608K, used 25426K [0x00000000c0000000, 0x00000000c4300000, 0x00000000eab00000)
  object space 68608K, 37% used [0x00000000c0000000,0x00000000c18d4b08,0x00000000c4300000)
 Metaspace       used 41918K, committed 42624K, reserved 1089536K
  class space    used 4222K, committed 4544K, reserved 1048576K
}
Event: 9.098 GC heap before
{Heap before GC invocations=20 (full 2):
 PSYoungGen      total 22016K, used 22010K [0x00000000eab00000, 0x00000000ec580000, 0x0000000100000000)
  eden space 20992K, 100% used [0x00000000eab00000,0x00000000ebf80000,0x00000000ebf80000)
  from space 1024K, 99% used [0x00000000ec180000,0x00000000ec27ebc0,0x00000000ec280000)
  to   space 3072K, 0% used [0x00000000ec280000,0x00000000ec280000,0x00000000ec580000)
 ParOldGen       total 68608K, used 25426K [0x00000000c0000000, 0x00000000c4300000, 0x00000000eab00000)
  object space 68608K, 37% used [0x00000000c0000000,0x00000000c18d4b08,0x00000000c4300000)
 Metaspace       used 41941K, committed 42688K, reserved 1089536K
  class space    used 4222K, committed 4544K, reserved 1048576K
}
Event: 9.101 GC heap after
{Heap after GC invocations=20 (full 2):
 PSYoungGen      total 22016K, used 589K [0x00000000eab00000, 0x00000000ec380000, 0x0000000100000000)
  eden space 20992K, 0% used [0x00000000eab00000,0x00000000eab00000,0x00000000ebf80000)
  from space 1024K, 57% used [0x00000000ec280000,0x00000000ec313700,0x00000000ec380000)
  to   space 1536K, 0% used [0x00000000ec080000,0x00000000ec080000,0x00000000ec200000)
 ParOldGen       total 68608K, used 26415K [0x00000000c0000000, 0x00000000c4300000, 0x00000000eab00000)
  object space 68608K, 38% used [0x00000000c0000000,0x00000000c19cbcf0,0x00000000c4300000)
 Metaspace       used 41941K, committed 42688K, reserved 1089536K
  class space    used 4222K, committed 4544K, reserved 1048576K
}

Dll operation events (10 events):
Event: 0.009 Loaded shared library c:\Users\Umar Shahid\.vscode\extensions\redhat.java-1.16.0-win32-x64\jre\17.0.6-win32-x86_64\bin\java.dll
Event: 0.157 Loaded shared library c:\Users\Umar Shahid\.vscode\extensions\redhat.java-1.16.0-win32-x64\jre\17.0.6-win32-x86_64\bin\zip.dll
Event: 0.159 Loaded shared library C:\Users\Umar Shahid\.vscode\extensions\redhat.java-1.16.0-win32-x64\jre\17.0.6-win32-x86_64\bin\instrument.dll
Event: 0.174 Loaded shared library C:\Users\Umar Shahid\.vscode\extensions\redhat.java-1.16.0-win32-x64\jre\17.0.6-win32-x86_64\bin\net.dll
Event: 0.176 Loaded shared library C:\Users\Umar Shahid\.vscode\extensions\redhat.java-1.16.0-win32-x64\jre\17.0.6-win32-x86_64\bin\nio.dll
Event: 0.183 Loaded shared library C:\Users\Umar Shahid\.vscode\extensions\redhat.java-1.16.0-win32-x64\jre\17.0.6-win32-x86_64\bin\zip.dll
Event: 0.195 Loaded shared library C:\Users\Umar Shahid\.vscode\extensions\redhat.java-1.16.0-win32-x64\jre\17.0.6-win32-x86_64\bin\jimage.dll
Event: 0.238 Loaded shared library c:\Users\Umar Shahid\.vscode\extensions\redhat.java-1.16.0-win32-x64\jre\17.0.6-win32-x86_64\bin\verify.dll
Event: 1.489 Loaded shared library C:\Users\Umar Shahid\AppData\Roaming\Code\User\globalStorage\redhat.java\1.16.0\config_ss_win\org.eclipse.equinox.launcher\org.eclipse.equinox.launcher.win32.win32.x86_64_1.2.700.v20221108-1024\eclipse_11801.dll
Event: 3.994 Loaded shared library C:\Users\Umar Shahid\AppData\Local\Temp\jna-330918542\jna8287563407291433515.dll

Deoptimization events (20 events):
Event: 9.023 Thread 0x0000025a13f063d0 Uncommon trap: trap_request=0xffffffde fr.pc=0x0000025a07bbc844 relative=0x0000000000008104
Event: 9.023 Thread 0x0000025a13f063d0 Uncommon trap: reason=class_check action=maybe_recompile pc=0x0000025a07bbc844 method=lombok.patcher.PatchScript$MethodPatcher.visitMethod(ILjava/lang/String;Ljava/lang/String;Ljava/lang/String;[Ljava/lang/String;)Lorg/objectweb/asm/MethodVisitor; @ 101 c
Event: 9.023 Thread 0x0000025a13f063d0 DEOPT PACKING pc=0x0000025a07bbc844 sp=0x000000f1b92fbf40
Event: 9.023 Thread 0x0000025a13f063d0 DEOPT UNPACKING pc=0x0000025a07589ea3 sp=0x000000f1b92fbec8 mode 2
Event: 9.042 Thread 0x0000025a13f063d0 DEOPT PACKING pc=0x0000025a00472a9b sp=0x000000f1b92fc0b0
Event: 9.042 Thread 0x0000025a13f063d0 DEOPT UNPACKING pc=0x0000025a0758a9e3 sp=0x000000f1b92fb5b0 mode 0
Event: 9.049 Thread 0x0000025a13f063d0 DEOPT PACKING pc=0x0000025a00472a9b sp=0x000000f1b92fc0b0
Event: 9.049 Thread 0x0000025a13f063d0 DEOPT UNPACKING pc=0x0000025a0758a9e3 sp=0x000000f1b92fb5b0 mode 0
Event: 9.066 Thread 0x0000025a13f063d0 Uncommon trap: trap_request=0xffffff45 fr.pc=0x0000025a07cdb5e8 relative=0x0000000000000348
Event: 9.066 Thread 0x0000025a13f063d0 Uncommon trap: reason=unstable_if action=reinterpret pc=0x0000025a07cdb5e8 method=org.objectweb.asm.MethodWriter.computeMethodInfoSize()I @ 228 c2
Event: 9.066 Thread 0x0000025a13f063d0 DEOPT PACKING pc=0x0000025a07cdb5e8 sp=0x000000f1b92fc170
Event: 9.066 Thread 0x0000025a13f063d0 DEOPT UNPACKING pc=0x0000025a07589ea3 sp=0x000000f1b92fc110 mode 2
Event: 9.067 Thread 0x0000025a13f063d0 Uncommon trap: trap_request=0xffffff45 fr.pc=0x0000025a07cdd708 relative=0x0000000000000ea8
Event: 9.067 Thread 0x0000025a13f063d0 Uncommon trap: reason=unstable_if action=reinterpret pc=0x0000025a07cdd708 method=org.objectweb.asm.MethodWriter.putMethodInfo(Lorg/objectweb/asm/ByteVector;)V @ 374 c2
Event: 9.067 Thread 0x0000025a13f063d0 DEOPT PACKING pc=0x0000025a07cdd708 sp=0x000000f1b92fc130
Event: 9.067 Thread 0x0000025a13f063d0 DEOPT UNPACKING pc=0x0000025a07589ea3 sp=0x000000f1b92fc0e8 mode 2
Event: 9.276 Thread 0x0000025a13f063d0 Uncommon trap: trap_request=0xffffffde fr.pc=0x0000025a07ca3368 relative=0x00000000000005a8
Event: 9.276 Thread 0x0000025a13f063d0 Uncommon trap: reason=class_check action=maybe_recompile pc=0x0000025a07ca3368 method=java.lang.AbstractStringBuilder.<init>(Ljava/lang/String;)V @ 58 c2
Event: 9.276 Thread 0x0000025a13f063d0 DEOPT PACKING pc=0x0000025a07ca3368 sp=0x000000f1b92fcff0
Event: 9.276 Thread 0x0000025a13f063d0 DEOPT UNPACKING pc=0x0000025a07589ea3 sp=0x000000f1b92fcfd0 mode 2

Classes unloaded (7 events):
Event: 2.406 Thread 0x0000025a79cf1020 Unloading class 0x0000000100216400 'java/lang/invoke/LambdaForm$MH+0x0000000100216400'
Event: 2.406 Thread 0x0000025a79cf1020 Unloading class 0x0000000100216000 'java/lang/invoke/LambdaForm$MH+0x0000000100216000'
Event: 2.406 Thread 0x0000025a79cf1020 Unloading class 0x0000000100215c00 'java/lang/invoke/LambdaForm$MH+0x0000000100215c00'
Event: 2.406 Thread 0x0000025a79cf1020 Unloading class 0x0000000100215400 'java/lang/invoke/LambdaForm$MH+0x0000000100215400'
Event: 2.406 Thread 0x0000025a79cf1020 Unloading class 0x0000000100215000 'java/lang/invoke/LambdaForm$BMH+0x0000000100215000'
Event: 2.406 Thread 0x0000025a79cf1020 Unloading class 0x0000000100214c00 'java/lang/invoke/LambdaForm$DMH+0x0000000100214c00'
Event: 2.406 Thread 0x0000025a79cf1020 Unloading class 0x0000000100212000 'java/lang/invoke/LambdaForm$DMH+0x0000000100212000'

Classes redefined (0 events):
No events

Internal exceptions (20 events):
Event: 7.713 Thread 0x0000025a13f05090 Exception <a 'java/lang/NoClassDefFoundError'{0x00000000eba66d90}: org/eclipse/core/runtime/IPath> (0x00000000eba66d90) 
thrown [s\src\hotspot\share\classfile\systemDictionary.cpp, line 245]
Event: 7.800 Thread 0x0000025a13f05090 Exception <a 'java/lang/NoClassDefFoundError'{0x00000000ebe35610}: org/eclipse/jdt/core/dom/Name> (0x00000000ebe35610) 
thrown [s\src\hotspot\share\classfile\systemDictionary.cpp, line 245]
Event: 7.800 Thread 0x0000025a13f05090 Exception <a 'java/lang/NullPointerException'{0x00000000ebe35ba0}> (0x00000000ebe35ba0) 
thrown [s\src\hotspot\share\interpreter\linkResolver.cpp, line 1350]
Event: 7.801 Thread 0x0000025a13f06d70 Exception <a 'java/lang/NullPointerException'{0x00000000ebda0f88}> (0x00000000ebda0f88) 
thrown [s\src\hotspot\share\interpreter\linkResolver.cpp, line 1350]
Event: 7.807 Thread 0x0000025a13f05090 Exception <a 'java/lang/NullPointerException'{0x00000000ebe41b48}> (0x00000000ebe41b48) 
thrown [s\src\hotspot\share\interpreter\linkResolver.cpp, line 1350]
Event: 7.807 Thread 0x0000025a13f06d70 Exception <a 'java/lang/NullPointerException'{0x00000000ebdb25d8}> (0x00000000ebdb25d8) 
thrown [s\src\hotspot\share\interpreter\linkResolver.cpp, line 1350]
Event: 7.807 Thread 0x0000025a13f06d70 Exception <a 'java/lang/NullPointerException'{0x00000000ebdb3628}> (0x00000000ebdb3628) 
thrown [s\src\hotspot\share\interpreter\linkResolver.cpp, line 1350]
Event: 7.807 Thread 0x0000025a13f05090 Exception <a 'java/lang/NullPointerException'{0x00000000ebe42b98}> (0x00000000ebe42b98) 
thrown [s\src\hotspot\share\interpreter\linkResolver.cpp, line 1350]
Event: 7.810 Thread 0x0000025a13f05090 Exception <a 'java/lang/NullPointerException'{0x00000000ebe6d6b8}> (0x00000000ebe6d6b8) 
thrown [s\src\hotspot\share\interpreter\linkResolver.cpp, line 1350]
Event: 7.810 Thread 0x0000025a13f06d70 Exception <a 'java/lang/NullPointerException'{0x00000000ebdbbf98}> (0x00000000ebdbbf98) 
thrown [s\src\hotspot\share\interpreter\linkResolver.cpp, line 1350]
Event: 7.814 Thread 0x0000025a13f06d70 Exception <a 'java/lang/NullPointerException'{0x00000000ebdbe970}> (0x00000000ebdbe970) 
thrown [s\src\hotspot\share\interpreter\linkResolver.cpp, line 1350]
Event: 7.814 Thread 0x0000025a13f05090 Exception <a 'java/lang/NullPointerException'{0x00000000ebe70188}> (0x00000000ebe70188) 
thrown [s\src\hotspot\share\interpreter\linkResolver.cpp, line 1350]
Event: 8.977 Thread 0x0000025a13f063d0 Exception <a 'java/lang/NullPointerException'{0x00000000eb853bb8}> (0x00000000eb853bb8) 
thrown [s\src\hotspot\share\interpreter\linkResolver.cpp, line 1350]
Event: 8.977 Thread 0x0000025a13f063d0 Exception <a 'java/lang/NullPointerException'{0x00000000eb854638}> (0x00000000eb854638) 
thrown [s\src\hotspot\share\interpreter\linkResolver.cpp, line 1350]
Event: 8.977 Thread 0x0000025a13f063d0 Exception <a 'java/lang/NullPointerException'{0x00000000eb854c60}> (0x00000000eb854c60) 
thrown [s\src\hotspot\share\interpreter\linkResolver.cpp, line 1350]
Event: 8.977 Thread 0x0000025a13f063d0 Exception <a 'java/lang/NullPointerException'{0x00000000eb8558a0}> (0x00000000eb8558a0) 
thrown [s\src\hotspot\share\interpreter\linkResolver.cpp, line 1350]
Event: 8.978 Thread 0x0000025a13f063d0 Exception <a 'java/lang/NullPointerException'{0x00000000eb8566d8}> (0x00000000eb8566d8) 
thrown [s\src\hotspot\share\interpreter\linkResolver.cpp, line 1350]
Event: 9.297 Thread 0x0000025a13f063d0 Exception <a 'java/io/FileNotFoundException'{0x00000000eb7f43b8}> (0x00000000eb7f43b8) 
thrown [s\src\hotspot\share\prims\jni.cpp, line 516]
Event: 9.297 Thread 0x0000025a13f063d0 Exception <a 'java/io/FileNotFoundException'{0x00000000eb7f5f80}> (0x00000000eb7f5f80) 
thrown [s\src\hotspot\share\prims\jni.cpp, line 516]
Event: 9.297 Thread 0x0000025a13f063d0 Exception <a 'java/io/FileNotFoundException'{0x00000000eb7f7298}> (0x00000000eb7f7298) 
thrown [s\src\hotspot\share\prims\jni.cpp, line 516]

VM Operations (20 events):
Event: 6.304 Executing VM operation: ParallelGCFailedAllocation
Event: 6.307 Executing VM operation: ParallelGCFailedAllocation done
Event: 6.560 Executing VM operation: ParallelGCFailedAllocation
Event: 6.567 Executing VM operation: ParallelGCFailedAllocation done
Event: 6.836 Executing VM operation: HandshakeAllThreads
Event: 6.836 Executing VM operation: HandshakeAllThreads done
Event: 7.173 Executing VM operation: ParallelGCFailedAllocation
Event: 7.175 Executing VM operation: ParallelGCFailedAllocation done
Event: 7.832 Executing VM operation: ParallelGCFailedAllocation
Event: 7.834 Executing VM operation: ParallelGCFailedAllocation done
Event: 7.844 Executing VM operation: HandshakeAllThreads
Event: 7.844 Executing VM operation: HandshakeAllThreads done
Event: 8.844 Executing VM operation: Cleanup
Event: 8.844 Executing VM operation: Cleanup done
Event: 8.894 Executing VM operation: HandshakeAllThreads
Event: 8.894 Executing VM operation: HandshakeAllThreads done
Event: 9.012 Executing VM operation: ParallelGCFailedAllocation
Event: 9.015 Executing VM operation: ParallelGCFailedAllocation done
Event: 9.098 Executing VM operation: ParallelGCFailedAllocation
Event: 9.108 Executing VM operation: ParallelGCFailedAllocation done

Events (20 events):
Event: 7.891 loading class java/util/regex/PatternSyntaxException
Event: 7.891 loading class java/util/regex/PatternSyntaxException done
Event: 8.093 Thread 0x0000025a13964b10 Thread added: 0x0000025a13964b10
Event: 8.256 Thread 0x0000025a13964b10 Thread exited: 0x0000025a13964b10
Event: 8.902 loading class java/lang/UnsupportedClassVersionError
Event: 8.902 loading class java/lang/UnsupportedClassVersionError done
Event: 8.908 loading class jdk/internal/reflect/UnsafeQualifiedStaticIntegerFieldAccessorImpl
Event: 8.908 loading class jdk/internal/reflect/UnsafeQualifiedStaticIntegerFieldAccessorImpl done
Event: 8.938 loading class java/util/stream/MatchOps$MatchKind
Event: 8.938 loading class java/util/stream/MatchOps$MatchKind done
Event: 8.938 loading class java/util/stream/MatchOps
Event: 8.938 loading class java/util/stream/MatchOps done
Event: 8.938 loading class java/util/stream/MatchOps$MatchOp
Event: 8.938 loading class java/util/stream/MatchOps$MatchOp done
Event: 8.938 loading class java/util/stream/MatchOps$BooleanTerminalSink
Event: 8.938 loading class java/util/stream/MatchOps$BooleanTerminalSink done
Event: 8.939 loading class java/util/stream/MatchOps$1MatchSink
Event: 8.939 loading class java/util/stream/MatchOps$1MatchSink done
Event: 9.025 Thread 0x0000025a129d2de0 Thread added: 0x0000025a129d2de0
Event: 9.045 Thread 0x0000025a15fd8010 Thread added: 0x0000025a15fd8010


Dynamic libraries:
0x00007ff6d64b0000 - 0x00007ff6d64be000 	c:\Users\Umar Shahid\.vscode\extensions\redhat.java-1.16.0-win32-x64\jre\17.0.6-win32-x86_64\bin\java.exe
0x00007ffa6b150000 - 0x00007ffa6b364000 	C:\WINDOWS\SYSTEM32\ntdll.dll
0x00007ffa68fe0000 - 0x00007ffa690a3000 	C:\WINDOWS\System32\KERNEL32.DLL
0x00007ffa68720000 - 0x00007ffa68abc000 	C:\WINDOWS\System32\KERNELBASE.dll
0x00007ffa68cf0000 - 0x00007ffa68e01000 	C:\WINDOWS\System32\ucrtbase.dll
0x00007ffa60380000 - 0x00007ffa60397000 	c:\Users\Umar Shahid\.vscode\extensions\redhat.java-1.16.0-win32-x64\jre\17.0.6-win32-x86_64\bin\jli.dll
0x00007ffa6a060000 - 0x00007ffa6a20d000 	C:\WINDOWS\System32\USER32.dll
0x00007ffa68f30000 - 0x00007ffa68f56000 	C:\WINDOWS\System32\win32u.dll
0x00007ffa6ae20000 - 0x00007ffa6ae49000 	C:\WINDOWS\System32\GDI32.dll
0x00007ffa68e10000 - 0x00007ffa68f23000 	C:\WINDOWS\System32\gdi32full.dll
0x00007ffa68680000 - 0x00007ffa6871a000 	C:\WINDOWS\System32\msvcp_win.dll
0x00007ffa602b0000 - 0x00007ffa602c9000 	c:\Users\Umar Shahid\.vscode\extensions\redhat.java-1.16.0-win32-x64\jre\17.0.6-win32-x86_64\bin\VCRUNTIME140.dll
0x00007ffa44de0000 - 0x00007ffa4506e000 	C:\WINDOWS\WinSxS\amd64_microsoft.windows.common-controls_6595b64144ccf1df_6.0.22621.608_none_a9444ca7c10bb01d\COMCTL32.dll
0x00007ffa69fb0000 - 0x00007ffa6a057000 	C:\WINDOWS\System32\msvcrt.dll
0x00007ffa6b0b0000 - 0x00007ffa6b0e1000 	C:\WINDOWS\System32\IMM32.DLL
0x00007ffa63b30000 - 0x00007ffa63b3c000 	c:\Users\Umar Shahid\.vscode\extensions\redhat.java-1.16.0-win32-x64\jre\17.0.6-win32-x86_64\bin\vcruntime140_1.dll
0x00007ffa54c70000 - 0x00007ffa54d01000 	c:\Users\Umar Shahid\.vscode\extensions\redhat.java-1.16.0-win32-x64\jre\17.0.6-win32-x86_64\bin\msvcp140.dll
0x00007ff9f8e90000 - 0x00007ff9f9ad7000 	c:\Users\Umar Shahid\.vscode\extensions\redhat.java-1.16.0-win32-x64\jre\17.0.6-win32-x86_64\bin\server\jvm.dll
0x00007ffa6a560000 - 0x00007ffa6a60e000 	C:\WINDOWS\System32\ADVAPI32.dll
0x00007ffa692c0000 - 0x00007ffa69364000 	C:\WINDOWS\System32\sechost.dll
0x00007ffa6ae60000 - 0x00007ffa6af75000 	C:\WINDOWS\System32\RPCRT4.dll
0x00007ffa63a90000 - 0x00007ffa63a99000 	C:\WINDOWS\SYSTEM32\WSOCK32.dll
0x00007ffa68f60000 - 0x00007ffa68fd1000 	C:\WINDOWS\System32\WS2_32.dll
0x00007ffa5dcf0000 - 0x00007ffa5dd24000 	C:\WINDOWS\SYSTEM32\WINMM.dll
0x00007ffa5fbc0000 - 0x00007ffa5fbca000 	C:\WINDOWS\SYSTEM32\VERSION.dll
0x00007ffa67690000 - 0x00007ffa676a8000 	C:\WINDOWS\SYSTEM32\kernel.appcore.dll
0x00007ffa634c0000 - 0x00007ffa634ca000 	c:\Users\Umar Shahid\.vscode\extensions\redhat.java-1.16.0-win32-x64\jre\17.0.6-win32-x86_64\bin\jimage.dll
0x00007ffa65f10000 - 0x00007ffa6613e000 	C:\WINDOWS\SYSTEM32\DBGHELP.DLL
0x00007ffa6aa90000 - 0x00007ffa6ae19000 	C:\WINDOWS\System32\combase.dll
0x00007ffa69670000 - 0x00007ffa69747000 	C:\WINDOWS\System32\OLEAUT32.dll
0x00007ffa47080000 - 0x00007ffa470b2000 	C:\WINDOWS\SYSTEM32\dbgcore.DLL
0x00007ffa68600000 - 0x00007ffa6867b000 	C:\WINDOWS\System32\bcryptPrimitives.dll
0x00007ffa5df90000 - 0x00007ffa5df9e000 	c:\Users\Umar Shahid\.vscode\extensions\redhat.java-1.16.0-win32-x64\jre\17.0.6-win32-x86_64\bin\instrument.dll
0x00007ffa56e00000 - 0x00007ffa56e25000 	c:\Users\Umar Shahid\.vscode\extensions\redhat.java-1.16.0-win32-x64\jre\17.0.6-win32-x86_64\bin\java.dll
0x00007ffa56de0000 - 0x00007ffa56df8000 	c:\Users\Umar Shahid\.vscode\extensions\redhat.java-1.16.0-win32-x64\jre\17.0.6-win32-x86_64\bin\zip.dll
0x00007ffa697c0000 - 0x00007ffa69fb0000 	C:\WINDOWS\System32\SHELL32.dll
0x00007ffa66560000 - 0x00007ffa66e2e000 	C:\WINDOWS\SYSTEM32\windows.storage.dll
0x00007ffa66420000 - 0x00007ffa6655e000 	C:\WINDOWS\SYSTEM32\wintypes.dll
0x00007ffa6a440000 - 0x00007ffa6a531000 	C:\WINDOWS\System32\SHCORE.dll
0x00007ffa69470000 - 0x00007ffa694ce000 	C:\WINDOWS\System32\shlwapi.dll
0x00007ffa684c0000 - 0x00007ffa684e1000 	C:\WINDOWS\SYSTEM32\profapi.dll
0x00007ffa56470000 - 0x00007ffa56489000 	C:\Users\Umar Shahid\.vscode\extensions\redhat.java-1.16.0-win32-x64\jre\17.0.6-win32-x86_64\bin\net.dll
0x00007ffa61f80000 - 0x00007ffa620af000 	C:\WINDOWS\SYSTEM32\WINHTTP.dll
0x00007ffa67af0000 - 0x00007ffa67b59000 	C:\WINDOWS\system32\mswsock.dll
0x00007ffa55ce0000 - 0x00007ffa55cf5000 	C:\Users\Umar Shahid\.vscode\extensions\redhat.java-1.16.0-win32-x64\jre\17.0.6-win32-x86_64\bin\nio.dll
0x00007ffa5b060000 - 0x00007ffa5b070000 	c:\Users\Umar Shahid\.vscode\extensions\redhat.java-1.16.0-win32-x64\jre\17.0.6-win32-x86_64\bin\verify.dll
0x00007ffa55a40000 - 0x00007ffa55a7e000 	C:\Users\Umar Shahid\AppData\Roaming\Code\User\globalStorage\redhat.java\1.16.0\config_ss_win\org.eclipse.equinox.launcher\org.eclipse.equinox.launcher.win32.win32.x86_64_1.2.700.v20221108-1024\eclipse_11801.dll
0x00007ffa694d0000 - 0x00007ffa6966c000 	C:\WINDOWS\System32\ole32.dll
0x00007ffa67e10000 - 0x00007ffa67e2b000 	C:\WINDOWS\SYSTEM32\CRYPTSP.dll
0x00007ffa67600000 - 0x00007ffa67635000 	C:\WINDOWS\system32\rsaenh.dll
0x00007ffa67b90000 - 0x00007ffa67bb8000 	C:\WINDOWS\SYSTEM32\USERENV.dll
0x00007ffa67f40000 - 0x00007ffa67f68000 	C:\WINDOWS\SYSTEM32\bcrypt.dll
0x00007ffa67df0000 - 0x00007ffa67dfc000 	C:\WINDOWS\SYSTEM32\CRYPTBASE.dll
0x00007ffa67070000 - 0x00007ffa6709d000 	C:\WINDOWS\SYSTEM32\IPHLPAPI.DLL
0x00007ffa6a210000 - 0x00007ffa6a219000 	C:\WINDOWS\System32\NSI.dll
0x00007ffa60de0000 - 0x00007ffa60df9000 	C:\WINDOWS\SYSTEM32\dhcpcsvc6.DLL
0x00007ffa60b60000 - 0x00007ffa60b7f000 	C:\WINDOWS\SYSTEM32\dhcpcsvc.DLL
0x00007ffa670a0000 - 0x00007ffa67193000 	C:\WINDOWS\SYSTEM32\DNSAPI.dll
0x00007ffa549d0000 - 0x00007ffa54a15000 	C:\Users\Umar Shahid\AppData\Local\Temp\jna-330918542\jna8287563407291433515.dll
0x00007ffa697a0000 - 0x00007ffa697a8000 	C:\WINDOWS\System32\PSAPI.DLL

dbghelp: loaded successfully - version: 4.0.5 - missing functions: none
symbol engine: initialized successfully - sym options: 0x614 - pdb path: .;c:\Users\Umar Shahid\.vscode\extensions\redhat.java-1.16.0-win32-x64\jre\17.0.6-win32-x86_64\bin;C:\WINDOWS\SYSTEM32;C:\WINDOWS\WinSxS\amd64_microsoft.windows.common-controls_6595b64144ccf1df_6.0.22621.608_none_a9444ca7c10bb01d;c:\Users\Umar Shahid\.vscode\extensions\redhat.java-1.16.0-win32-x64\jre\17.0.6-win32-x86_64\bin\server;C:\Users\Umar Shahid\AppData\Roaming\Code\User\globalStorage\redhat.java\1.16.0\config_ss_win\org.eclipse.equinox.launcher\org.eclipse.equinox.launcher.win32.win32.x86_64_1.2.700.v20221108-1024;C:\Users\Umar Shahid\AppData\Local\Temp\jna-330918542

VM Arguments:
jvm_args: --add-modules=ALL-SYSTEM --add-opens=java.base/java.util=ALL-UNNAMED --add-opens=java.base/java.lang=ALL-UNNAMED --add-opens=java.base/sun.nio.fs=ALL-UNNAMED -Declipse.application=org.eclipse.jdt.ls.core.id1 -Dosgi.bundles.defaultStartLevel=4 -Declipse.product=org.eclipse.jdt.ls.core.product -Djava.import.generatesMetadataFilesAtProjectRoot=false -Dfile.encoding=utf8 -XX:+UseParallelGC -XX:GCTimeRatio=4 -XX:AdaptiveSizePolicyWeight=90 -Dsun.zip.disableMemoryMapping=true -Xmx1G -Xms100m -Xlog:disable -javaagent:c:\Users\Umar Shahid\.vscode\extensions\redhat.java-1.16.0-win32-x64\lombok\lombok-1.18.24.jar 
java_command: c:\Users\Umar Shahid\.vscode\extensions\redhat.java-1.16.0-win32-x64\server\plugins\org.eclipse.equinox.launcher_1.6.400.v20210924-0641.jar -configuration c:\Users\Umar Shahid\AppData\Roaming\Code\User\globalStorage\redhat.java\1.16.0\config_ss_win -data c:\Users\Umar Shahid\AppData\Roaming\Code\User\workspaceStorage\e3a3ad1c0a154d16099ad865a3dff36e\redhat.java\ss_ws
java_class_path (initial): c:\Users\Umar Shahid\.vscode\extensions\redhat.java-1.16.0-win32-x64\server\plugins\org.eclipse.equinox.launcher_1.6.400.v20210924-0641.jar
Launcher Type: SUN_STANDARD

[Global flags]
    uintx AdaptiveSizePolicyWeight                 = 90                                        {product} {command line}
     intx CICompilerCount                          = 4                                         {product} {ergonomic}
    uintx GCTimeRatio                              = 4                                         {product} {command line}
   size_t InitialHeapSize                          = 104857600                                 {product} {command line}
   size_t MaxHeapSize                              = 1073741824                                {product} {command line}
   size_t MaxNewSize                               = 357564416                                 {product} {ergonomic}
   size_t MinHeapDeltaBytes                        = 524288                                    {product} {ergonomic}
   size_t MinHeapSize                              = 104857600                                 {product} {command line}
   size_t NewSize                                  = 34603008                                  {product} {ergonomic}
    uintx NonNMethodCodeHeapSize                   = 5839372                                {pd product} {ergonomic}
    uintx NonProfiledCodeHeapSize                  = 122909434                              {pd product} {ergonomic}
   size_t OldSize                                  = 70254592                                  {product} {ergonomic}
    uintx ProfiledCodeHeapSize                     = 122909434                              {pd product} {ergonomic}
    uintx ReservedCodeCacheSize                    = 251658240                              {pd product} {ergonomic}
     bool SegmentedCodeCache                       = true                                      {product} {ergonomic}
   size_t SoftMaxHeapSize                          = 1073741824                             {manageable} {ergonomic}
     bool UseCompressedClassPointers               = true                           {product lp64_product} {ergonomic}
     bool UseCompressedOops                        = true                           {product lp64_product} {ergonomic}
     bool UseLargePagesIndividualAllocation        = false                                  {pd product} {ergonomic}
     bool UseParallelGC                            = true                                      {product} {command line}

Logging:
Log output configuration:
 #0: stdout all=off uptime,level,tags
 #1: stderr all=off uptime,level,tags

Environment Variables:
JAVA_HOME=C:\Program Files\Java\jdk-19
PATH=C:\Program Files\Common Files\Oracle\Java\javapath;C:\WINDOWS\system32;C:\WINDOWS;C:\WINDOWS\System32\Wbem;C:\WINDOWS\System32\WindowsPowerShell\v1.0\;C:\WINDOWS\System32\OpenSSH\;C:\Program Files (x86)\NVIDIA Corporation\PhysX\Common;C:\Program Files\NVIDIA Corporation\NVIDIA NvDLISR;C:\Program Files\Java\jdk-19\bin;C:\Program Files\dotnet\;C:\Program Files\nodejs\;C:\Program Files\Azure Data Studio\bin;C:\Program Files (x86)\Microsoft SQL Server\160\Tools\Binn\;C:\Program Files\Microsoft SQL Server\160\Tools\Binn\;C:\Program Files\Microsoft SQL Server\Client SDK\ODBC\170\Tools\Binn\;C:\Program Files\Microsoft SQL Server\160\DTS\Binn\;C:\Program Files (x86)\Microsoft SQL Server\160\DTS\Binn\;C:\MinGW\bin;;%SystemRoot%\system32;%SystemRoot%;%SystemRoot%\System32\Wbem;%SYSTEMROOT%\System32\WindowsPowerShell\v1.0\;%SYSTEMROOT%\System32\OpenSSH\;C:\Users\Umar Shahid\AppData\Local\Microsoft\WindowsApps;C:\Users\Umar Shahid\AppData\Local\Programs\Microsoft VS Code\bin;C:\msys64\mingw64\bin;C:\Program Files\JetBrains\IntelliJ IDEA Community Edition 2022.2.4\bin;;C:\Users\Umar Shahid\AppData\Local\GitHubDesktop\bin;C:\Users\Umar Shahid\AppData\Roaming\npm;C:\Program Files\Azure Data Studio\bin;
USERNAME=Umar Shahid
OS=Windows_NT
PROCESSOR_IDENTIFIER=Intel64 Family 6 Model 140 Stepping 1, GenuineIntel
TMP=C:\Users\UMARSH~1\AppData\Local\Temp
TEMP=C:\Users\UMARSH~1\AppData\Local\Temp



---------------  S Y S T E M  ---------------

OS:
 Windows 11 , 64 bit Build 22621 (10.0.22621.1344)
OS uptime: 2 days 12:30 hours
Hyper-V role detected

CPU: total 8 (initial active 8) (4 cores per cpu, 2 threads per core) family 6 model 140 stepping 1 microcode 0xa4, cx8, cmov, fxsr, ht, mmx, 3dnowpref, sse, sse2, sse3, ssse3, sse4.1, sse4.2, popcnt, lzcnt, tsc, tscinvbit, avx, avx2, aes, erms, clmul, bmi1, bmi2, adx, avx512f, avx512dq, avx512cd, avx512bw, avx512vl, sha, fma, vzeroupper, avx512_vpopcntdq, avx512_vpclmulqdq, avx512_vaes, avx512_vnni, clflush, clflushopt, clwb, avx512_vbmi2, avx512_vbmi, hv

Memory: 4k page, system-wide physical 7918M (548M free)
TotalPageFile size 10745M (AvailPageFile size 5M)
current process WorkingSet (physical memory assigned to process): 222M, peak: 222M
current process commit charge ("private bytes"): 305M, peak: 305M

vm_info: OpenJDK 64-Bit Server VM (17.0.6+10) for windows-amd64 JRE (17.0.6+10), built on Jan 18 2023 10:08:59 by "temurin" with MS VC++ 16.7 (VS2019)

END.
