#
# There is insufficient memory for the Java Runtime Environment to continue.
# Native memory allocation (malloc) failed to allocate 855136 bytes for Chunk::new
# Possible reasons:
#   The system is out of physical RAM or swap space
#   The process is running with CompressedOops enabled, and the Java Heap may be blocking the growth of the native heap
# Possible solutions:
#   Reduce memory load on the system
#   Increase physical memory or swap space
#   Check if swap backing store is full
#   Decrease Java heap size (-Xmx/-Xms)
#   Decrease number of Java threads
#   Decrease Java thread stack sizes (-Xss)
#   Set larger code cache with -XX:ReservedCodeCacheSize=
#   JVM is running with Unscaled Compressed Oops mode in which the Java heap is
#     placed in the first 4GB address space. The Java Heap base address is the
#     maximum limit for the native heap growth. Please use -XX:HeapBaseMinAddress
#     to set the Java Heap base and to place the Java Heap above 4GB virtual address.
# This output file may be truncated or incomplete.
#
#  Out of Memory Error (arena.cpp:189), pid=22524, tid=22432
#
# JRE version: OpenJDK Runtime Environment Temurin-17.0.6+10 (17.0.6+10) (build 17.0.6+10)
# Java VM: OpenJDK 64-Bit Server VM Temurin-17.0.6+10 (17.0.6+10, mixed mode, tiered, compressed oops, compressed class ptrs, parallel gc, windows-amd64)
# No core dump will be written. Minidumps are not enabled by default on client versions of Windows
#

---------------  S U M M A R Y ------------

Command Line: --add-modules=ALL-SYSTEM --add-opens=java.base/java.util=ALL-UNNAMED --add-opens=java.base/java.lang=ALL-UNNAMED --add-opens=java.base/sun.nio.fs=ALL-UNNAMED -Declipse.application=org.eclipse.jdt.ls.core.id1 -Dosgi.bundles.defaultStartLevel=4 -Declipse.product=org.eclipse.jdt.ls.core.product -Djava.import.generatesMetadataFilesAtProjectRoot=false -Dfile.encoding=utf8 -XX:+UseParallelGC -XX:GCTimeRatio=4 -XX:AdaptiveSizePolicyWeight=90 -Dsun.zip.disableMemoryMapping=true -Xmx1G -Xms100m -Xlog:disable -javaagent:c:\Users\Umar Shahid\.vscode\extensions\redhat.java-1.16.0-win32-x64\lombok\lombok-1.18.24.jar -XX:+HeapDumpOnOutOfMemoryError -XX:HeapDumpPath=c:\Users\Umar Shahid\AppData\Roaming\Code\User\workspaceStorage\e3a3ad1c0a154d16099ad865a3dff36e\redhat.java c:\Users\Umar Shahid\.vscode\extensions\redhat.java-1.16.0-win32-x64\server\plugins\org.eclipse.equinox.launcher_1.6.400.v20210924-0641.jar -configuration c:\Users\Umar Shahid\AppData\Roaming\Code\User\globalStorage\redhat.java\1.16.0\config_win -data c:\Users\Umar Shahid\AppData\Roaming\Code\User\workspaceStorage\e3a3ad1c0a154d16099ad865a3dff36e\redhat.java\jdt_ws

Host: 11th Gen Intel(R) Core(TM) i5-1135G7 @ 2.40GHz, 8 cores, 7G,  Windows 11 , 64 bit Build 22621 (10.0.22621.1344)
Time: Tue Mar 21 06:50:05 2023 Pakistan Standard Time elapsed time: 4.358106 seconds (0d 0h 0m 4s)

---------------  T H R E A D  ---------------

Current thread (0x0000019499cbdf20):  JavaThread "C2 CompilerThread2" daemon [_thread_in_native, id=22432, stack(0x0000007870800000,0x0000007870900000)]


Current CompileTask:
C2:   4358 3041       4       jdk.internal.org.objectweb.asm.Frame::execute (2318 bytes)

Stack: [0x0000007870800000,0x0000007870900000]
Native frames: (J=compiled Java code, j=interpreted, Vv=VM code, C=native code)
V  [jvm.dll+0x67741a]
V  [jvm.dll+0x834434]
V  [jvm.dll+0x835bde]
V  [jvm.dll+0x836243]
V  [jvm.dll+0x2457b5]
V  [jvm.dll+0xabafc]
V  [jvm.dll+0xac0cc]
V  [jvm.dll+0x2ac94f]
V  [jvm.dll+0x57de47]
V  [jvm.dll+0x220812]
V  [jvm.dll+0x220bef]
V  [jvm.dll+0x21a445]
V  [jvm.dll+0x21790b]
V  [jvm.dll+0x1a3d0d]
V  [jvm.dll+0x22742a]
V  [jvm.dll+0x225565]
V  [jvm.dll+0x7ea2cb]
V  [jvm.dll+0x7e483a]
V  [jvm.dll+0x6762c5]
C  [ucrtbase.dll+0x29363]
C  [KERNEL32.DLL+0x126bd]
C  [ntdll.dll+0x5a9f8]


---------------  P R O C E S S  ---------------

Threads class SMR info:
_java_thread_list=0x0000019499e562a0, length=26, elements={
0x000001948144ef90, 0x00000194952c66b0, 0x00000194952c7710, 0x00000194952ce3b0,
0x0000019496d5ff30, 0x0000019496d62730, 0x0000019496d62c00, 0x0000019496d71830,
0x0000019481507ee0, 0x0000019496d71d40, 0x0000019496d635a0, 0x0000019496d64410,
0x0000019496d62260, 0x0000019496d63f40, 0x0000019496d64db0, 0x0000019496d618c0,
0x00000194995c97a0, 0x00000194995ce970, 0x00000194995cdb00, 0x00000194995cc2f0,
0x0000019499d5ed50, 0x00000194995c92d0, 0x0000019499cbdf20, 0x00000194995c8e00,
0x00000194995ca140, 0x00000194995cb950
}

Java Threads: ( => current thread )
  0x000001948144ef90 JavaThread "main" [_thread_in_vm, id=23600, stack(0x000000786e800000,0x000000786e900000)]
  0x00000194952c66b0 JavaThread "Reference Handler" daemon [_thread_blocked, id=10136, stack(0x000000786eb00000,0x000000786ec00000)]
  0x00000194952c7710 JavaThread "Finalizer" daemon [_thread_blocked, id=1608, stack(0x000000786ec00000,0x000000786ed00000)]
  0x00000194952ce3b0 JavaThread "Signal Dispatcher" daemon [_thread_blocked, id=20116, stack(0x000000786ed00000,0x000000786ee00000)]
  0x0000019496d5ff30 JavaThread "Attach Listener" daemon [_thread_blocked, id=4460, stack(0x000000786ee00000,0x000000786ef00000)]
  0x0000019496d62730 JavaThread "Service Thread" daemon [_thread_blocked, id=7256, stack(0x000000786ef00000,0x000000786f000000)]
  0x0000019496d62c00 JavaThread "Monitor Deflation Thread" daemon [_thread_blocked, id=1068, stack(0x000000786f000000,0x000000786f100000)]
  0x0000019496d71830 JavaThread "C2 CompilerThread0" daemon [_thread_in_native, id=22172, stack(0x000000786f100000,0x000000786f200000)]
  0x0000019481507ee0 JavaThread "C1 CompilerThread0" daemon [_thread_blocked, id=24848, stack(0x000000786f200000,0x000000786f300000)]
  0x0000019496d71d40 JavaThread "Sweeper thread" daemon [_thread_blocked, id=19524, stack(0x000000786f300000,0x000000786f400000)]
  0x0000019496d635a0 JavaThread "Common-Cleaner" daemon [_thread_blocked, id=24132, stack(0x000000786f400000,0x000000786f500000)]
  0x0000019496d64410 JavaThread "Notification Thread" daemon [_thread_blocked, id=17820, stack(0x000000786f600000,0x000000786f700000)]
  0x0000019496d62260 JavaThread "Active Thread: Equinox Container: 7858aaef-7a53-40a1-a063-4fb97bdc64d6" [_thread_blocked, id=12180, stack(0x000000786ff00000,0x0000007870000000)]
  0x0000019496d63f40 JavaThread "Framework Event Dispatcher: Equinox Container: 7858aaef-7a53-40a1-a063-4fb97bdc64d6" daemon [_thread_blocked, id=12036, stack(0x0000007870000000,0x0000007870100000)]
  0x0000019496d64db0 JavaThread "Start Level: Equinox Container: 7858aaef-7a53-40a1-a063-4fb97bdc64d6" daemon [_thread_blocked, id=21984, stack(0x0000007870100000,0x0000007870200000)]
  0x0000019496d618c0 JavaThread "SCR Component Actor" daemon [_thread_blocked, id=7560, stack(0x0000007870200000,0x0000007870300000)]
  0x00000194995c97a0 JavaThread "SCR Component Registry" daemon [_thread_blocked, id=23876, stack(0x0000007870400000,0x0000007870500000)]
  0x00000194995ce970 JavaThread "Worker-JM" [_thread_blocked, id=11572, stack(0x000000786f800000,0x000000786f900000)]
  0x00000194995cdb00 JavaThread "Worker-0: Updating Maven Dependencies" [_thread_in_native, id=11336, stack(0x0000007870500000,0x0000007870600000)]
  0x00000194995cc2f0 JavaThread "Worker-1: Repository registry initialization" [_thread_blocked, id=9796, stack(0x0000007870600000,0x0000007870700000)]
  0x0000019499d5ed50 JavaThread "C2 CompilerThread1" daemon [_thread_in_native, id=15784, stack(0x000000786f500000,0x000000786f600000)]
  0x00000194995c92d0 JavaThread "Java indexing" daemon [_thread_blocked, id=13432, stack(0x0000007870700000,0x0000007870800000)]
=>0x0000019499cbdf20 JavaThread "C2 CompilerThread2" daemon [_thread_in_native, id=22432, stack(0x0000007870800000,0x0000007870900000)]
  0x00000194995c8e00 JavaThread "Worker-2" [_thread_blocked, id=15928, stack(0x0000007870900000,0x0000007870a00000)]
  0x00000194995ca140 JavaThread "JNA Cleaner" daemon [_thread_blocked, id=14872, stack(0x0000007870a00000,0x0000007870b00000)]
  0x00000194995cb950 JavaThread "pool-2-thread-1" [_thread_blocked, id=22580, stack(0x0000007870d00000,0x0000007870e00000)]

Other Threads:
  0x0000019496d20c20 VMThread "VM Thread" [stack: 0x000000786ea00000,0x000000786eb00000] [id=8008]
  0x0000019497069130 WatcherThread [stack: 0x000000786f700000,0x000000786f800000] [id=10232]
  0x0000019481465270 GCTaskThread "GC Thread#0" [stack: 0x000000786e900000,0x000000786ea00000] [id=22008]
  0x000001949849e420 GCTaskThread "GC Thread#1" [stack: 0x000000786f900000,0x000000786fa00000] [id=21224]
  0x0000019497dc01b0 GCTaskThread "GC Thread#2" [stack: 0x000000786fa00000,0x000000786fb00000] [id=19908]
  0x0000019498000420 GCTaskThread "GC Thread#3" [stack: 0x000000786fb00000,0x000000786fc00000] [id=8032]
  0x00000194980006d0 GCTaskThread "GC Thread#4" [stack: 0x000000786fc00000,0x000000786fd00000] [id=20232]
  0x0000019498382020 GCTaskThread "GC Thread#5" [stack: 0x000000786fd00000,0x000000786fe00000] [id=26728]
  0x00000194983822d0 GCTaskThread "GC Thread#6" [stack: 0x000000786fe00000,0x000000786ff00000] [id=26108]
  0x000001949911a8b0 GCTaskThread "GC Thread#7" [stack: 0x0000007870300000,0x0000007870400000] [id=20788]

Threads with active compile tasks:
C2 CompilerThread0     4376 3190       4       org.codehaus.plexus.util.xml.pull.MXParser::nextImpl (1202 bytes)
C2 CompilerThread1     4376 3138   !   4       sun.nio.cs.StreamDecoder::read (196 bytes)
C2 CompilerThread2     4376 3041       4       jdk.internal.org.objectweb.asm.Frame::execute (2318 bytes)

VM state: not at safepoint (normal execution)

VM Mutex/Monitor currently owned by a thread: None

Heap address: 0x00000000c0000000, size: 1024 MB, Compressed Oops mode: 32-bit

CDS archive(s) not mapped
Compressed class space mapped at: 0x0000000100000000-0x0000000140000000, reserved size: 1073741824
Narrow klass base: 0x0000000000000000, Narrow klass shift: 3, Narrow klass range: 0x140000000

GC Precious Log:
 CPUs: 8 total, 8 available
 Memory: 7918M
 Large Page Support: Disabled
 NUMA Support: Disabled
 Compressed Oops: Enabled (32-bit)
 Alignments: Space 512K, Generation 512K, Heap 2M
 Heap Min Capacity: 100M
 Heap Initial Capacity: 100M
 Heap Max Capacity: 1G
 Pre-touch: Disabled
 Parallel Workers: 8

Heap:
 PSYoungGen      total 25600K, used 17330K [0x00000000eab00000, 0x00000000ec780000, 0x0000000100000000)
  eden space 24064K, 72% used [0x00000000eab00000,0x00000000ebbeca20,0x00000000ec280000)
  from space 1536K, 0% used [0x00000000ec300000,0x00000000ec300000,0x00000000ec480000)
  to   space 2560K, 0% used [0x00000000ec500000,0x00000000ec500000,0x00000000ec780000)
 ParOldGen       total 68608K, used 11711K [0x00000000c0000000, 0x00000000c4300000, 0x00000000eab00000)
  object space 68608K, 17% used [0x00000000c0000000,0x00000000c0b6fec8,0x00000000c4300000)
 Metaspace       used 36665K, committed 37376K, reserved 1089536K
  class space    used 3797K, committed 4096K, reserved 1048576K

Card table byte_map: [0x00000194ff9b0000,0x00000194ffbc0000] _byte_map_base: 0x00000194ff3b0000

Marking Bits: (ParMarkBitMap*) 0x00007ff9f9a13e70
 Begin Bits: [0x00000194930d0000, 0x00000194940d0000)
 End Bits:   [0x00000194940d0000, 0x00000194950d0000)

Polling page: 0x00000194ff590000

Metaspace:

Usage:
  Non-class:     32.10 MB used.
      Class:      3.71 MB used.
       Both:     35.81 MB used.

Virtual space:
  Non-class space:       40.00 MB reserved,      32.50 MB ( 81%) committed,  5 nodes.
      Class space:        1.00 GB reserved,       4.00 MB ( <1%) committed,  1 nodes.
             Both:        1.04 GB reserved,      36.50 MB (  3%) committed. 

Chunk freelists:
   Non-Class:  2.84 MB
       Class:  14.00 KB
        Both:  2.86 MB

MaxMetaspaceSize: unlimited
CompressedClassSpaceSize: 1.00 GB
Initial GC threshold: 21.00 MB
Current GC threshold: 58.38 MB
CDS: off
MetaspaceReclaimPolicy: balanced
 - commit_granule_bytes: 65536.
 - commit_granule_words: 8192.
 - virtual_space_node_default_size: 1048576.
 - enlarge_chunks_in_place: 1.
 - new_chunks_are_fully_committed: 0.
 - uncommit_free_chunks: 1.
 - use_allocation_guard: 0.
 - handle_deallocations: 1.


Internal statistics:

num_allocs_failed_limit: 6.
num_arena_births: 310.
num_arena_deaths: 14.
num_vsnodes_births: 6.
num_vsnodes_deaths: 0.
num_space_committed: 584.
num_space_uncommitted: 0.
num_chunks_returned_to_freelist: 20.
num_chunks_taken_from_freelist: 1495.
num_chunk_merges: 10.
num_chunk_splits: 958.
num_chunks_enlarged: 614.
num_purges: 2.
num_inconsistent_stats: 0.

CodeHeap 'non-profiled nmethods': size=120000Kb used=1403Kb max_used=1403Kb free=118596Kb
 bounds [0x000001948bba0000, 0x000001948be10000, 0x00000194930d0000]
CodeHeap 'profiled nmethods': size=120000Kb used=6374Kb max_used=6374Kb free=113625Kb
 bounds [0x00000194840d0000, 0x0000019484710000, 0x000001948b600000]
CodeHeap 'non-nmethods': size=5760Kb used=1272Kb max_used=1323Kb free=4487Kb
 bounds [0x000001948b600000, 0x000001948b870000, 0x000001948bba0000]
 total_blobs=3747 nmethods=3167 adapters=494
 compilation: enabled
              stopped_count=0, restarted_count=0
 full_count=0

Compilation events (20 events):
Event: 4.340 Thread 0x0000019481507ee0 nmethod 3175 0x00000194846fdc10 code [0x00000194846fdde0, 0x00000194846fe108]
Event: 4.340 Thread 0x0000019481507ee0 3176       2       sun.reflect.annotation.AnnotationInvocationHandler::invoke (178 bytes)
Event: 4.341 Thread 0x0000019481507ee0 nmethod 3176 0x00000194846fe290 code [0x00000194846fe520, 0x00000194846fed08]
Event: 4.343 Thread 0x0000019481507ee0 3177       2       java.util.Arrays$ArrayList::size (6 bytes)
Event: 4.344 Thread 0x0000019481507ee0 nmethod 3177 0x00000194846ff190 code [0x00000194846ff320, 0x00000194846ff438]
Event: 4.344 Thread 0x0000019481507ee0 3178       2       org.codehaus.plexus.util.xml.pull.MXParser::require (443 bytes)
Event: 4.345 Thread 0x0000019499d5ed50 

Event: 4.346 Thread 0x0000019499d5ed50 3138   !   4       sun.nio.cs.StreamDecoder::read (196 bytes)
Event: 4.348 Thread 0x0000019481507ee0 nmethod 3178 0x00000194846ff510 code [0x00000194846ffac0, 0x0000019484700fb8]
Event: 4.348 Thread 0x0000019481507ee0 3179   !   2       org.eclipse.osgi.internal.loader.classpath.ClasspathManager::findClassImpl (308 bytes)
Event: 4.350 Thread 0x0000019481507ee0 nmethod 3179 0x0000019484701c90 code [0x00000194847021a0, 0x00000194847035d8]
Event: 4.350 Thread 0x0000019481507ee0 3180       2       sun.reflect.generics.visitor.Reifier::make (9 bytes)
Event: 4.351 Thread 0x0000019481507ee0 nmethod 3180 0x0000019484704510 code [0x00000194847046a0, 0x00000194847047f8]
Event: 4.351 Thread 0x0000019481507ee0 3181       2       sun.reflect.generics.visitor.Reifier::<init> (10 bytes)
Event: 4.351 Thread 0x0000019481507ee0 nmethod 3181 0x0000019484704890 code [0x0000019484704a20, 0x0000019484704b38]
Event: 4.356 Thread 0x0000019481507ee0 3182       2       sun.reflect.annotation.AnnotationParser::parseSig (62 bytes)
Event: 4.356 Thread 0x0000019481507ee0 nmethod 3182 0x0000019484704c10 code [0x0000019484704e20, 0x0000019484705348]
Event: 4.356 Thread 0x0000019481507ee0 3183       2       sun.reflect.generics.parser.SignatureParser::parseTypeSig (10 bytes)
Event: 4.356 Thread 0x0000019481507ee0 nmethod 3183 0x0000019484705690 code [0x0000019484705820, 0x0000019484705968]
Event: 4.356 Thread 0x0000019481507ee0 3184       2       java.lang.Class::getInterfaces (49 bytes)

GC Heap History (20 events):
Event: 1.760 GC heap before
{Heap before GC invocations=2 (full 0):
 PSYoungGen      total 29696K, used 28840K [0x00000000eab00000, 0x00000000ecc00000, 0x0000000100000000)
  eden space 25600K, 100% used [0x00000000eab00000,0x00000000ec400000,0x00000000ec400000)
  from space 4096K, 79% used [0x00000000ec400000,0x00000000ec72a208,0x00000000ec800000)
  to   space 4096K, 0% used [0x00000000ec800000,0x00000000ec800000,0x00000000ecc00000)
 ParOldGen       total 68608K, used 0K [0x00000000c0000000, 0x00000000c4300000, 0x00000000eab00000)
  object space 68608K, 0% used [0x00000000c0000000,0x00000000c0000000,0x00000000c4300000)
 Metaspace       used 15012K, committed 15296K, reserved 1064960K
  class space    used 1514K, committed 1664K, reserved 1048576K
}
Event: 1.766 GC heap after
{Heap after GC invocations=2 (full 0):
 PSYoungGen      total 29696K, used 4077K [0x00000000eab00000, 0x00000000ecc00000, 0x0000000100000000)
  eden space 25600K, 0% used [0x00000000eab00000,0x00000000eab00000,0x00000000ec400000)
  from space 4096K, 99% used [0x00000000ec800000,0x00000000ecbfb708,0x00000000ecc00000)
  to   space 4096K, 0% used [0x00000000ec400000,0x00000000ec400000,0x00000000ec800000)
 ParOldGen       total 68608K, used 1394K [0x00000000c0000000, 0x00000000c4300000, 0x00000000eab00000)
  object space 68608K, 2% used [0x00000000c0000000,0x00000000c015cb80,0x00000000c4300000)
 Metaspace       used 15012K, committed 15296K, reserved 1064960K
  class space    used 1514K, committed 1664K, reserved 1048576K
}
Event: 2.341 GC heap before
{Heap before GC invocations=3 (full 0):
 PSYoungGen      total 29696K, used 29677K [0x00000000eab00000, 0x00000000ecc00000, 0x0000000100000000)
  eden space 25600K, 100% used [0x00000000eab00000,0x00000000ec400000,0x00000000ec400000)
  from space 4096K, 99% used [0x00000000ec800000,0x00000000ecbfb708,0x00000000ecc00000)
  to   space 4096K, 0% used [0x00000000ec400000,0x00000000ec400000,0x00000000ec800000)
 ParOldGen       total 68608K, used 1394K [0x00000000c0000000, 0x00000000c4300000, 0x00000000eab00000)
  object space 68608K, 2% used [0x00000000c0000000,0x00000000c015cb80,0x00000000c4300000)
 Metaspace       used 19947K, committed 20416K, reserved 1073152K
  class space    used 2010K, committed 2240K, reserved 1048576K
}
Event: 2.347 GC heap after
{Heap after GC invocations=3 (full 0):
 PSYoungGen      total 29696K, used 4070K [0x00000000eab00000, 0x00000000ecc00000, 0x0000000100000000)
  eden space 25600K, 0% used [0x00000000eab00000,0x00000000eab00000,0x00000000ec400000)
  from space 4096K, 99% used [0x00000000ec400000,0x00000000ec7f9bf0,0x00000000ec800000)
  to   space 4096K, 0% used [0x00000000ec800000,0x00000000ec800000,0x00000000ecc00000)
 ParOldGen       total 68608K, used 3730K [0x00000000c0000000, 0x00000000c4300000, 0x00000000eab00000)
  object space 68608K, 5% used [0x00000000c0000000,0x00000000c03a4b28,0x00000000c4300000)
 Metaspace       used 19947K, committed 20416K, reserved 1073152K
  class space    used 2010K, committed 2240K, reserved 1048576K
}
Event: 2.482 GC heap before
{Heap before GC invocations=4 (full 0):
 PSYoungGen      total 29696K, used 10866K [0x00000000eab00000, 0x00000000ecc00000, 0x0000000100000000)
  eden space 25600K, 26% used [0x00000000eab00000,0x00000000eb1a2dd8,0x00000000ec400000)
  from space 4096K, 99% used [0x00000000ec400000,0x00000000ec7f9bf0,0x00000000ec800000)
  to   space 4096K, 0% used [0x00000000ec800000,0x00000000ec800000,0x00000000ecc00000)
 ParOldGen       total 68608K, used 3730K [0x00000000c0000000, 0x00000000c4300000, 0x00000000eab00000)
  object space 68608K, 5% used [0x00000000c0000000,0x00000000c03a4b28,0x00000000c4300000)
 Metaspace       used 21074K, committed 21504K, reserved 1073152K
  class space    used 2130K, committed 2368K, reserved 1048576K
}
Event: 2.484 GC heap after
{Heap after GC invocations=4 (full 0):
 PSYoungGen      total 29696K, used 4077K [0x00000000eab00000, 0x00000000ecc00000, 0x0000000100000000)
  eden space 25600K, 0% used [0x00000000eab00000,0x00000000eab00000,0x00000000ec400000)
  from space 4096K, 99% used [0x00000000ec800000,0x00000000ecbfb420,0x00000000ecc00000)
  to   space 4096K, 0% used [0x00000000ec400000,0x00000000ec400000,0x00000000ec800000)
 ParOldGen       total 68608K, used 4002K [0x00000000c0000000, 0x00000000c4300000, 0x00000000eab00000)
  object space 68608K, 5% used [0x00000000c0000000,0x00000000c03e8b28,0x00000000c4300000)
 Metaspace       used 21074K, committed 21504K, reserved 1073152K
  class space    used 2130K, committed 2368K, reserved 1048576K
}
Event: 2.484 GC heap before
{Heap before GC invocations=5 (full 1):
 PSYoungGen      total 29696K, used 4077K [0x00000000eab00000, 0x00000000ecc00000, 0x0000000100000000)
  eden space 25600K, 0% used [0x00000000eab00000,0x00000000eab00000,0x00000000ec400000)
  from space 4096K, 99% used [0x00000000ec800000,0x00000000ecbfb420,0x00000000ecc00000)
  to   space 4096K, 0% used [0x00000000ec400000,0x00000000ec400000,0x00000000ec800000)
 ParOldGen       total 68608K, used 4002K [0x00000000c0000000, 0x00000000c4300000, 0x00000000eab00000)
  object space 68608K, 5% used [0x00000000c0000000,0x00000000c03e8b28,0x00000000c4300000)
 Metaspace       used 21074K, committed 21504K, reserved 1073152K
  class space    used 2130K, committed 2368K, reserved 1048576K
}
Event: 2.505 GC heap after
{Heap after GC invocations=5 (full 1):
 PSYoungGen      total 29696K, used 0K [0x00000000eab00000, 0x00000000ecc00000, 0x0000000100000000)
  eden space 25600K, 0% used [0x00000000eab00000,0x00000000eab00000,0x00000000ec400000)
  from space 4096K, 0% used [0x00000000ec800000,0x00000000ec800000,0x00000000ecc00000)
  to   space 4096K, 0% used [0x00000000ec400000,0x00000000ec400000,0x00000000ec800000)
 ParOldGen       total 68608K, used 7861K [0x00000000c0000000, 0x00000000c4300000, 0x00000000eab00000)
  object space 68608K, 11% used [0x00000000c0000000,0x00000000c07ad7a0,0x00000000c4300000)
 Metaspace       used 21061K, committed 21504K, reserved 1073152K
  class space    used 2127K, committed 2368K, reserved 1048576K
}
Event: 2.999 GC heap before
{Heap before GC invocations=6 (full 1):
 PSYoungGen      total 29696K, used 25461K [0x00000000eab00000, 0x00000000ecc00000, 0x0000000100000000)
  eden space 25600K, 99% used [0x00000000eab00000,0x00000000ec3dd628,0x00000000ec400000)
  from space 4096K, 0% used [0x00000000ec800000,0x00000000ec800000,0x00000000ecc00000)
  to   space 4096K, 0% used [0x00000000ec400000,0x00000000ec400000,0x00000000ec800000)
 ParOldGen       total 68608K, used 7861K [0x00000000c0000000, 0x00000000c4300000, 0x00000000eab00000)
  object space 68608K, 11% used [0x00000000c0000000,0x00000000c07ad7a0,0x00000000c4300000)
 Metaspace       used 24620K, committed 25216K, reserved 1073152K
  class space    used 2539K, committed 2816K, reserved 1048576K
}
Event: 3.001 GC heap after
{Heap after GC invocations=6 (full 1):
 PSYoungGen      total 27648K, used 2051K [0x00000000eab00000, 0x00000000ec980000, 0x0000000100000000)
  eden space 25088K, 0% used [0x00000000eab00000,0x00000000eab00000,0x00000000ec380000)
  from space 2560K, 80% used [0x00000000ec400000,0x00000000ec600c10,0x00000000ec680000)
  to   space 3072K, 0% used [0x00000000ec680000,0x00000000ec680000,0x00000000ec980000)
 ParOldGen       total 68608K, used 7869K [0x00000000c0000000, 0x00000000c4300000, 0x00000000eab00000)
  object space 68608K, 11% used [0x00000000c0000000,0x00000000c07af7a0,0x00000000c4300000)
 Metaspace       used 24620K, committed 25216K, reserved 1073152K
  class space    used 2539K, committed 2816K, reserved 1048576K
}
Event: 3.245 GC heap before
{Heap before GC invocations=7 (full 1):
 PSYoungGen      total 27648K, used 26995K [0x00000000eab00000, 0x00000000ec980000, 0x0000000100000000)
  eden space 25088K, 99% used [0x00000000eab00000,0x00000000ec35c130,0x00000000ec380000)
  from space 2560K, 80% used [0x00000000ec400000,0x00000000ec600c10,0x00000000ec680000)
  to   space 3072K, 0% used [0x00000000ec680000,0x00000000ec680000,0x00000000ec980000)
 ParOldGen       total 68608K, used 7869K [0x00000000c0000000, 0x00000000c4300000, 0x00000000eab00000)
  object space 68608K, 11% used [0x00000000c0000000,0x00000000c07af7a0,0x00000000c4300000)
 Metaspace       used 27774K, committed 28352K, reserved 1081344K
  class space    used 2770K, committed 3072K, reserved 1048576K
}
Event: 3.246 GC heap after
{Heap after GC invocations=7 (full 1):
 PSYoungGen      total 27648K, used 3062K [0x00000000eab00000, 0x00000000eca00000, 0x0000000100000000)
  eden space 24576K, 0% used [0x00000000eab00000,0x00000000eab00000,0x00000000ec300000)
  from space 3072K, 99% used [0x00000000ec680000,0x00000000ec97db58,0x00000000ec980000)
  to   space 3584K, 0% used [0x00000000ec300000,0x00000000ec300000,0x00000000ec680000)
 ParOldGen       total 68608K, used 8093K [0x00000000c0000000, 0x00000000c4300000, 0x00000000eab00000)
  object space 68608K, 11% used [0x00000000c0000000,0x00000000c07e77a0,0x00000000c4300000)
 Metaspace       used 27774K, committed 28352K, reserved 1081344K
  class space    used 2770K, committed 3072K, reserved 1048576K
}
Event: 3.698 GC heap before
{Heap before GC invocations=8 (full 1):
 PSYoungGen      total 27648K, used 27638K [0x00000000eab00000, 0x00000000eca00000, 0x0000000100000000)
  eden space 24576K, 100% used [0x00000000eab00000,0x00000000ec300000,0x00000000ec300000)
  from space 3072K, 99% used [0x00000000ec680000,0x00000000ec97db58,0x00000000ec980000)
  to   space 3584K, 0% used [0x00000000ec300000,0x00000000ec300000,0x00000000ec680000)
 ParOldGen       total 68608K, used 8093K [0x00000000c0000000, 0x00000000c4300000, 0x00000000eab00000)
  object space 68608K, 11% used [0x00000000c0000000,0x00000000c07e77a0,0x00000000c4300000)
 Metaspace       used 31148K, committed 31808K, reserved 1081344K
  class space    used 3078K, committed 3392K, reserved 1048576K
}
Event: 3.700 GC heap after
{Heap after GC invocations=8 (full 1):
 PSYoungGen      total 27648K, used 3077K [0x00000000eab00000, 0x00000000ec980000, 0x0000000100000000)
  eden space 24064K, 0% used [0x00000000eab00000,0x00000000eab00000,0x00000000ec280000)
  from space 3584K, 85% used [0x00000000ec300000,0x00000000ec6017f0,0x00000000ec680000)
  to   space 3072K, 0% used [0x00000000ec680000,0x00000000ec680000,0x00000000ec980000)
 ParOldGen       total 68608K, used 8101K [0x00000000c0000000, 0x00000000c4300000, 0x00000000eab00000)
  object space 68608K, 11% used [0x00000000c0000000,0x00000000c07e97a0,0x00000000c4300000)
 Metaspace       used 31148K, committed 31808K, reserved 1081344K
  class space    used 3078K, committed 3392K, reserved 1048576K
}
Event: 4.138 GC heap before
{Heap before GC invocations=9 (full 1):
 PSYoungGen      total 27648K, used 27141K [0x00000000eab00000, 0x00000000ec980000, 0x0000000100000000)
  eden space 24064K, 100% used [0x00000000eab00000,0x00000000ec280000,0x00000000ec280000)
  from space 3584K, 85% used [0x00000000ec300000,0x00000000ec6017f0,0x00000000ec680000)
  to   space 3072K, 0% used [0x00000000ec680000,0x00000000ec680000,0x00000000ec980000)
 ParOldGen       total 68608K, used 8104K [0x00000000c0000000, 0x00000000c4300000, 0x00000000eab00000)
  object space 68608K, 11% used [0x00000000c0000000,0x00000000c07ea0c8,0x00000000c4300000)
 Metaspace       used 35004K, committed 35712K, reserved 1081344K
  class space    used 3575K, committed 3904K, reserved 1048576K
}
Event: 4.141 GC heap after
{Heap after GC invocations=9 (full 1):
 PSYoungGen      total 27136K, used 3044K [0x00000000eab00000, 0x00000000ec980000, 0x0000000100000000)
  eden space 24064K, 0% used [0x00000000eab00000,0x00000000eab00000,0x00000000ec280000)
  from space 3072K, 99% used [0x00000000ec680000,0x00000000ec9792d8,0x00000000ec980000)
  to   space 3584K, 0% used [0x00000000ec300000,0x00000000ec300000,0x00000000ec680000)
 ParOldGen       total 68608K, used 9072K [0x00000000c0000000, 0x00000000c4300000, 0x00000000eab00000)
  object space 68608K, 13% used [0x00000000c0000000,0x00000000c08dc128,0x00000000c4300000)
 Metaspace       used 35004K, committed 35712K, reserved 1081344K
  class space    used 3575K, committed 3904K, reserved 1048576K
}
Event: 4.172 GC heap before
{Heap before GC invocations=10 (full 1):
 PSYoungGen      total 27136K, used 4294K [0x00000000eab00000, 0x00000000ec980000, 0x0000000100000000)
  eden space 24064K, 5% used [0x00000000eab00000,0x00000000eac38830,0x00000000ec280000)
  from space 3072K, 99% used [0x00000000ec680000,0x00000000ec9792d8,0x00000000ec980000)
  to   space 3584K, 0% used [0x00000000ec300000,0x00000000ec300000,0x00000000ec680000)
 ParOldGen       total 68608K, used 9072K [0x00000000c0000000, 0x00000000c4300000, 0x00000000eab00000)
  object space 68608K, 13% used [0x00000000c0000000,0x00000000c08dc128,0x00000000c4300000)
 Metaspace       used 35146K, committed 35840K, reserved 1089536K
  class space    used 3596K, committed 3904K, reserved 1048576K
}
Event: 4.176 GC heap after
{Heap after GC invocations=10 (full 1):
 PSYoungGen      total 25600K, used 1483K [0x00000000eab00000, 0x00000000ec780000, 0x0000000100000000)
  eden space 24064K, 0% used [0x00000000eab00000,0x00000000eab00000,0x00000000ec280000)
  from space 1536K, 96% used [0x00000000ec300000,0x00000000ec472ca8,0x00000000ec480000)
  to   space 2560K, 0% used [0x00000000ec500000,0x00000000ec500000,0x00000000ec780000)
 ParOldGen       total 68608K, used 10804K [0x00000000c0000000, 0x00000000c4300000, 0x00000000eab00000)
  object space 68608K, 15% used [0x00000000c0000000,0x00000000c0a8d2e0,0x00000000c4300000)
 Metaspace       used 35146K, committed 35840K, reserved 1089536K
  class space    used 3596K, committed 3904K, reserved 1048576K
}
Event: 4.176 GC heap before
{Heap before GC invocations=11 (full 2):
 PSYoungGen      total 25600K, used 1483K [0x00000000eab00000, 0x00000000ec780000, 0x0000000100000000)
  eden space 24064K, 0% used [0x00000000eab00000,0x00000000eab00000,0x00000000ec280000)
  from space 1536K, 96% used [0x00000000ec300000,0x00000000ec472ca8,0x00000000ec480000)
  to   space 2560K, 0% used [0x00000000ec500000,0x00000000ec500000,0x00000000ec780000)
 ParOldGen       total 68608K, used 10804K [0x00000000c0000000, 0x00000000c4300000, 0x00000000eab00000)
  object space 68608K, 15% used [0x00000000c0000000,0x00000000c0a8d2e0,0x00000000c4300000)
 Metaspace       used 35146K, committed 35840K, reserved 1089536K
  class space    used 3596K, committed 3904K, reserved 1048576K
}
Event: 4.195 GC heap after
{Heap after GC invocations=11 (full 2):
 PSYoungGen      total 25600K, used 0K [0x00000000eab00000, 0x00000000ec780000, 0x0000000100000000)
  eden space 24064K, 0% used [0x00000000eab00000,0x00000000eab00000,0x00000000ec280000)
  from space 1536K, 0% used [0x00000000ec300000,0x00000000ec300000,0x00000000ec480000)
  to   space 2560K, 0% used [0x00000000ec500000,0x00000000ec500000,0x00000000ec780000)
 ParOldGen       total 68608K, used 11711K [0x00000000c0000000, 0x00000000c4300000, 0x00000000eab00000)
  object space 68608K, 17% used [0x00000000c0000000,0x00000000c0b6fec8,0x00000000c4300000)
 Metaspace       used 35146K, committed 35840K, reserved 1089536K
  class space    used 3596K, committed 3904K, reserved 1048576K
}

Dll operation events (10 events):
Event: 0.014 Loaded shared library c:\Users\Umar Shahid\.vscode\extensions\redhat.java-1.16.0-win32-x64\jre\17.0.6-win32-x86_64\bin\java.dll
Event: 0.227 Loaded shared library c:\Users\Umar Shahid\.vscode\extensions\redhat.java-1.16.0-win32-x64\jre\17.0.6-win32-x86_64\bin\zip.dll
Event: 0.231 Loaded shared library C:\Users\Umar Shahid\.vscode\extensions\redhat.java-1.16.0-win32-x64\jre\17.0.6-win32-x86_64\bin\instrument.dll
Event: 0.246 Loaded shared library C:\Users\Umar Shahid\.vscode\extensions\redhat.java-1.16.0-win32-x64\jre\17.0.6-win32-x86_64\bin\net.dll
Event: 0.249 Loaded shared library C:\Users\Umar Shahid\.vscode\extensions\redhat.java-1.16.0-win32-x64\jre\17.0.6-win32-x86_64\bin\nio.dll
Event: 0.257 Loaded shared library C:\Users\Umar Shahid\.vscode\extensions\redhat.java-1.16.0-win32-x64\jre\17.0.6-win32-x86_64\bin\zip.dll
Event: 0.276 Loaded shared library C:\Users\Umar Shahid\.vscode\extensions\redhat.java-1.16.0-win32-x64\jre\17.0.6-win32-x86_64\bin\jimage.dll
Event: 0.318 Loaded shared library c:\Users\Umar Shahid\.vscode\extensions\redhat.java-1.16.0-win32-x64\jre\17.0.6-win32-x86_64\bin\verify.dll
Event: 1.623 Loaded shared library C:\Users\Umar Shahid\AppData\Roaming\Code\User\globalStorage\redhat.java\1.16.0\config_win\org.eclipse.equinox.launcher\org.eclipse.equinox.launcher.win32.win32.x86_64_1.2.700.v20221108-1024\eclipse_11801.dll
Event: 3.944 Loaded shared library C:\Users\Umar Shahid\AppData\Local\Temp\jna-330918542\jna17080268849302441368.dll

Deoptimization events (20 events):
Event: 4.271 Thread 0x000001948144ef90 Uncommon trap: trap_request=0xffffff45 fr.pc=0x000001948bcdf8a4 relative=0x0000000000000be4
Event: 4.271 Thread 0x000001948144ef90 Uncommon trap: reason=unstable_if action=reinterpret pc=0x000001948bcdf8a4 method=org.eclipse.osgi.storage.bundlefile.ZipBundleFile.findEntry(Ljava/lang/String;)Lorg/eclipse/osgi/storage/bundlefile/BundleEntry; @ 29 c2
Event: 4.271 Thread 0x000001948144ef90 DEOPT PACKING pc=0x000001948bcdf8a4 sp=0x000000786e8fa680
Event: 4.271 Thread 0x000001948144ef90 DEOPT UNPACKING pc=0x000001948b659ea3 sp=0x000000786e8fa690 mode 2
Event: 4.272 Thread 0x000001948144ef90 Uncommon trap: trap_request=0xffffff45 fr.pc=0x000001948bcc456c relative=0x00000000000001cc
Event: 4.272 Thread 0x000001948144ef90 Uncommon trap: reason=unstable_if action=reinterpret pc=0x000001948bcc456c method=java.util.zip.ZipCoder.hash(Ljava/lang/String;)I @ 23 c2
Event: 4.272 Thread 0x000001948144ef90 DEOPT PACKING pc=0x000001948bcc456c sp=0x000000786e8fa410
Event: 4.272 Thread 0x000001948144ef90 DEOPT UNPACKING pc=0x000001948b659ea3 sp=0x000000786e8fa3a8 mode 2
Event: 4.273 Thread 0x000001948144ef90 Uncommon trap: trap_request=0xffffff45 fr.pc=0x000001948bcdde50 relative=0x0000000000000a50
Event: 4.273 Thread 0x000001948144ef90 Uncommon trap: reason=unstable_if action=reinterpret pc=0x000001948bcdde50 method=java.util.zip.ZipCoder$UTF8ZipCoder.hasTrailingSlash([BI)Z @ 11 c2
Event: 4.273 Thread 0x000001948144ef90 DEOPT PACKING pc=0x000001948bcdde50 sp=0x000000786e8fa510
Event: 4.273 Thread 0x000001948144ef90 DEOPT UNPACKING pc=0x000001948b659ea3 sp=0x000000786e8fa3d0 mode 2
Event: 4.274 Thread 0x00000194995cdb00 DEOPT PACKING pc=0x00000194843fb7cc sp=0x00000078705fdaf0
Event: 4.274 Thread 0x00000194995cdb00 DEOPT UNPACKING pc=0x000001948b65a9e3 sp=0x00000078705fd0b8 mode 0
Event: 4.274 Thread 0x000001948144ef90 DEOPT PACKING pc=0x00000194843fb7cc sp=0x000000786e8fcb60
Event: 4.274 Thread 0x000001948144ef90 DEOPT UNPACKING pc=0x000001948b65a9e3 sp=0x000000786e8fc128 mode 0
Event: 4.278 Thread 0x00000194995cdb00 Uncommon trap: trap_request=0xffffff45 fr.pc=0x000001948bcf508c relative=0x000000000000190c
Event: 4.278 Thread 0x00000194995cdb00 Uncommon trap: reason=unstable_if action=reinterpret pc=0x000001948bcf508c method=sun.nio.cs.StreamDecoder.implRead([CII)I @ 71 c2
Event: 4.278 Thread 0x00000194995cdb00 DEOPT PACKING pc=0x000001948bcf508c sp=0x00000078705fde80
Event: 4.278 Thread 0x00000194995cdb00 DEOPT UNPACKING pc=0x000001948b659ea3 sp=0x00000078705fdca8 mode 2

Classes unloaded (7 events):
Event: 2.488 Thread 0x0000019496d20c20 Unloading class 0x0000000100216400 'java/lang/invoke/LambdaForm$MH+0x0000000100216400'
Event: 2.488 Thread 0x0000019496d20c20 Unloading class 0x0000000100216000 'java/lang/invoke/LambdaForm$MH+0x0000000100216000'
Event: 2.488 Thread 0x0000019496d20c20 Unloading class 0x0000000100215c00 'java/lang/invoke/LambdaForm$MH+0x0000000100215c00'
Event: 2.488 Thread 0x0000019496d20c20 Unloading class 0x0000000100215400 'java/lang/invoke/LambdaForm$MH+0x0000000100215400'
Event: 2.488 Thread 0x0000019496d20c20 Unloading class 0x0000000100215000 'java/lang/invoke/LambdaForm$BMH+0x0000000100215000'
Event: 2.488 Thread 0x0000019496d20c20 Unloading class 0x0000000100214c00 'java/lang/invoke/LambdaForm$DMH+0x0000000100214c00'
Event: 2.488 Thread 0x0000019496d20c20 Unloading class 0x0000000100212000 'java/lang/invoke/LambdaForm$DMH+0x0000000100212000'

Classes redefined (0 events):
No events

Internal exceptions (20 events):
Event: 2.807 Thread 0x0000019496d64db0 Exception <a 'java/lang/NoSuchMethodError'{0x00000000ebbabbb8}: 'void java.lang.invoke.DirectMethodHandle$Holder.invokeSpecial(java.lang.Object, java.lang.Object, java.lang.Object, int)'> (0x00000000ebbabbb8) 
thrown [s\src\hotspot\share\interpreter\linkResolver.cpp, line 759]
Event: 2.895 Thread 0x00000194995cdb00 Exception <a 'java/io/FileNotFoundException'{0x00000000ebe7b108}> (0x00000000ebe7b108) 
thrown [s\src\hotspot\share\prims\jni.cpp, line 516]
Event: 3.414 Thread 0x0000019496d64db0 Exception <a 'java/lang/ClassNotFoundException'{0x00000000ebbbd8a0}: com/sun/org/apache/xerces/internal/impl/msg/spi/DOMMessagesProvider> (0x00000000ebbbd8a0) 
thrown [s\src\hotspot\share\classfile\systemDictionary.cpp, line 256]
Event: 3.424 Thread 0x0000019496d64db0 Exception <a 'java/lang/ClassNotFoundException'{0x00000000ebbe09e0}: com/sun/org/apache/xerces/internal/impl/msg/spi/XMLSerializerMessagesProvider> (0x00000000ebbe09e0) 
thrown [s\src\hotspot\share\classfile\systemDictionary.cpp, line 256]
Event: 3.427 Thread 0x0000019496d64db0 Exception <a 'java/lang/ClassNotFoundException'{0x00000000ebbedc68}: com/sun/org/apache/xerces/internal/impl/msg/spi/XMLMessagesProvider> (0x00000000ebbedc68) 
thrown [s\src\hotspot\share\classfile\systemDictionary.cpp, line 256]
Event: 3.456 Thread 0x0000019496d64db0 Exception <a 'java/lang/NoSuchMethodError'{0x00000000ebcb2790}: 'void java.lang.invoke.DirectMethodHandle$Holder.invokeVirtual(java.lang.Object, java.lang.Object)'> (0x00000000ebcb2790) 
thrown [s\src\hotspot\share\interpreter\linkResolver.cpp, line 759]
Event: 3.500 Thread 0x0000019496d64db0 Exception <a 'java/lang/NoSuchMethodError'{0x00000000ebecbc20}: 'java.lang.Object java.lang.invoke.DirectMethodHandle$Holder.invokeStaticInit(java.lang.Object, int, int, int, int)'> (0x00000000ebecbc20) 
thrown [s\src\hotspot\share\interpreter\linkResolver.cpp, line 759]
Event: 3.598 Thread 0x0000019496d64db0 Exception <a 'java/lang/NoSuchMethodError'{0x00000000ebf69018}: 'java.lang.Object java.lang.invoke.DirectMethodHandle$Holder.invokeStaticInit(java.lang.Object, java.lang.Object, int, int, int, int)'> (0x00000000ebf69018) 
thrown [s\src\hotspot\share\interpreter\linkResolver.cpp, line 759]
Event: 3.692 Thread 0x0000019496d64db0 Exception <a 'java/lang/ClassNotFoundException'{0x00000000ec2b7f30}: com/sun/org/apache/xml/internal/serializer/spi/XMLEntitiesProvider> (0x00000000ec2b7f30) 
thrown [s\src\hotspot\share\classfile\systemDictionary.cpp, line 256]
Event: 3.807 Thread 0x0000019496d64db0 Exception <a 'java/io/FileNotFoundException'{0x00000000eae4d880}> (0x00000000eae4d880) 
thrown [s\src\hotspot\share\prims\jni.cpp, line 516]
Event: 3.852 Thread 0x00000194995cdb00 Exception <a 'java/lang/NoSuchMethodError'{0x00000000eafbba68}: 'void java.lang.invoke.DirectMethodHandle$Holder.invokeStatic(java.lang.Object, java.lang.Object, java.lang.Object, java.lang.Object)'> (0x00000000eafbba68) 
thrown [s\src\hotspot\share\interpreter\linkResolver.cpp, line 759]
Event: 4.001 Thread 0x0000019496d64db0 Exception <a 'java/lang/UnsatisfiedLinkError'{0x00000000eb57ed78}: The specified procedure could not be found.
> (0x00000000eb57ed78) 
thrown [s\src\hotspot\share\prims\jni.cpp, line 535]
Event: 4.009 Thread 0x0000019496d64db0 Exception <a 'java/io/FileNotFoundException'{0x00000000eb6694b8}> (0x00000000eb6694b8) 
thrown [s\src\hotspot\share\prims\jni.cpp, line 516]
Event: 4.020 Thread 0x0000019496d64db0 Exception <a 'java/io/FileNotFoundException'{0x00000000eb7cc5a8}> (0x00000000eb7cc5a8) 
thrown [s\src\hotspot\share\prims\jni.cpp, line 516]
Event: 4.033 Thread 0x0000019496d64db0 Exception <a 'java/lang/UnsatisfiedLinkError'{0x00000000eb8c2080}: The specified procedure could not be found.
> (0x00000000eb8c2080) 
thrown [s\src\hotspot\share\prims\jni.cpp, line 535]
Event: 4.147 Thread 0x000001948144ef90 Exception <a 'java/lang/NoSuchMethodError'{0x00000000eab59208}: 'java.lang.Object java.lang.invoke.DirectMethodHandle$Holder.invokeStatic(java.lang.Object, java.lang.Object, long, java.lang.Object)'> (0x00000000eab59208) 
thrown [s\src\hotspot\share\interpreter\linkResolver.cpp, line 759]
Event: 4.147 Thread 0x000001948144ef90 Exception <a 'java/lang/NoSuchMethodError'{0x00000000eab5cca0}: 'java.lang.Object java.lang.invoke.DirectMethodHandle$Holder.invokeStaticInit(java.lang.Object, java.lang.Object, long, java.lang.Object)'> (0x00000000eab5cca0) 
thrown [s\src\hotspot\share\interpreter\linkResolver.cpp, line 759]
Event: 4.149 Thread 0x000001948144ef90 Exception <a 'java/lang/NoSuchMethodError'{0x00000000eab7eaa8}: 'java.lang.Object java.lang.invoke.DirectMethodHandle$Holder.newInvokeSpecial(java.lang.Object, java.lang.Object, long)'> (0x00000000eab7eaa8) 
thrown [s\src\hotspot\share\interpreter\linkResolver.cpp, line 759]
Event: 4.150 Thread 0x000001948144ef90 Exception <a 'java/lang/NoSuchMethodError'{0x00000000eab824e8}: 'java.lang.Object java.lang.invoke.Invokers$Holder.linkToTargetMethod(java.lang.Object, long, java.lang.Object)'> (0x00000000eab824e8) 
thrown [s\src\hotspot\share\interpreter\linkResolver.cpp, line 759]
Event: 4.228 Thread 0x00000194995cdb00 Exception <a 'java/lang/NoClassDefFoundError'{0x00000000ead3aaf0}: javax/enterprise/inject/Typed> (0x00000000ead3aaf0) 
thrown [s\src\hotspot\share\classfile\systemDictionary.cpp, line 245]

VM Operations (20 events):
Event: 3.729 Executing VM operation: HandshakeAllThreads
Event: 3.729 Executing VM operation: HandshakeAllThreads done
Event: 3.875 Executing VM operation: HandshakeAllThreads
Event: 3.875 Executing VM operation: HandshakeAllThreads done
Event: 3.918 Executing VM operation: HandshakeAllThreads
Event: 3.944 Executing VM operation: HandshakeAllThreads done
Event: 3.973 Executing VM operation: HandshakeAllThreads
Event: 3.973 Executing VM operation: HandshakeAllThreads done
Event: 4.138 Executing VM operation: ParallelGCFailedAllocation
Event: 4.138 Executing VM operation: ParallelGCFailedAllocation done
Event: 4.138 Executing VM operation: ParallelGCSystemGC
Event: 4.141 Executing VM operation: ParallelGCSystemGC done
Event: 4.172 Executing VM operation: CollectForMetadataAllocation
Event: 4.197 Executing VM operation: CollectForMetadataAllocation done
Event: 4.208 Executing VM operation: HandshakeAllThreads
Event: 4.208 Executing VM operation: HandshakeAllThreads done
Event: 4.208 Executing VM operation: HandshakeAllThreads
Event: 4.208 Executing VM operation: HandshakeAllThreads done
Event: 4.273 Executing VM operation: HandshakeAllThreads
Event: 4.273 Executing VM operation: HandshakeAllThreads done

Events (20 events):
Event: 4.220 loading class sun/reflect/generics/reflectiveObjects/LazyReflectiveObjectGenerator done
Event: 4.220 loading class sun/reflect/generics/reflectiveObjects/TypeVariableImpl done
Event: 4.228 loading class java/lang/annotation/IncompleteAnnotationException
Event: 4.228 loading class java/lang/annotation/IncompleteAnnotationException done
Event: 4.233 loading class java/lang/Deprecated
Event: 4.233 loading class java/lang/Deprecated done
Event: 4.235 loading class jdk/internal/vm/annotation/IntrinsicCandidate
Event: 4.235 loading class jdk/internal/vm/annotation/IntrinsicCandidate done
Event: 4.276 loading class sun/reflect/generics/tree/BottomSignature
Event: 4.276 loading class sun/reflect/generics/tree/BottomSignature done
Event: 4.276 loading class sun/reflect/generics/tree/Wildcard
Event: 4.276 loading class sun/reflect/generics/tree/Wildcard done
Event: 4.277 loading class sun/reflect/generics/reflectiveObjects/WildcardTypeImpl
Event: 4.277 loading class sun/reflect/generics/reflectiveObjects/WildcardTypeImpl done
Event: 4.278 loading class jdk/internal/access/foreign/MemorySegmentProxy
Event: 4.278 loading class jdk/internal/access/foreign/MemorySegmentProxy done
Event: 4.351 loading class sun/reflect/generics/tree/ArrayTypeSignature
Event: 4.351 loading class sun/reflect/generics/tree/ArrayTypeSignature done
Event: 4.353 loading class sun/reflect/generics/tree/BooleanSignature
Event: 4.353 loading class sun/reflect/generics/tree/BooleanSignature done


Dynamic libraries:
0x00007ff6d64b0000 - 0x00007ff6d64be000 	c:\Users\Umar Shahid\.vscode\extensions\redhat.java-1.16.0-win32-x64\jre\17.0.6-win32-x86_64\bin\java.exe
0x00007ffa6b150000 - 0x00007ffa6b364000 	C:\WINDOWS\SYSTEM32\ntdll.dll
0x00007ffa68fe0000 - 0x00007ffa690a3000 	C:\WINDOWS\System32\KERNEL32.DLL
0x00007ffa68720000 - 0x00007ffa68abc000 	C:\WINDOWS\System32\KERNELBASE.dll
0x00007ffa68cf0000 - 0x00007ffa68e01000 	C:\WINDOWS\System32\ucrtbase.dll
0x00007ffa602b0000 - 0x00007ffa602c9000 	c:\Users\Umar Shahid\.vscode\extensions\redhat.java-1.16.0-win32-x64\jre\17.0.6-win32-x86_64\bin\VCRUNTIME140.dll
0x00007ffa60380000 - 0x00007ffa60397000 	c:\Users\Umar Shahid\.vscode\extensions\redhat.java-1.16.0-win32-x64\jre\17.0.6-win32-x86_64\bin\jli.dll
0x00007ffa6a060000 - 0x00007ffa6a20d000 	C:\WINDOWS\System32\USER32.dll
0x00007ffa68f30000 - 0x00007ffa68f56000 	C:\WINDOWS\System32\win32u.dll
0x00007ffa44de0000 - 0x00007ffa4506e000 	C:\WINDOWS\WinSxS\amd64_microsoft.windows.common-controls_6595b64144ccf1df_6.0.22621.608_none_a9444ca7c10bb01d\COMCTL32.dll
0x00007ffa6ae20000 - 0x00007ffa6ae49000 	C:\WINDOWS\System32\GDI32.dll
0x00007ffa69fb0000 - 0x00007ffa6a057000 	C:\WINDOWS\System32\msvcrt.dll
0x00007ffa68e10000 - 0x00007ffa68f23000 	C:\WINDOWS\System32\gdi32full.dll
0x00007ffa68680000 - 0x00007ffa6871a000 	C:\WINDOWS\System32\msvcp_win.dll
0x00007ffa6b0b0000 - 0x00007ffa6b0e1000 	C:\WINDOWS\System32\IMM32.DLL
0x00007ffa63b30000 - 0x00007ffa63b3c000 	c:\Users\Umar Shahid\.vscode\extensions\redhat.java-1.16.0-win32-x64\jre\17.0.6-win32-x86_64\bin\vcruntime140_1.dll
0x00007ffa54c70000 - 0x00007ffa54d01000 	c:\Users\Umar Shahid\.vscode\extensions\redhat.java-1.16.0-win32-x64\jre\17.0.6-win32-x86_64\bin\msvcp140.dll
0x00007ff9f8e90000 - 0x00007ff9f9ad7000 	c:\Users\Umar Shahid\.vscode\extensions\redhat.java-1.16.0-win32-x64\jre\17.0.6-win32-x86_64\bin\server\jvm.dll
0x00007ffa6a560000 - 0x00007ffa6a60e000 	C:\WINDOWS\System32\ADVAPI32.dll
0x00007ffa692c0000 - 0x00007ffa69364000 	C:\WINDOWS\System32\sechost.dll
0x00007ffa6ae60000 - 0x00007ffa6af75000 	C:\WINDOWS\System32\RPCRT4.dll
0x00007ffa63a90000 - 0x00007ffa63a99000 	C:\WINDOWS\SYSTEM32\WSOCK32.dll
0x00007ffa5fbc0000 - 0x00007ffa5fbca000 	C:\WINDOWS\SYSTEM32\VERSION.dll
0x00007ffa68f60000 - 0x00007ffa68fd1000 	C:\WINDOWS\System32\WS2_32.dll
0x00007ffa5dcf0000 - 0x00007ffa5dd24000 	C:\WINDOWS\SYSTEM32\WINMM.dll
0x00007ffa67690000 - 0x00007ffa676a8000 	C:\WINDOWS\SYSTEM32\kernel.appcore.dll
0x00007ffa634c0000 - 0x00007ffa634ca000 	c:\Users\Umar Shahid\.vscode\extensions\redhat.java-1.16.0-win32-x64\jre\17.0.6-win32-x86_64\bin\jimage.dll
0x00007ffa65f10000 - 0x00007ffa6613e000 	C:\WINDOWS\SYSTEM32\DBGHELP.DLL
0x00007ffa6aa90000 - 0x00007ffa6ae19000 	C:\WINDOWS\System32\combase.dll
0x00007ffa69670000 - 0x00007ffa69747000 	C:\WINDOWS\System32\OLEAUT32.dll
0x00007ffa47080000 - 0x00007ffa470b2000 	C:\WINDOWS\SYSTEM32\dbgcore.DLL
0x00007ffa68600000 - 0x00007ffa6867b000 	C:\WINDOWS\System32\bcryptPrimitives.dll
0x00007ffa5df90000 - 0x00007ffa5df9e000 	c:\Users\Umar Shahid\.vscode\extensions\redhat.java-1.16.0-win32-x64\jre\17.0.6-win32-x86_64\bin\instrument.dll
0x00007ffa56e00000 - 0x00007ffa56e25000 	c:\Users\Umar Shahid\.vscode\extensions\redhat.java-1.16.0-win32-x64\jre\17.0.6-win32-x86_64\bin\java.dll
0x00007ffa56de0000 - 0x00007ffa56df8000 	c:\Users\Umar Shahid\.vscode\extensions\redhat.java-1.16.0-win32-x64\jre\17.0.6-win32-x86_64\bin\zip.dll
0x00007ffa697c0000 - 0x00007ffa69fb0000 	C:\WINDOWS\System32\SHELL32.dll
0x00007ffa66560000 - 0x00007ffa66e2e000 	C:\WINDOWS\SYSTEM32\windows.storage.dll
0x00007ffa66420000 - 0x00007ffa6655e000 	C:\WINDOWS\SYSTEM32\wintypes.dll
0x00007ffa6a440000 - 0x00007ffa6a531000 	C:\WINDOWS\System32\SHCORE.dll
0x00007ffa69470000 - 0x00007ffa694ce000 	C:\WINDOWS\System32\shlwapi.dll
0x00007ffa684c0000 - 0x00007ffa684e1000 	C:\WINDOWS\SYSTEM32\profapi.dll
0x00007ffa56470000 - 0x00007ffa56489000 	C:\Users\Umar Shahid\.vscode\extensions\redhat.java-1.16.0-win32-x64\jre\17.0.6-win32-x86_64\bin\net.dll
0x00007ffa61f80000 - 0x00007ffa620af000 	C:\WINDOWS\SYSTEM32\WINHTTP.dll
0x00007ffa67af0000 - 0x00007ffa67b59000 	C:\WINDOWS\system32\mswsock.dll
0x00007ffa55ce0000 - 0x00007ffa55cf5000 	C:\Users\Umar Shahid\.vscode\extensions\redhat.java-1.16.0-win32-x64\jre\17.0.6-win32-x86_64\bin\nio.dll
0x00007ffa5b060000 - 0x00007ffa5b070000 	c:\Users\Umar Shahid\.vscode\extensions\redhat.java-1.16.0-win32-x64\jre\17.0.6-win32-x86_64\bin\verify.dll
0x00007ffa54a20000 - 0x00007ffa54a5e000 	C:\Users\Umar Shahid\AppData\Roaming\Code\User\globalStorage\redhat.java\1.16.0\config_win\org.eclipse.equinox.launcher\org.eclipse.equinox.launcher.win32.win32.x86_64_1.2.700.v20221108-1024\eclipse_11801.dll
0x00007ffa694d0000 - 0x00007ffa6966c000 	C:\WINDOWS\System32\ole32.dll
0x00007ffa67e10000 - 0x00007ffa67e2b000 	C:\WINDOWS\SYSTEM32\CRYPTSP.dll
0x00007ffa67600000 - 0x00007ffa67635000 	C:\WINDOWS\system32\rsaenh.dll
0x00007ffa67b90000 - 0x00007ffa67bb8000 	C:\WINDOWS\SYSTEM32\USERENV.dll
0x00007ffa67f40000 - 0x00007ffa67f68000 	C:\WINDOWS\SYSTEM32\bcrypt.dll
0x00007ffa67df0000 - 0x00007ffa67dfc000 	C:\WINDOWS\SYSTEM32\CRYPTBASE.dll
0x00007ffa67070000 - 0x00007ffa6709d000 	C:\WINDOWS\SYSTEM32\IPHLPAPI.DLL
0x00007ffa6a210000 - 0x00007ffa6a219000 	C:\WINDOWS\System32\NSI.dll
0x00007ffa60de0000 - 0x00007ffa60df9000 	C:\WINDOWS\SYSTEM32\dhcpcsvc6.DLL
0x00007ffa60b60000 - 0x00007ffa60b7f000 	C:\WINDOWS\SYSTEM32\dhcpcsvc.DLL
0x00007ffa670a0000 - 0x00007ffa67193000 	C:\WINDOWS\SYSTEM32\DNSAPI.dll
0x00007ffa549d0000 - 0x00007ffa54a15000 	C:\Users\Umar Shahid\AppData\Local\Temp\jna-330918542\jna17080268849302441368.dll
0x00007ffa697a0000 - 0x00007ffa697a8000 	C:\WINDOWS\System32\PSAPI.DLL

dbghelp: loaded successfully - version: 4.0.5 - missing functions: none
symbol engine: initialized successfully - sym options: 0x614 - pdb path: .;c:\Users\Umar Shahid\.vscode\extensions\redhat.java-1.16.0-win32-x64\jre\17.0.6-win32-x86_64\bin;C:\WINDOWS\SYSTEM32;C:\WINDOWS\WinSxS\amd64_microsoft.windows.common-controls_6595b64144ccf1df_6.0.22621.608_none_a9444ca7c10bb01d;c:\Users\Umar Shahid\.vscode\extensions\redhat.java-1.16.0-win32-x64\jre\17.0.6-win32-x86_64\bin\server;C:\Users\Umar Shahid\AppData\Roaming\Code\User\globalStorage\redhat.java\1.16.0\config_win\org.eclipse.equinox.launcher\org.eclipse.equinox.launcher.win32.win32.x86_64_1.2.700.v20221108-1024;C:\Users\Umar Shahid\AppData\Local\Temp\jna-330918542

VM Arguments:
jvm_args: --add-modules=ALL-SYSTEM --add-opens=java.base/java.util=ALL-UNNAMED --add-opens=java.base/java.lang=ALL-UNNAMED --add-opens=java.base/sun.nio.fs=ALL-UNNAMED -Declipse.application=org.eclipse.jdt.ls.core.id1 -Dosgi.bundles.defaultStartLevel=4 -Declipse.product=org.eclipse.jdt.ls.core.product -Djava.import.generatesMetadataFilesAtProjectRoot=false -Dfile.encoding=utf8 -XX:+UseParallelGC -XX:GCTimeRatio=4 -XX:AdaptiveSizePolicyWeight=90 -Dsun.zip.disableMemoryMapping=true -Xmx1G -Xms100m -Xlog:disable -javaagent:c:\Users\Umar Shahid\.vscode\extensions\redhat.java-1.16.0-win32-x64\lombok\lombok-1.18.24.jar -XX:+HeapDumpOnOutOfMemoryError -XX:HeapDumpPath=c:\Users\Umar Shahid\AppData\Roaming\Code\User\workspaceStorage\e3a3ad1c0a154d16099ad865a3dff36e\redhat.java 
java_command: c:\Users\Umar Shahid\.vscode\extensions\redhat.java-1.16.0-win32-x64\server\plugins\org.eclipse.equinox.launcher_1.6.400.v20210924-0641.jar -configuration c:\Users\Umar Shahid\AppData\Roaming\Code\User\globalStorage\redhat.java\1.16.0\config_win -data c:\Users\Umar Shahid\AppData\Roaming\Code\User\workspaceStorage\e3a3ad1c0a154d16099ad865a3dff36e\redhat.java\jdt_ws
java_class_path (initial): c:\Users\Umar Shahid\.vscode\extensions\redhat.java-1.16.0-win32-x64\server\plugins\org.eclipse.equinox.launcher_1.6.400.v20210924-0641.jar
Launcher Type: SUN_STANDARD

[Global flags]
    uintx AdaptiveSizePolicyWeight                 = 90                                        {product} {command line}
     intx CICompilerCount                          = 4                                         {product} {ergonomic}
    uintx GCTimeRatio                              = 4                                         {product} {command line}
     bool HeapDumpOnOutOfMemoryError               = true                                   {manageable} {command line}
    ccstr HeapDumpPath                             = c:\Users\Umar Shahid\AppData\Roaming\Code\User\workspaceStorage\e3a3ad1c0a154d16099ad865a3dff36e\redhat.java         {manageable} {command line}
   size_t InitialHeapSize                          = 104857600                                 {product} {command line}
   size_t MaxHeapSize                              = 1073741824                                {product} {command line}
   size_t MaxNewSize                               = 357564416                                 {product} {ergonomic}
   size_t MinHeapDeltaBytes                        = 524288                                    {product} {ergonomic}
   size_t MinHeapSize                              = 104857600                                 {product} {command line}
   size_t NewSize                                  = 34603008                                  {product} {ergonomic}
    uintx NonNMethodCodeHeapSize                   = 5839372                                {pd product} {ergonomic}
    uintx NonProfiledCodeHeapSize                  = 122909434                              {pd product} {ergonomic}
   size_t OldSize                                  = 70254592                                  {product} {ergonomic}
    uintx ProfiledCodeHeapSize                     = 122909434                              {pd product} {ergonomic}
    uintx ReservedCodeCacheSize                    = 251658240                              {pd product} {ergonomic}
     bool SegmentedCodeCache                       = true                                      {product} {ergonomic}
   size_t SoftMaxHeapSize                          = 1073741824                             {manageable} {ergonomic}
     bool UseCompressedClassPointers               = true                           {product lp64_product} {ergonomic}
     bool UseCompressedOops                        = true                           {product lp64_product} {ergonomic}
     bool UseLargePagesIndividualAllocation        = false                                  {pd product} {ergonomic}
     bool UseParallelGC                            = true                                      {product} {command line}

Logging:
Log output configuration:
 #0: stdout all=off uptime,level,tags
 #1: stderr all=off uptime,level,tags

Environment Variables:
JAVA_HOME=C:\Program Files\Java\jdk-19
PATH=C:\Program Files\Common Files\Oracle\Java\javapath;C:\WINDOWS\system32;C:\WINDOWS;C:\WINDOWS\System32\Wbem;C:\WINDOWS\System32\WindowsPowerShell\v1.0\;C:\WINDOWS\System32\OpenSSH\;C:\Program Files (x86)\NVIDIA Corporation\PhysX\Common;C:\Program Files\NVIDIA Corporation\NVIDIA NvDLISR;C:\Program Files\Java\jdk-19\bin;C:\Program Files\dotnet\;C:\Program Files\nodejs\;C:\Program Files\Azure Data Studio\bin;C:\Program Files (x86)\Microsoft SQL Server\160\Tools\Binn\;C:\Program Files\Microsoft SQL Server\160\Tools\Binn\;C:\Program Files\Microsoft SQL Server\Client SDK\ODBC\170\Tools\Binn\;C:\Program Files\Microsoft SQL Server\160\DTS\Binn\;C:\Program Files (x86)\Microsoft SQL Server\160\DTS\Binn\;C:\MinGW\bin;;%SystemRoot%\system32;%SystemRoot%;%SystemRoot%\System32\Wbem;%SYSTEMROOT%\System32\WindowsPowerShell\v1.0\;%SYSTEMROOT%\System32\OpenSSH\;C:\Users\Umar Shahid\AppData\Local\Microsoft\WindowsApps;C:\Users\Umar Shahid\AppData\Local\Programs\Microsoft VS Code\bin;C:\msys64\mingw64\bin;C:\Program Files\JetBrains\IntelliJ IDEA Community Edition 2022.2.4\bin;;C:\Users\Umar Shahid\AppData\Local\GitHubDesktop\bin;C:\Users\Umar Shahid\AppData\Roaming\npm;C:\Program Files\Azure Data Studio\bin;
USERNAME=Umar Shahid
OS=Windows_NT
PROCESSOR_IDENTIFIER=Intel64 Family 6 Model 140 Stepping 1, GenuineIntel
TMP=C:\Users\UMARSH~1\AppData\Local\Temp
TEMP=C:\Users\UMARSH~1\AppData\Local\Temp



---------------  S Y S T E M  ---------------

OS:
 Windows 11 , 64 bit Build 22621 (10.0.22621.1344)
OS uptime: 2 days 12:30 hours
Hyper-V role detected

CPU: total 8 (initial active 8) (4 cores per cpu, 2 threads per core) family 6 model 140 stepping 1 microcode 0xa4, cx8, cmov, fxsr, ht, mmx, 3dnowpref, sse, sse2, sse3, ssse3, sse4.1, sse4.2, popcnt, lzcnt, tsc, tscinvbit, avx, avx2, aes, erms, clmul, bmi1, bmi2, adx, avx512f, avx512dq, avx512cd, avx512bw, avx512vl, sha, fma, vzeroupper, avx512_vpopcntdq, avx512_vpclmulqdq, avx512_vaes, avx512_vnni, clflush, clflushopt, clwb, avx512_vbmi2, avx512_vbmi, hv

Memory: 4k page, system-wide physical 7918M (587M free)
TotalPageFile size 10745M (AvailPageFile size 5M)
current process WorkingSet (physical memory assigned to process): 165M, peak: 168M
current process commit charge ("private bytes"): 265M, peak: 269M

vm_info: OpenJDK 64-Bit Server VM (17.0.6+10) for windows-amd64 JRE (17.0.6+10), built on Jan 18 2023 10:08:59 by "temurin" with MS VC++ 16.7 (VS2019)

END.
