#
# There is insufficient memory for the Java Runtime Environment to continue.
# Native memory allocation (malloc) failed to allocate 366096 bytes for Chunk::new
# Possible reasons:
#   The system is out of physical RAM or swap space
#   The process is running with CompressedOops enabled, and the Java Heap may be blocking the growth of the native heap
# Possible solutions:
#   Reduce memory load on the system
#   Increase physical memory or swap space
#   Check if swap backing store is full
#   Decrease Java heap size (-Xmx/-Xms)
#   Decrease number of Java threads
#   Decrease Java thread stack sizes (-Xss)
#   Set larger code cache with -XX:ReservedCodeCacheSize=
#   JVM is running with Unscaled Compressed Oops mode in which the Java heap is
#     placed in the first 4GB address space. The Java Heap base address is the
#     maximum limit for the native heap growth. Please use -XX:HeapBaseMinAddress
#     to set the Java Heap base and to place the Java Heap above 4GB virtual address.
# This output file may be truncated or incomplete.
#
#  Out of Memory Error (arena.cpp:189), pid=16804, tid=22184
#
# JRE version: OpenJDK Runtime Environment Temurin-17.0.6+10 (17.0.6+10) (build 17.0.6+10)
# Java VM: OpenJDK 64-Bit Server VM Temurin-17.0.6+10 (17.0.6+10, mixed mode, tiered, compressed oops, compressed class ptrs, parallel gc, windows-amd64)
# No core dump will be written. Minidumps are not enabled by default on client versions of Windows
#

---------------  S U M M A R Y ------------

Command Line: --add-modules=ALL-SYSTEM --add-opens=java.base/java.util=ALL-UNNAMED --add-opens=java.base/java.lang=ALL-UNNAMED --add-opens=java.base/sun.nio.fs=ALL-UNNAMED -Declipse.application=org.eclipse.jdt.ls.core.id1 -Dosgi.bundles.defaultStartLevel=4 -Declipse.product=org.eclipse.jdt.ls.core.product -Djava.import.generatesMetadataFilesAtProjectRoot=false -Dfile.encoding=utf8 -XX:+UseParallelGC -XX:GCTimeRatio=4 -XX:AdaptiveSizePolicyWeight=90 -Dsun.zip.disableMemoryMapping=true -Xmx1G -Xms100m -Xlog:disable -javaagent:c:\Users\Umar Shahid\.vscode\extensions\redhat.java-1.16.0-win32-x64\lombok\lombok-1.18.24.jar c:\Users\Umar Shahid\.vscode\extensions\redhat.java-1.16.0-win32-x64\server\plugins\org.eclipse.equinox.launcher_1.6.400.v20210924-0641.jar -configuration c:\Users\Umar Shahid\AppData\Roaming\Code\User\globalStorage\redhat.java\1.16.0\config_ss_win -data c:\Users\Umar Shahid\AppData\Roaming\Code\User\workspaceStorage\782bad3ec2d9e571c18b2aa3aee009ff\redhat.java\ss_ws

Host: 11th Gen Intel(R) Core(TM) i5-1135G7 @ 2.40GHz, 8 cores, 7G,  Windows 11 , 64 bit Build 22621 (10.0.22621.1344)
Time: Tue Mar 21 06:50:02 2023 Pakistan Standard Time elapsed time: 0.923585 seconds (0d 0h 0m 0s)

---------------  T H R E A D  ---------------

Current thread (0x000001c59a77d900):  JavaThread "C2 CompilerThread2" daemon [_thread_in_native, id=22184, stack(0x0000006494900000,0x0000006494a00000)]


Current CompileTask:
C2:    923  748   !   4       java.util.jar.Attributes::read (498 bytes)

Stack: [0x0000006494900000,0x0000006494a00000]
Native frames: (J=compiled Java code, j=interpreted, Vv=VM code, C=native code)
V  [jvm.dll+0x67741a]
V  [jvm.dll+0x834434]
V  [jvm.dll+0x835bde]
V  [jvm.dll+0x836243]
V  [jvm.dll+0x2457b5]
V  [jvm.dll+0xabafc]
V  [jvm.dll+0xac0cc]
V  [jvm.dll+0x2ac94f]
V  [jvm.dll+0x57de47]
V  [jvm.dll+0x220812]
V  [jvm.dll+0x220bef]
V  [jvm.dll+0x21a445]
V  [jvm.dll+0x21790b]
V  [jvm.dll+0x1a3d0d]
V  [jvm.dll+0x22742a]
V  [jvm.dll+0x225565]
V  [jvm.dll+0x7ea2cb]
V  [jvm.dll+0x7e483a]
V  [jvm.dll+0x6762c5]
C  [ucrtbase.dll+0x29363]
C  [KERNEL32.DLL+0x126bd]
C  [ntdll.dll+0x5a9f8]


---------------  P R O C E S S  ---------------

Threads class SMR info:
_java_thread_list=0x000001c599a65190, length=14, elements={
0x000001c583e4e3b0, 0x000001c583f0bde0, 0x000001c583f0c8a0, 0x000001c597ccc740,
0x000001c597ccd100, 0x000001c597cce360, 0x000001c599737b60, 0x000001c59973a700,
0x000001c59973edc0, 0x000001c599742650, 0x000001c59982ee00, 0x000001c5998e7640,
0x000001c599a5ccb0, 0x000001c59a77d900
}

Java Threads: ( => current thread )
  0x000001c583e4e3b0 JavaThread "main" [_thread_in_Java, id=8156, stack(0x0000006493900000,0x0000006493a00000)]
  0x000001c583f0bde0 JavaThread "Reference Handler" daemon [_thread_blocked, id=9604, stack(0x0000006493c00000,0x0000006493d00000)]
  0x000001c583f0c8a0 JavaThread "Finalizer" daemon [_thread_blocked, id=3944, stack(0x0000006493d00000,0x0000006493e00000)]
  0x000001c597ccc740 JavaThread "Signal Dispatcher" daemon [_thread_blocked, id=676, stack(0x0000006493e00000,0x0000006493f00000)]
  0x000001c597ccd100 JavaThread "Attach Listener" daemon [_thread_blocked, id=26708, stack(0x0000006493f00000,0x0000006494000000)]
  0x000001c597cce360 JavaThread "Service Thread" daemon [_thread_blocked, id=9680, stack(0x0000006494000000,0x0000006494100000)]
  0x000001c599737b60 JavaThread "Monitor Deflation Thread" daemon [_thread_blocked, id=21804, stack(0x0000006494100000,0x0000006494200000)]
  0x000001c59973a700 JavaThread "C2 CompilerThread0" daemon [_thread_in_native, id=13792, stack(0x0000006494200000,0x0000006494300000)]
  0x000001c59973edc0 JavaThread "C1 CompilerThread0" daemon [_thread_in_vm, id=24292, stack(0x0000006494300000,0x0000006494400000)]
  0x000001c599742650 JavaThread "Sweeper thread" daemon [_thread_blocked, id=1296, stack(0x0000006494400000,0x0000006494500000)]
  0x000001c59982ee00 JavaThread "Common-Cleaner" daemon [_thread_blocked, id=14812, stack(0x0000006494500000,0x0000006494600000)]
  0x000001c5998e7640 JavaThread "C2 CompilerThread1" daemon [_thread_in_native, id=21260, stack(0x0000006494600000,0x0000006494700000)]
  0x000001c599a5ccb0 JavaThread "Notification Thread" daemon [_thread_blocked, id=20260, stack(0x0000006494700000,0x0000006494800000)]
=>0x000001c59a77d900 JavaThread "C2 CompilerThread2" daemon [_thread_in_native, id=22184, stack(0x0000006494900000,0x0000006494a00000)]

Other Threads:
  0x000001c583ed7be0 VMThread "VM Thread" [stack: 0x0000006493b00000,0x0000006493c00000] [id=7488]
  0x000001c599a5d180 WatcherThread [stack: 0x0000006494800000,0x0000006494900000] [id=15600]
  0x000001c583e632a0 GCTaskThread "GC Thread#0" [stack: 0x0000006493a00000,0x0000006493b00000] [id=11796]

Threads with active compile tasks:
C2 CompilerThread0      938  801       4       java.lang.StringBuilder::append (8 bytes)
C2 CompilerThread1      938  777       4       sun.security.provider.SHA5::implCompress0 (346 bytes)
C2 CompilerThread2      938  748   !   4       java.util.jar.Attributes::read (498 bytes)

VM state: not at safepoint (normal execution)

VM Mutex/Monitor currently owned by a thread: None

Heap address: 0x00000000c0000000, size: 1024 MB, Compressed Oops mode: 32-bit

CDS archive(s) not mapped
Compressed class space mapped at: 0x0000000100000000-0x0000000140000000, reserved size: 1073741824
Narrow klass base: 0x0000000000000000, Narrow klass shift: 3, Narrow klass range: 0x140000000

GC Precious Log:
 CPUs: 8 total, 8 available
 Memory: 7918M
 Large Page Support: Disabled
 NUMA Support: Disabled
 Compressed Oops: Enabled (32-bit)
 Alignments: Space 512K, Generation 512K, Heap 2M
 Heap Min Capacity: 100M
 Heap Initial Capacity: 100M
 Heap Max Capacity: 1G
 Pre-touch: Disabled
 Parallel Workers: 8

Heap:
 PSYoungGen      total 29696K, used 21794K [0x00000000eab00000, 0x00000000ecc00000, 0x0000000100000000)
  eden space 25600K, 85% used [0x00000000eab00000,0x00000000ec048898,0x00000000ec400000)
  from space 4096K, 0% used [0x00000000ec800000,0x00000000ec800000,0x00000000ecc00000)
  to   space 4096K, 0% used [0x00000000ec400000,0x00000000ec400000,0x00000000ec800000)
 ParOldGen       total 68608K, used 0K [0x00000000c0000000, 0x00000000c4300000, 0x00000000eab00000)
  object space 68608K, 0% used [0x00000000c0000000,0x00000000c0000000,0x00000000c4300000)
 Metaspace       used 10028K, committed 10240K, reserved 1064960K
  class space    used 988K, committed 1088K, reserved 1048576K

Card table byte_map: [0x000001c5837f0000,0x000001c583a00000] _byte_map_base: 0x000001c5831f0000

Marking Bits: (ParMarkBitMap*) 0x00007ff9f9a13e70
 Begin Bits: [0x000001c595ad0000, 0x000001c596ad0000)
 End Bits:   [0x000001c596ad0000, 0x000001c597ad0000)

Polling page: 0x000001c581d80000

Metaspace:

Usage:
  Non-class:      8.83 MB used.
      Class:    988.77 KB used.
       Both:      9.79 MB used.

Virtual space:
  Non-class space:       16.00 MB reserved,       8.94 MB ( 56%) committed,  2 nodes.
      Class space:        1.00 GB reserved,       1.06 MB ( <1%) committed,  1 nodes.
             Both:        1.02 GB reserved,      10.00 MB ( <1%) committed. 

Chunk freelists:
   Non-Class:  2.61 MB
       Class:  2.99 MB
        Both:  5.60 MB

MaxMetaspaceSize: unlimited
CompressedClassSpaceSize: 1.00 GB
Initial GC threshold: 21.00 MB
Current GC threshold: 21.00 MB
CDS: off
MetaspaceReclaimPolicy: balanced
 - commit_granule_bytes: 65536.
 - commit_granule_words: 8192.
 - virtual_space_node_default_size: 1048576.
 - enlarge_chunks_in_place: 1.
 - new_chunks_are_fully_committed: 0.
 - uncommit_free_chunks: 1.
 - use_allocation_guard: 0.
 - handle_deallocations: 1.


Internal statistics:

num_allocs_failed_limit: 0.
num_arena_births: 16.
num_arena_deaths: 0.
num_vsnodes_births: 3.
num_vsnodes_deaths: 0.
num_space_committed: 160.
num_space_uncommitted: 0.
num_chunks_returned_to_freelist: 0.
num_chunks_taken_from_freelist: 68.
num_chunk_merges: 0.
num_chunk_splits: 41.
num_chunks_enlarged: 35.
num_purges: 0.
num_inconsistent_stats: 0.

CodeHeap 'non-profiled nmethods': size=120000Kb used=315Kb max_used=315Kb free=119685Kb
 bounds [0x000001c58e5a0000, 0x000001c58e810000, 0x000001c595ad0000]
CodeHeap 'profiled nmethods': size=120000Kb used=1297Kb max_used=1297Kb free=118702Kb
 bounds [0x000001c586ad0000, 0x000001c586d40000, 0x000001c58e000000]
CodeHeap 'non-nmethods': size=5760Kb used=1150Kb max_used=1181Kb free=4610Kb
 bounds [0x000001c58e000000, 0x000001c58e270000, 0x000001c58e5a0000]
 total_blobs=1228 nmethods=799 adapters=344
 compilation: enabled
              stopped_count=0, restarted_count=0
 full_count=0

Compilation events (20 events):
Event: 0.909 Thread 0x000001c59973edc0  791       3       java.util.AbstractCollection::addAll (42 bytes)
Event: 0.910 Thread 0x000001c59973edc0 nmethod 791 0x000001c586c0eb10 code [0x000001c586c0ed00, 0x000001c586c0f218]
Event: 0.910 Thread 0x000001c59973edc0  792       3       jdk.internal.jimage.ImageStringsReader::match (11 bytes)
Event: 0.910 Thread 0x000001c59973edc0 nmethod 792 0x000001c586c0f390 code [0x000001c586c0f540, 0x000001c586c0f708]
Event: 0.910 Thread 0x000001c59973edc0  793       3       jdk.internal.jimage.BasicImageReader::match (37 bytes)
Event: 0.910 Thread 0x000001c59973edc0 nmethod 793 0x000001c586c0f810 code [0x000001c586c0f9e0, 0x000001c586c0fc78]
Event: 0.910 Thread 0x000001c59973edc0  794       3       jdk.internal.jimage.BasicImageReader::getLocationIndex (52 bytes)
Event: 0.910 Thread 0x000001c59973edc0 nmethod 794 0x000001c586c0fd90 code [0x000001c586c0ff80, 0x000001c586c10418]
Event: 0.910 Thread 0x000001c59973edc0  795       3       jdk.internal.jimage.ImageStringsReader::hashCode (8 bytes)
Event: 0.910 Thread 0x000001c59973edc0 nmethod 795 0x000001c586c10690 code [0x000001c586c10840, 0x000001c586c109f8]
Event: 0.910 Thread 0x000001c59973edc0  796       3       jdk.internal.module.SystemModuleFinders$SystemModuleReader::find (59 bytes)
Event: 0.911 Thread 0x000001c59973edc0 nmethod 796 0x000001c586c10b10 code [0x000001c586c10dc0, 0x000001c586c11868]
Event: 0.911 Thread 0x000001c59973edc0  797       3       jdk.internal.module.SystemModuleFinders$SystemModuleReader::containsImageLocation (42 bytes)
Event: 0.913 Thread 0x000001c59973edc0 nmethod 797 0x000001c586c11c90 code [0x000001c586c11ea0, 0x000001c586c12538]
Event: 0.913 Thread 0x000001c59973edc0  798       3       java.lang.StringConcatHelper::newArray (40 bytes)
Event: 0.913 Thread 0x000001c5998e7640 nmethod 750 0x000001c58e5ea690 code [0x000001c58e5ea880, 0x000001c58e5eb2b8]
Event: 0.913 Thread 0x000001c59973edc0 nmethod 798 0x000001c586c12810 code [0x000001c586c129e0, 0x000001c586c12d18]
Event: 0.913 Thread 0x000001c5998e7640  777       4       sun.security.provider.SHA5::implCompress0 (346 bytes)
Event: 0.913 Thread 0x000001c59973a700 nmethod 746 0x000001c58e5eb990 code [0x000001c58e5ebbe0, 0x000001c58e5ed070]
Event: 0.914 Thread 0x000001c59973a700  751       4       java.util.jar.Manifest$FastInputStream::readLine (9 bytes)

GC Heap History (0 events):
No events

Dll operation events (8 events):
Event: 0.008 Loaded shared library c:\Users\Umar Shahid\.vscode\extensions\redhat.java-1.16.0-win32-x64\jre\17.0.6-win32-x86_64\bin\java.dll
Event: 0.189 Loaded shared library c:\Users\Umar Shahid\.vscode\extensions\redhat.java-1.16.0-win32-x64\jre\17.0.6-win32-x86_64\bin\zip.dll
Event: 0.191 Loaded shared library C:\Users\Umar Shahid\.vscode\extensions\redhat.java-1.16.0-win32-x64\jre\17.0.6-win32-x86_64\bin\instrument.dll
Event: 0.205 Loaded shared library C:\Users\Umar Shahid\.vscode\extensions\redhat.java-1.16.0-win32-x64\jre\17.0.6-win32-x86_64\bin\net.dll
Event: 0.207 Loaded shared library C:\Users\Umar Shahid\.vscode\extensions\redhat.java-1.16.0-win32-x64\jre\17.0.6-win32-x86_64\bin\nio.dll
Event: 0.217 Loaded shared library C:\Users\Umar Shahid\.vscode\extensions\redhat.java-1.16.0-win32-x64\jre\17.0.6-win32-x86_64\bin\zip.dll
Event: 0.238 Loaded shared library C:\Users\Umar Shahid\.vscode\extensions\redhat.java-1.16.0-win32-x64\jre\17.0.6-win32-x86_64\bin\jimage.dll
Event: 0.305 Loaded shared library c:\Users\Umar Shahid\.vscode\extensions\redhat.java-1.16.0-win32-x64\jre\17.0.6-win32-x86_64\bin\verify.dll

Deoptimization events (20 events):
Event: 0.800 Thread 0x000001c583e4e3b0 DEOPT PACKING pc=0x000001c586b8c0da sp=0x00000064939f88e0
Event: 0.800 Thread 0x000001c583e4e3b0 DEOPT UNPACKING pc=0x000001c58e05a9e3 sp=0x00000064939f7d38 mode 0
Event: 0.899 Thread 0x000001c583e4e3b0 DEOPT PACKING pc=0x000001c586bca4e1 sp=0x00000064939fcd40
Event: 0.899 Thread 0x000001c583e4e3b0 DEOPT UNPACKING pc=0x000001c58e05a9e3 sp=0x00000064939fc1c8 mode 0
Event: 0.899 Thread 0x000001c583e4e3b0 DEOPT PACKING pc=0x000001c586bca4e1 sp=0x00000064939fcd40
Event: 0.899 Thread 0x000001c583e4e3b0 DEOPT UNPACKING pc=0x000001c58e05a9e3 sp=0x00000064939fc1c8 mode 0
Event: 0.900 Thread 0x000001c583e4e3b0 DEOPT PACKING pc=0x000001c586bca4e1 sp=0x00000064939fcd40
Event: 0.900 Thread 0x000001c583e4e3b0 DEOPT UNPACKING pc=0x000001c58e05a9e3 sp=0x00000064939fc1c8 mode 0
Event: 0.900 Thread 0x000001c583e4e3b0 DEOPT PACKING pc=0x000001c586bca4e1 sp=0x00000064939fcd40
Event: 0.900 Thread 0x000001c583e4e3b0 DEOPT UNPACKING pc=0x000001c58e05a9e3 sp=0x00000064939fc1c8 mode 0
Event: 0.901 Thread 0x000001c583e4e3b0 DEOPT PACKING pc=0x000001c586bca4e1 sp=0x00000064939fcd40
Event: 0.901 Thread 0x000001c583e4e3b0 DEOPT UNPACKING pc=0x000001c58e05a9e3 sp=0x00000064939fc1c8 mode 0
Event: 0.901 Thread 0x000001c583e4e3b0 DEOPT PACKING pc=0x000001c586bca4e1 sp=0x00000064939fcd40
Event: 0.901 Thread 0x000001c583e4e3b0 DEOPT UNPACKING pc=0x000001c58e05a9e3 sp=0x00000064939fc1c8 mode 0
Event: 0.901 Thread 0x000001c583e4e3b0 DEOPT PACKING pc=0x000001c586bca4e1 sp=0x00000064939fcd40
Event: 0.901 Thread 0x000001c583e4e3b0 DEOPT UNPACKING pc=0x000001c58e05a9e3 sp=0x00000064939fc1c8 mode 0
Event: 0.901 Thread 0x000001c583e4e3b0 DEOPT PACKING pc=0x000001c586bca4e1 sp=0x00000064939fcd40
Event: 0.901 Thread 0x000001c583e4e3b0 DEOPT UNPACKING pc=0x000001c58e05a9e3 sp=0x00000064939fc1c8 mode 0
Event: 0.902 Thread 0x000001c583e4e3b0 DEOPT PACKING pc=0x000001c586bca4e1 sp=0x00000064939fcd40
Event: 0.902 Thread 0x000001c583e4e3b0 DEOPT UNPACKING pc=0x000001c58e05a9e3 sp=0x00000064939fc1c8 mode 0

Classes unloaded (0 events):
No events

Classes redefined (0 events):
No events

Internal exceptions (8 events):
Event: 0.158 Thread 0x000001c583e4e3b0 Exception <a 'java/lang/NoSuchMethodError'{0x00000000eacb2660}: 'void java.lang.invoke.DirectMethodHandle$Holder.invokeStatic(java.lang.Object, java.lang.Object, java.lang.Object)'> (0x00000000eacb2660) 
thrown [s\src\hotspot\share\interpreter\linkResolver.cpp, line 759]
Event: 0.324 Thread 0x000001c583e4e3b0 Exception <a 'java/lang/reflect/InvocationTargetException'{0x00000000eaf87ee0}> (0x00000000eaf87ee0) 
thrown [s\src\hotspot\share\runtime\reflection.cpp, line 1121]
Event: 0.648 Thread 0x000001c583e4e3b0 Exception <a 'java/lang/ClassNotFoundException'{0x00000000eb799360}: sun/net/www/protocol/c/Handler> (0x00000000eb799360) 
thrown [s\src\hotspot\share\classfile\systemDictionary.cpp, line 256]
Event: 0.654 Thread 0x000001c583e4e3b0 Exception <a 'java/io/FileNotFoundException'{0x00000000eb7acf38}> (0x00000000eb7acf38) 
thrown [s\src\hotspot\share\prims\jni.cpp, line 516]
Event: 0.654 Thread 0x000001c583e4e3b0 Exception <a 'java/io/FileNotFoundException'{0x00000000eb7adc88}> (0x00000000eb7adc88) 
thrown [s\src\hotspot\share\prims\jni.cpp, line 516]
Event: 0.654 Thread 0x000001c583e4e3b0 Exception <a 'java/io/FileNotFoundException'{0x00000000eb7ae9b8}> (0x00000000eb7ae9b8) 
thrown [s\src\hotspot\share\prims\jni.cpp, line 516]
Event: 0.654 Thread 0x000001c583e4e3b0 Exception <a 'java/io/FileNotFoundException'{0x00000000eb7af6c0}> (0x00000000eb7af6c0) 
thrown [s\src\hotspot\share\prims\jni.cpp, line 516]
Event: 0.661 Thread 0x000001c583e4e3b0 Exception <a 'java/io/FileNotFoundException'{0x00000000eb7f0238}> (0x00000000eb7f0238) 
thrown [s\src\hotspot\share\prims\jni.cpp, line 516]

VM Operations (8 events):
Event: 0.165 Executing VM operation: HandshakeAllThreads
Event: 0.165 Executing VM operation: HandshakeAllThreads done
Event: 0.265 Executing VM operation: HandshakeAllThreads
Event: 0.265 Executing VM operation: HandshakeAllThreads done
Event: 0.612 Executing VM operation: HandshakeAllThreads
Event: 0.612 Executing VM operation: HandshakeAllThreads done
Event: 0.633 Executing VM operation: HandshakeAllThreads
Event: 0.633 Executing VM operation: HandshakeAllThreads done

Events (20 events):
Event: 0.853 loading class java/lang/reflect/ProxyGenerator$ProxyMethod
Event: 0.853 loading class java/lang/reflect/ProxyGenerator$ProxyMethod done
Event: 0.857 loading class java/lang/reflect/ProxyGenerator$PrimitiveTypeInfo
Event: 0.858 loading class java/lang/reflect/ProxyGenerator$PrimitiveTypeInfo done
Event: 0.858 loading class jdk/internal/org/objectweb/asm/Edge
Event: 0.858 loading class jdk/internal/org/objectweb/asm/Edge done
Event: 0.859 loading class java/lang/reflect/Proxy$ProxyBuilder$1
Event: 0.860 loading class java/lang/reflect/Proxy$ProxyBuilder$1 done
Event: 0.860 loading class java/lang/annotation/Target
Event: 0.860 loading class java/lang/annotation/Target done
Event: 0.863 loading class java/lang/ClassFormatError
Event: 0.863 loading class java/lang/ClassFormatError done
Event: 0.867 loading class java/util/NoSuchElementException
Event: 0.867 loading class java/util/NoSuchElementException done
Event: 0.878 loading class java/net/URLClassLoader$2
Event: 0.878 loading class java/net/URLClassLoader$2 done
Event: 0.906 loading class java/io/BufferedReader
Event: 0.907 loading class java/io/BufferedReader done
Event: 0.907 loading class sun/nio/cs/StreamDecoder
Event: 0.907 loading class sun/nio/cs/StreamDecoder done


Dynamic libraries:
0x00007ff6d64b0000 - 0x00007ff6d64be000 	c:\Users\Umar Shahid\.vscode\extensions\redhat.java-1.16.0-win32-x64\jre\17.0.6-win32-x86_64\bin\java.exe
0x00007ffa6b150000 - 0x00007ffa6b364000 	C:\WINDOWS\SYSTEM32\ntdll.dll
0x00007ffa68fe0000 - 0x00007ffa690a3000 	C:\WINDOWS\System32\KERNEL32.DLL
0x00007ffa68720000 - 0x00007ffa68abc000 	C:\WINDOWS\System32\KERNELBASE.dll
0x00007ffa68cf0000 - 0x00007ffa68e01000 	C:\WINDOWS\System32\ucrtbase.dll
0x00007ffa60380000 - 0x00007ffa60397000 	c:\Users\Umar Shahid\.vscode\extensions\redhat.java-1.16.0-win32-x64\jre\17.0.6-win32-x86_64\bin\jli.dll
0x00007ffa602b0000 - 0x00007ffa602c9000 	c:\Users\Umar Shahid\.vscode\extensions\redhat.java-1.16.0-win32-x64\jre\17.0.6-win32-x86_64\bin\VCRUNTIME140.dll
0x00007ffa6a060000 - 0x00007ffa6a20d000 	C:\WINDOWS\System32\USER32.dll
0x00007ffa68f30000 - 0x00007ffa68f56000 	C:\WINDOWS\System32\win32u.dll
0x00007ffa44de0000 - 0x00007ffa4506e000 	C:\WINDOWS\WinSxS\amd64_microsoft.windows.common-controls_6595b64144ccf1df_6.0.22621.608_none_a9444ca7c10bb01d\COMCTL32.dll
0x00007ffa6ae20000 - 0x00007ffa6ae49000 	C:\WINDOWS\System32\GDI32.dll
0x00007ffa69fb0000 - 0x00007ffa6a057000 	C:\WINDOWS\System32\msvcrt.dll
0x00007ffa68e10000 - 0x00007ffa68f23000 	C:\WINDOWS\System32\gdi32full.dll
0x00007ffa68680000 - 0x00007ffa6871a000 	C:\WINDOWS\System32\msvcp_win.dll
0x00007ffa6b0b0000 - 0x00007ffa6b0e1000 	C:\WINDOWS\System32\IMM32.DLL
0x00007ffa63b30000 - 0x00007ffa63b3c000 	c:\Users\Umar Shahid\.vscode\extensions\redhat.java-1.16.0-win32-x64\jre\17.0.6-win32-x86_64\bin\vcruntime140_1.dll
0x00007ffa54c70000 - 0x00007ffa54d01000 	c:\Users\Umar Shahid\.vscode\extensions\redhat.java-1.16.0-win32-x64\jre\17.0.6-win32-x86_64\bin\msvcp140.dll
0x00007ff9f8e90000 - 0x00007ff9f9ad7000 	c:\Users\Umar Shahid\.vscode\extensions\redhat.java-1.16.0-win32-x64\jre\17.0.6-win32-x86_64\bin\server\jvm.dll
0x00007ffa6a560000 - 0x00007ffa6a60e000 	C:\WINDOWS\System32\ADVAPI32.dll
0x00007ffa692c0000 - 0x00007ffa69364000 	C:\WINDOWS\System32\sechost.dll
0x00007ffa6ae60000 - 0x00007ffa6af75000 	C:\WINDOWS\System32\RPCRT4.dll
0x00007ffa63a90000 - 0x00007ffa63a99000 	C:\WINDOWS\SYSTEM32\WSOCK32.dll
0x00007ffa68f60000 - 0x00007ffa68fd1000 	C:\WINDOWS\System32\WS2_32.dll
0x00007ffa5dcf0000 - 0x00007ffa5dd24000 	C:\WINDOWS\SYSTEM32\WINMM.dll
0x00007ffa5fbc0000 - 0x00007ffa5fbca000 	C:\WINDOWS\SYSTEM32\VERSION.dll
0x00007ffa67690000 - 0x00007ffa676a8000 	C:\WINDOWS\SYSTEM32\kernel.appcore.dll
0x00007ffa634c0000 - 0x00007ffa634ca000 	c:\Users\Umar Shahid\.vscode\extensions\redhat.java-1.16.0-win32-x64\jre\17.0.6-win32-x86_64\bin\jimage.dll
0x00007ffa65f10000 - 0x00007ffa6613e000 	C:\WINDOWS\SYSTEM32\DBGHELP.DLL
0x00007ffa6aa90000 - 0x00007ffa6ae19000 	C:\WINDOWS\System32\combase.dll
0x00007ffa69670000 - 0x00007ffa69747000 	C:\WINDOWS\System32\OLEAUT32.dll
0x00007ffa47080000 - 0x00007ffa470b2000 	C:\WINDOWS\SYSTEM32\dbgcore.DLL
0x00007ffa68600000 - 0x00007ffa6867b000 	C:\WINDOWS\System32\bcryptPrimitives.dll
0x00007ffa5df90000 - 0x00007ffa5df9e000 	c:\Users\Umar Shahid\.vscode\extensions\redhat.java-1.16.0-win32-x64\jre\17.0.6-win32-x86_64\bin\instrument.dll
0x00007ffa56e00000 - 0x00007ffa56e25000 	c:\Users\Umar Shahid\.vscode\extensions\redhat.java-1.16.0-win32-x64\jre\17.0.6-win32-x86_64\bin\java.dll
0x00007ffa56de0000 - 0x00007ffa56df8000 	c:\Users\Umar Shahid\.vscode\extensions\redhat.java-1.16.0-win32-x64\jre\17.0.6-win32-x86_64\bin\zip.dll
0x00007ffa697c0000 - 0x00007ffa69fb0000 	C:\WINDOWS\System32\SHELL32.dll
0x00007ffa66560000 - 0x00007ffa66e2e000 	C:\WINDOWS\SYSTEM32\windows.storage.dll
0x00007ffa66420000 - 0x00007ffa6655e000 	C:\WINDOWS\SYSTEM32\wintypes.dll
0x00007ffa6a440000 - 0x00007ffa6a531000 	C:\WINDOWS\System32\SHCORE.dll
0x00007ffa69470000 - 0x00007ffa694ce000 	C:\WINDOWS\System32\shlwapi.dll
0x00007ffa684c0000 - 0x00007ffa684e1000 	C:\WINDOWS\SYSTEM32\profapi.dll
0x00007ffa56470000 - 0x00007ffa56489000 	C:\Users\Umar Shahid\.vscode\extensions\redhat.java-1.16.0-win32-x64\jre\17.0.6-win32-x86_64\bin\net.dll
0x00007ffa61f80000 - 0x00007ffa620af000 	C:\WINDOWS\SYSTEM32\WINHTTP.dll
0x00007ffa67af0000 - 0x00007ffa67b59000 	C:\WINDOWS\system32\mswsock.dll
0x00007ffa55ce0000 - 0x00007ffa55cf5000 	C:\Users\Umar Shahid\.vscode\extensions\redhat.java-1.16.0-win32-x64\jre\17.0.6-win32-x86_64\bin\nio.dll
0x00007ffa5b060000 - 0x00007ffa5b070000 	c:\Users\Umar Shahid\.vscode\extensions\redhat.java-1.16.0-win32-x64\jre\17.0.6-win32-x86_64\bin\verify.dll

dbghelp: loaded successfully - version: 4.0.5 - missing functions: none
symbol engine: initialized successfully - sym options: 0x614 - pdb path: .;c:\Users\Umar Shahid\.vscode\extensions\redhat.java-1.16.0-win32-x64\jre\17.0.6-win32-x86_64\bin;C:\WINDOWS\SYSTEM32;C:\WINDOWS\WinSxS\amd64_microsoft.windows.common-controls_6595b64144ccf1df_6.0.22621.608_none_a9444ca7c10bb01d;c:\Users\Umar Shahid\.vscode\extensions\redhat.java-1.16.0-win32-x64\jre\17.0.6-win32-x86_64\bin\server

VM Arguments:
jvm_args: --add-modules=ALL-SYSTEM --add-opens=java.base/java.util=ALL-UNNAMED --add-opens=java.base/java.lang=ALL-UNNAMED --add-opens=java.base/sun.nio.fs=ALL-UNNAMED -Declipse.application=org.eclipse.jdt.ls.core.id1 -Dosgi.bundles.defaultStartLevel=4 -Declipse.product=org.eclipse.jdt.ls.core.product -Djava.import.generatesMetadataFilesAtProjectRoot=false -Dfile.encoding=utf8 -XX:+UseParallelGC -XX:GCTimeRatio=4 -XX:AdaptiveSizePolicyWeight=90 -Dsun.zip.disableMemoryMapping=true -Xmx1G -Xms100m -Xlog:disable -javaagent:c:\Users\Umar Shahid\.vscode\extensions\redhat.java-1.16.0-win32-x64\lombok\lombok-1.18.24.jar 
java_command: c:\Users\Umar Shahid\.vscode\extensions\redhat.java-1.16.0-win32-x64\server\plugins\org.eclipse.equinox.launcher_1.6.400.v20210924-0641.jar -configuration c:\Users\Umar Shahid\AppData\Roaming\Code\User\globalStorage\redhat.java\1.16.0\config_ss_win -data c:\Users\Umar Shahid\AppData\Roaming\Code\User\workspaceStorage\782bad3ec2d9e571c18b2aa3aee009ff\redhat.java\ss_ws
java_class_path (initial): c:\Users\Umar Shahid\.vscode\extensions\redhat.java-1.16.0-win32-x64\server\plugins\org.eclipse.equinox.launcher_1.6.400.v20210924-0641.jar
Launcher Type: SUN_STANDARD

[Global flags]
    uintx AdaptiveSizePolicyWeight                 = 90                                        {product} {command line}
     intx CICompilerCount                          = 4                                         {product} {ergonomic}
    uintx GCTimeRatio                              = 4                                         {product} {command line}
   size_t InitialHeapSize                          = 104857600                                 {product} {command line}
   size_t MaxHeapSize                              = 1073741824                                {product} {command line}
   size_t MaxNewSize                               = 357564416                                 {product} {ergonomic}
   size_t MinHeapDeltaBytes                        = 524288                                    {product} {ergonomic}
   size_t MinHeapSize                              = 104857600                                 {product} {command line}
   size_t NewSize                                  = 34603008                                  {product} {ergonomic}
    uintx NonNMethodCodeHeapSize                   = 5839372                                {pd product} {ergonomic}
    uintx NonProfiledCodeHeapSize                  = 122909434                              {pd product} {ergonomic}
   size_t OldSize                                  = 70254592                                  {product} {ergonomic}
    uintx ProfiledCodeHeapSize                     = 122909434                              {pd product} {ergonomic}
    uintx ReservedCodeCacheSize                    = 251658240                              {pd product} {ergonomic}
     bool SegmentedCodeCache                       = true                                      {product} {ergonomic}
   size_t SoftMaxHeapSize                          = 1073741824                             {manageable} {ergonomic}
     bool UseCompressedClassPointers               = true                           {product lp64_product} {ergonomic}
     bool UseCompressedOops                        = true                           {product lp64_product} {ergonomic}
     bool UseLargePagesIndividualAllocation        = false                                  {pd product} {ergonomic}
     bool UseParallelGC                            = true                                      {product} {command line}

Logging:
Log output configuration:
 #0: stdout all=off uptime,level,tags
 #1: stderr all=off uptime,level,tags

Environment Variables:
JAVA_HOME=C:\Program Files\Java\jdk-19
PATH=C:\Program Files\Common Files\Oracle\Java\javapath;C:\WINDOWS\system32;C:\WINDOWS;C:\WINDOWS\System32\Wbem;C:\WINDOWS\System32\WindowsPowerShell\v1.0\;C:\WINDOWS\System32\OpenSSH\;C:\Program Files (x86)\NVIDIA Corporation\PhysX\Common;C:\Program Files\NVIDIA Corporation\NVIDIA NvDLISR;C:\Program Files\Java\jdk-19\bin;C:\Program Files\dotnet\;C:\Program Files\nodejs\;C:\Program Files\Azure Data Studio\bin;C:\Program Files (x86)\Microsoft SQL Server\160\Tools\Binn\;C:\Program Files\Microsoft SQL Server\160\Tools\Binn\;C:\Program Files\Microsoft SQL Server\Client SDK\ODBC\170\Tools\Binn\;C:\Program Files\Microsoft SQL Server\160\DTS\Binn\;C:\Program Files (x86)\Microsoft SQL Server\160\DTS\Binn\;C:\MinGW\bin;;%SystemRoot%\system32;%SystemRoot%;%SystemRoot%\System32\Wbem;%SYSTEMROOT%\System32\WindowsPowerShell\v1.0\;%SYSTEMROOT%\System32\OpenSSH\;C:\Users\Umar Shahid\AppData\Local\Microsoft\WindowsApps;C:\Users\Umar Shahid\AppData\Local\Programs\Microsoft VS Code\bin;C:\msys64\mingw64\bin;C:\Program Files\JetBrains\IntelliJ IDEA Community Edition 2022.2.4\bin;;C:\Users\Umar Shahid\AppData\Local\GitHubDesktop\bin;C:\Users\Umar Shahid\AppData\Roaming\npm;C:\Program Files\Azure Data Studio\bin;
USERNAME=Umar Shahid
OS=Windows_NT
PROCESSOR_IDENTIFIER=Intel64 Family 6 Model 140 Stepping 1, GenuineIntel
TMP=C:\Users\UMARSH~1\AppData\Local\Temp
TEMP=C:\Users\UMARSH~1\AppData\Local\Temp



---------------  S Y S T E M  ---------------

OS:
 Windows 11 , 64 bit Build 22621 (10.0.22621.1344)
OS uptime: 2 days 12:30 hours
Hyper-V role detected

CPU: total 8 (initial active 8) (4 cores per cpu, 2 threads per core) family 6 model 140 stepping 1 microcode 0xa4, cx8, cmov, fxsr, ht, mmx, 3dnowpref, sse, sse2, sse3, ssse3, sse4.1, sse4.2, popcnt, lzcnt, tsc, tscinvbit, avx, avx2, aes, erms, clmul, bmi1, bmi2, adx, avx512f, avx512dq, avx512cd, avx512bw, avx512vl, sha, fma, vzeroupper, avx512_vpopcntdq, avx512_vpclmulqdq, avx512_vaes, avx512_vnni, clflush, clflushopt, clwb, avx512_vbmi2, avx512_vbmi, hv

Memory: 4k page, system-wide physical 7918M (552M free)
TotalPageFile size 10745M (AvailPageFile size 5M)
current process WorkingSet (physical memory assigned to process): 68M, peak: 68M
current process commit charge ("private bytes"): 198M, peak: 199M

vm_info: OpenJDK 64-Bit Server VM (17.0.6+10) for windows-amd64 JRE (17.0.6+10), built on Jan 18 2023 10:08:59 by "temurin" with MS VC++ 16.7 (VS2019)

END.
